14:02:52  INFO  manager.ApplicationManager - Tests starts on Chrome Driver
14:02:54  INFO  tests.TestBase - Start test --> addNewContactTest
14:02:54  INFO  manager.MyListener - Start search element by locator-->By.xpath: //button[text()='Sign Out']
14:03:04  INFO  manager.MyListener - The element with locator-->By.xpath: //button[text()='Sign Out']was found
14:03:04  INFO  manager.MyListener - Start search element by locator-->By.xpath: //a[text()='LOGIN']
14:03:04  INFO  manager.MyListener - The element with locator-->By.xpath: //a[text()='LOGIN']was found
14:03:04  INFO  manager.MyListener - Click on element--->[[ChromeDriver: chrome on WINDOWS (62dfab81e931cfcdc08775a50b24ecbd)] -> xpath: //a[text()='LOGIN']]
14:03:04  INFO  manager.MyListener - Start search element by locator-->By.xpath: //input[1]
14:03:04  INFO  manager.MyListener - The element with locator-->By.xpath: //input[1]was found
14:03:04  INFO  manager.MyListener - Click on element--->[[ChromeDriver: chrome on WINDOWS (62dfab81e931cfcdc08775a50b24ecbd)] -> xpath: //input[1]]
14:03:04  INFO  manager.MyListener - Start search element by locator-->By.xpath: //input[2]
14:03:04  INFO  manager.MyListener - The element with locator-->By.xpath: //input[2]was found
14:03:04  INFO  manager.MyListener - Click on element--->[[ChromeDriver: chrome on WINDOWS (62dfab81e931cfcdc08775a50b24ecbd)] -> xpath: //input[2]]
14:03:04  INFO  manager.MyListener - Start search element by locator-->By.xpath: //button[1]
14:03:04  INFO  manager.MyListener - The element with locator-->By.xpath: //button[1]was found
14:03:04  INFO  manager.MyListener - Click on element--->[[ChromeDriver: chrome on WINDOWS (62dfab81e931cfcdc08775a50b24ecbd)] -> xpath: //button[1]]
14:03:04  INFO  manager.MyListener - Start search element by locator-->By.xpath: //a[.='ADD']
14:03:05  INFO  manager.MyListener - The element with locator-->By.xpath: //a[.='ADD']was found
14:03:05  INFO  manager.MyListener - Click on element--->[[ChromeDriver: chrome on WINDOWS (62dfab81e931cfcdc08775a50b24ecbd)] -> xpath: //a[.='ADD']]
14:03:05  INFO  manager.MyListener - Start search element by locator-->By.cssSelector: [placeholder='Name']
14:03:05  INFO  manager.MyListener - The element with locator-->By.cssSelector: [placeholder='Name']was found
14:03:05  INFO  manager.MyListener - Click on element--->[[ChromeDriver: chrome on WINDOWS (62dfab81e931cfcdc08775a50b24ecbd)] -> css selector: [placeholder='Name']]
14:03:05  INFO  manager.MyListener - Start search element by locator-->By.cssSelector: [placeholder='Last Name']
14:03:05  INFO  manager.MyListener - The element with locator-->By.cssSelector: [placeholder='Last Name']was found
14:03:05  INFO  manager.MyListener - Click on element--->[[ChromeDriver: chrome on WINDOWS (62dfab81e931cfcdc08775a50b24ecbd)] -> css selector: [placeholder='Last Name']]
14:03:05  INFO  manager.MyListener - Start search element by locator-->By.cssSelector: [placeholder='Phone']
14:03:05  INFO  manager.MyListener - The element with locator-->By.cssSelector: [placeholder='Phone']was found
14:03:06  INFO  manager.MyListener - Click on element--->[[ChromeDriver: chrome on WINDOWS (62dfab81e931cfcdc08775a50b24ecbd)] -> css selector: [placeholder='Phone']]
14:03:06  INFO  manager.MyListener - Start search element by locator-->By.cssSelector: [placeholder='email']
14:03:06  INFO  manager.MyListener - The element with locator-->By.cssSelector: [placeholder='email']was found
14:03:06  INFO  manager.MyListener - Click on element--->[[ChromeDriver: chrome on WINDOWS (62dfab81e931cfcdc08775a50b24ecbd)] -> css selector: [placeholder='email']]
14:03:06  INFO  manager.MyListener - Start search element by locator-->By.cssSelector: [placeholder='Address']
14:03:06  INFO  manager.MyListener - The element with locator-->By.cssSelector: [placeholder='Address']was found
14:03:06  INFO  manager.MyListener - Click on element--->[[ChromeDriver: chrome on WINDOWS (62dfab81e931cfcdc08775a50b24ecbd)] -> css selector: [placeholder='Address']]
14:03:06  INFO  manager.MyListener - Start search element by locator-->By.cssSelector: [placeholder='description']
14:03:06  INFO  manager.MyListener - The element with locator-->By.cssSelector: [placeholder='description']was found
14:03:06  INFO  manager.MyListener - Click on element--->[[ChromeDriver: chrome on WINDOWS (62dfab81e931cfcdc08775a50b24ecbd)] -> css selector: [placeholder='description']]
14:03:06  INFO  manager.MyListener - Start search element by locator-->By.xpath: //button[.='Save']
14:03:06  INFO  manager.MyListener - The element with locator-->By.xpath: //button[.='Save']was found
14:03:06  INFO  manager.MyListener - Click on element--->[[ChromeDriver: chrome on WINDOWS (62dfab81e931cfcdc08775a50b24ecbd)] -> xpath: //button[.='Save']]
14:03:06  INFO  manager.MyListener - Start search element by locator-->By.xpath: (//div[@class='contact-item_card__2SOIM'])
14:03:07  INFO  manager.MyListener - The element with locator-->By.xpath: (//div[@class='contact-item_card__2SOIM'])was found
14:03:07  INFO  tests.TestBase - ================================================================
14:03:07  INFO  tests.TestBase - Start test --> addNewContactTest
14:03:07  INFO  manager.MyListener - Start search element by locator-->By.xpath: //button[text()='Sign Out']
14:03:07  INFO  manager.MyListener - The element with locator-->By.xpath: //button[text()='Sign Out']was found
14:03:07  INFO  manager.MyListener - Start search element by locator-->By.xpath: //a[.='ADD']
14:03:07  INFO  manager.MyListener - The element with locator-->By.xpath: //a[.='ADD']was found
14:03:07  INFO  manager.MyListener - Click on element--->[[ChromeDriver: chrome on WINDOWS (62dfab81e931cfcdc08775a50b24ecbd)] -> xpath: //a[.='ADD']]
14:03:07  INFO  manager.MyListener - Start search element by locator-->By.cssSelector: [placeholder='Name']
14:03:07  INFO  manager.MyListener - The element with locator-->By.cssSelector: [placeholder='Name']was found
14:03:07  INFO  manager.MyListener - Click on element--->[[ChromeDriver: chrome on WINDOWS (62dfab81e931cfcdc08775a50b24ecbd)] -> css selector: [placeholder='Name']]
14:03:07  INFO  manager.MyListener - Start search element by locator-->By.cssSelector: [placeholder='Last Name']
14:03:07  INFO  manager.MyListener - The element with locator-->By.cssSelector: [placeholder='Last Name']was found
14:03:07  INFO  manager.MyListener - Click on element--->[[ChromeDriver: chrome on WINDOWS (62dfab81e931cfcdc08775a50b24ecbd)] -> css selector: [placeholder='Last Name']]
14:03:07  INFO  manager.MyListener - Start search element by locator-->By.cssSelector: [placeholder='Phone']
14:03:07  INFO  manager.MyListener - The element with locator-->By.cssSelector: [placeholder='Phone']was found
14:03:07  INFO  manager.MyListener - Click on element--->[[ChromeDriver: chrome on WINDOWS (62dfab81e931cfcdc08775a50b24ecbd)] -> css selector: [placeholder='Phone']]
14:03:07  INFO  manager.MyListener - Start search element by locator-->By.cssSelector: [placeholder='email']
14:03:07  INFO  manager.MyListener - The element with locator-->By.cssSelector: [placeholder='email']was found
14:03:08  INFO  manager.MyListener - Click on element--->[[ChromeDriver: chrome on WINDOWS (62dfab81e931cfcdc08775a50b24ecbd)] -> css selector: [placeholder='email']]
14:03:08  INFO  manager.MyListener - Start search element by locator-->By.cssSelector: [placeholder='Address']
14:03:08  INFO  manager.MyListener - The element with locator-->By.cssSelector: [placeholder='Address']was found
14:03:08  INFO  manager.MyListener - Click on element--->[[ChromeDriver: chrome on WINDOWS (62dfab81e931cfcdc08775a50b24ecbd)] -> css selector: [placeholder='Address']]
14:03:08  INFO  manager.MyListener - Start search element by locator-->By.cssSelector: [placeholder='description']
14:03:08  INFO  manager.MyListener - The element with locator-->By.cssSelector: [placeholder='description']was found
14:03:08  INFO  manager.MyListener - Click on element--->[[ChromeDriver: chrome on WINDOWS (62dfab81e931cfcdc08775a50b24ecbd)] -> css selector: [placeholder='description']]
14:03:08  INFO  manager.MyListener - Start search element by locator-->By.xpath: //button[.='Save']
14:03:08  INFO  manager.MyListener - The element with locator-->By.xpath: //button[.='Save']was found
14:03:08  INFO  manager.MyListener - Click on element--->[[ChromeDriver: chrome on WINDOWS (62dfab81e931cfcdc08775a50b24ecbd)] -> xpath: //button[.='Save']]
14:03:08  INFO  manager.MyListener - Start search element by locator-->By.xpath: (//div[@class='contact-item_card__2SOIM'])
14:03:08  INFO  manager.MyListener - The element with locator-->By.xpath: (//div[@class='contact-item_card__2SOIM'])was found
14:03:08  INFO  tests.TestBase - ================================================================
14:03:08  INFO  tests.TestBase - Start test --> addNewContactTest
14:03:08  INFO  manager.MyListener - Start search element by locator-->By.xpath: //button[text()='Sign Out']
14:03:08  INFO  manager.MyListener - The element with locator-->By.xpath: //button[text()='Sign Out']was found
14:03:08  INFO  manager.MyListener - Start search element by locator-->By.xpath: //a[.='ADD']
14:03:09  INFO  manager.MyListener - The element with locator-->By.xpath: //a[.='ADD']was found
14:03:09  INFO  manager.MyListener - Click on element--->[[ChromeDriver: chrome on WINDOWS (62dfab81e931cfcdc08775a50b24ecbd)] -> xpath: //a[.='ADD']]
14:03:09  INFO  manager.MyListener - Start search element by locator-->By.cssSelector: [placeholder='Name']
14:03:09  INFO  manager.MyListener - The element with locator-->By.cssSelector: [placeholder='Name']was found
14:03:09  INFO  manager.MyListener - Click on element--->[[ChromeDriver: chrome on WINDOWS (62dfab81e931cfcdc08775a50b24ecbd)] -> css selector: [placeholder='Name']]
14:03:09  INFO  manager.MyListener - Start search element by locator-->By.cssSelector: [placeholder='Last Name']
14:03:09  INFO  manager.MyListener - The element with locator-->By.cssSelector: [placeholder='Last Name']was found
14:03:09  INFO  manager.MyListener - Click on element--->[[ChromeDriver: chrome on WINDOWS (62dfab81e931cfcdc08775a50b24ecbd)] -> css selector: [placeholder='Last Name']]
14:03:09  INFO  manager.MyListener - Start search element by locator-->By.cssSelector: [placeholder='Phone']
14:03:09  INFO  manager.MyListener - The element with locator-->By.cssSelector: [placeholder='Phone']was found
14:03:09  INFO  manager.MyListener - Click on element--->[[ChromeDriver: chrome on WINDOWS (62dfab81e931cfcdc08775a50b24ecbd)] -> css selector: [placeholder='Phone']]
14:03:09  INFO  manager.MyListener - Start search element by locator-->By.cssSelector: [placeholder='email']
14:03:09  INFO  manager.MyListener - The element with locator-->By.cssSelector: [placeholder='email']was found
14:03:09  INFO  manager.MyListener - Click on element--->[[ChromeDriver: chrome on WINDOWS (62dfab81e931cfcdc08775a50b24ecbd)] -> css selector: [placeholder='email']]
14:03:09  INFO  manager.MyListener - Start search element by locator-->By.cssSelector: [placeholder='Address']
14:03:09  INFO  manager.MyListener - The element with locator-->By.cssSelector: [placeholder='Address']was found
14:03:09  INFO  manager.MyListener - Click on element--->[[ChromeDriver: chrome on WINDOWS (62dfab81e931cfcdc08775a50b24ecbd)] -> css selector: [placeholder='Address']]
14:03:09  INFO  manager.MyListener - Start search element by locator-->By.cssSelector: [placeholder='description']
14:03:09  INFO  manager.MyListener - The element with locator-->By.cssSelector: [placeholder='description']was found
14:03:10  INFO  manager.MyListener - Click on element--->[[ChromeDriver: chrome on WINDOWS (62dfab81e931cfcdc08775a50b24ecbd)] -> css selector: [placeholder='description']]
14:03:10  INFO  manager.MyListener - Start search element by locator-->By.xpath: //button[.='Save']
14:03:10  INFO  manager.MyListener - The element with locator-->By.xpath: //button[.='Save']was found
14:03:10  INFO  manager.MyListener - Click on element--->[[ChromeDriver: chrome on WINDOWS (62dfab81e931cfcdc08775a50b24ecbd)] -> xpath: //button[.='Save']]
14:03:10  INFO  manager.MyListener - Start search element by locator-->By.xpath: (//div[@class='contact-item_card__2SOIM'])
14:03:10  INFO  manager.MyListener - The element with locator-->By.xpath: (//div[@class='contact-item_card__2SOIM'])was found
14:03:10  INFO  tests.TestBase - ================================================================
14:03:10  INFO  tests.TestBase - Start test --> addNewContactTest
14:03:10  INFO  manager.MyListener - Start search element by locator-->By.xpath: //button[text()='Sign Out']
14:03:10  INFO  manager.MyListener - The element with locator-->By.xpath: //button[text()='Sign Out']was found
14:03:10  INFO  manager.MyListener - Start search element by locator-->By.xpath: //a[.='ADD']
14:03:10  INFO  manager.MyListener - The element with locator-->By.xpath: //a[.='ADD']was found
14:03:10  INFO  manager.MyListener - Click on element--->[[ChromeDriver: chrome on WINDOWS (62dfab81e931cfcdc08775a50b24ecbd)] -> xpath: //a[.='ADD']]
14:03:10  INFO  manager.MyListener - Start search element by locator-->By.cssSelector: [placeholder='Name']
14:03:10  INFO  manager.MyListener - The element with locator-->By.cssSelector: [placeholder='Name']was found
14:03:10  INFO  manager.MyListener - Click on element--->[[ChromeDriver: chrome on WINDOWS (62dfab81e931cfcdc08775a50b24ecbd)] -> css selector: [placeholder='Name']]
14:03:10  INFO  manager.MyListener - Start search element by locator-->By.cssSelector: [placeholder='Last Name']
14:03:10  INFO  manager.MyListener - The element with locator-->By.cssSelector: [placeholder='Last Name']was found
14:03:10  INFO  manager.MyListener - Click on element--->[[ChromeDriver: chrome on WINDOWS (62dfab81e931cfcdc08775a50b24ecbd)] -> css selector: [placeholder='Last Name']]
14:03:10  INFO  manager.MyListener - Start search element by locator-->By.cssSelector: [placeholder='Phone']
14:03:10  INFO  manager.MyListener - The element with locator-->By.cssSelector: [placeholder='Phone']was found
14:03:10  INFO  manager.MyListener - Click on element--->[[ChromeDriver: chrome on WINDOWS (62dfab81e931cfcdc08775a50b24ecbd)] -> css selector: [placeholder='Phone']]
14:03:11  INFO  manager.MyListener - Start search element by locator-->By.cssSelector: [placeholder='email']
14:03:11  INFO  manager.MyListener - The element with locator-->By.cssSelector: [placeholder='email']was found
14:03:11  INFO  manager.MyListener - Click on element--->[[ChromeDriver: chrome on WINDOWS (62dfab81e931cfcdc08775a50b24ecbd)] -> css selector: [placeholder='email']]
14:03:11  INFO  manager.MyListener - Start search element by locator-->By.cssSelector: [placeholder='Address']
14:03:11  INFO  manager.MyListener - The element with locator-->By.cssSelector: [placeholder='Address']was found
14:03:11  INFO  manager.MyListener - Click on element--->[[ChromeDriver: chrome on WINDOWS (62dfab81e931cfcdc08775a50b24ecbd)] -> css selector: [placeholder='Address']]
14:03:11  INFO  manager.MyListener - Start search element by locator-->By.cssSelector: [placeholder='description']
14:03:11  INFO  manager.MyListener - The element with locator-->By.cssSelector: [placeholder='description']was found
14:03:11  INFO  manager.MyListener - Click on element--->[[ChromeDriver: chrome on WINDOWS (62dfab81e931cfcdc08775a50b24ecbd)] -> css selector: [placeholder='description']]
14:03:11  INFO  manager.MyListener - Start search element by locator-->By.xpath: //button[.='Save']
14:03:11  INFO  manager.MyListener - The element with locator-->By.xpath: //button[.='Save']was found
14:03:11  INFO  manager.MyListener - Click on element--->[[ChromeDriver: chrome on WINDOWS (62dfab81e931cfcdc08775a50b24ecbd)] -> xpath: //button[.='Save']]
14:03:11  INFO  manager.MyListener - Start search element by locator-->By.xpath: (//div[@class='contact-item_card__2SOIM'])
14:03:12  INFO  manager.MyListener - The element with locator-->By.xpath: (//div[@class='contact-item_card__2SOIM'])was found
14:03:12  INFO  tests.TestBase - ================================================================
14:03:12  INFO  tests.TestBase - Start test --> addNewContactTest
14:03:12  INFO  manager.MyListener - Start search element by locator-->By.xpath: //button[text()='Sign Out']
14:03:12  INFO  manager.MyListener - The element with locator-->By.xpath: //button[text()='Sign Out']was found
14:03:12  INFO  manager.MyListener - Start search element by locator-->By.xpath: //a[.='ADD']
14:03:12  INFO  manager.MyListener - The element with locator-->By.xpath: //a[.='ADD']was found
14:03:12  INFO  manager.MyListener - Click on element--->[[ChromeDriver: chrome on WINDOWS (62dfab81e931cfcdc08775a50b24ecbd)] -> xpath: //a[.='ADD']]
14:03:12  INFO  manager.MyListener - Start search element by locator-->By.cssSelector: [placeholder='Name']
14:03:12  INFO  manager.MyListener - The element with locator-->By.cssSelector: [placeholder='Name']was found
14:03:12  INFO  manager.MyListener - Click on element--->[[ChromeDriver: chrome on WINDOWS (62dfab81e931cfcdc08775a50b24ecbd)] -> css selector: [placeholder='Name']]
14:03:12  INFO  manager.MyListener - Start search element by locator-->By.cssSelector: [placeholder='Last Name']
14:03:12  INFO  manager.MyListener - The element with locator-->By.cssSelector: [placeholder='Last Name']was found
14:03:12  INFO  manager.MyListener - Click on element--->[[ChromeDriver: chrome on WINDOWS (62dfab81e931cfcdc08775a50b24ecbd)] -> css selector: [placeholder='Last Name']]
14:03:12  INFO  manager.MyListener - Start search element by locator-->By.cssSelector: [placeholder='Phone']
14:03:12  INFO  manager.MyListener - The element with locator-->By.cssSelector: [placeholder='Phone']was found
14:03:12  INFO  manager.MyListener - Click on element--->[[ChromeDriver: chrome on WINDOWS (62dfab81e931cfcdc08775a50b24ecbd)] -> css selector: [placeholder='Phone']]
14:03:12  INFO  manager.MyListener - Start search element by locator-->By.cssSelector: [placeholder='email']
14:03:12  INFO  manager.MyListener - The element with locator-->By.cssSelector: [placeholder='email']was found
14:03:12  INFO  manager.MyListener - Click on element--->[[ChromeDriver: chrome on WINDOWS (62dfab81e931cfcdc08775a50b24ecbd)] -> css selector: [placeholder='email']]
14:03:12  INFO  manager.MyListener - Start search element by locator-->By.cssSelector: [placeholder='Address']
14:03:12  INFO  manager.MyListener - The element with locator-->By.cssSelector: [placeholder='Address']was found
14:03:13  INFO  manager.MyListener - Click on element--->[[ChromeDriver: chrome on WINDOWS (62dfab81e931cfcdc08775a50b24ecbd)] -> css selector: [placeholder='Address']]
14:03:13  INFO  manager.MyListener - Start search element by locator-->By.cssSelector: [placeholder='description']
14:03:13  INFO  manager.MyListener - The element with locator-->By.cssSelector: [placeholder='description']was found
14:03:13  INFO  manager.MyListener - Click on element--->[[ChromeDriver: chrome on WINDOWS (62dfab81e931cfcdc08775a50b24ecbd)] -> css selector: [placeholder='description']]
14:03:13  INFO  manager.MyListener - Start search element by locator-->By.xpath: //button[.='Save']
14:03:13  INFO  manager.MyListener - The element with locator-->By.xpath: //button[.='Save']was found
14:03:13  INFO  manager.MyListener - Click on element--->[[ChromeDriver: chrome on WINDOWS (62dfab81e931cfcdc08775a50b24ecbd)] -> xpath: //button[.='Save']]
14:03:13  INFO  manager.MyListener - Start search element by locator-->By.xpath: (//div[@class='contact-item_card__2SOIM'])
14:03:13  INFO  manager.MyListener - The element with locator-->By.xpath: (//div[@class='contact-item_card__2SOIM'])was found
14:03:13  INFO  tests.TestBase - ================================================================
