15:05:59  INFO  manager.ApplicationManager - Tests starts on Chrome Driver
15:06:01  INFO  tests.TestBase - Start test --> removeContactByNumber
15:06:01  INFO  manager.MyListener - Start search element by locator-->By.xpath: //button[text()='Sign Out']
15:06:11  INFO  manager.MyListener - The element with locator-->By.xpath: //button[text()='Sign Out']was found
15:06:11  INFO  manager.MyListener - Start search element by locator-->By.xpath: //a[text()='LOGIN']
15:06:11  INFO  manager.MyListener - The element with locator-->By.xpath: //a[text()='LOGIN']was found
15:06:11  INFO  manager.MyListener - Click on element--->[[ChromeDriver: chrome on WINDOWS (f0636ebb9ccd8bb74e7a725527e5f86c)] -> xpath: //a[text()='LOGIN']]
15:06:11  INFO  manager.MyListener - Start search element by locator-->By.xpath: //input[1]
15:06:11  INFO  manager.MyListener - The element with locator-->By.xpath: //input[1]was found
15:06:11  INFO  manager.MyListener - Click on element--->[[ChromeDriver: chrome on WINDOWS (f0636ebb9ccd8bb74e7a725527e5f86c)] -> xpath: //input[1]]
15:06:11  INFO  manager.MyListener - Start search element by locator-->By.xpath: //input[2]
15:06:11  INFO  manager.MyListener - The element with locator-->By.xpath: //input[2]was found
15:06:11  INFO  manager.MyListener - Click on element--->[[ChromeDriver: chrome on WINDOWS (f0636ebb9ccd8bb74e7a725527e5f86c)] -> xpath: //input[2]]
15:06:11  INFO  manager.MyListener - Start search element by locator-->By.xpath: //button[1]
15:06:11  INFO  manager.MyListener - The element with locator-->By.xpath: //button[1]was found
15:06:11  INFO  manager.MyListener - Click on element--->[[ChromeDriver: chrome on WINDOWS (f0636ebb9ccd8bb74e7a725527e5f86c)] -> xpath: //button[1]]
15:06:11  INFO  manager.MyListener - Start search element by locator-->By.cssSelector: .contact-page_leftdiv__yhyke
15:06:13  INFO  manager.MyListener - The element with locator-->By.cssSelector: .contact-page_leftdiv__yhykewas found
15:06:13  INFO  manager.MyListener - Click on element--->[[ChromeDriver: chrome on WINDOWS (f0636ebb9ccd8bb74e7a725527e5f86c)] -> css selector: .contact-page_leftdiv__yhyke]
15:06:13  INFO  manager.MyListener - Start search element by locator-->By.xpath: //button[text()='Remove']
15:06:13  INFO  manager.MyListener - The element with locator-->By.xpath: //button[text()='Remove']was found
15:06:13  INFO  manager.MyListener - Click on element--->[[ChromeDriver: chrome on WINDOWS (f0636ebb9ccd8bb74e7a725527e5f86c)] -> xpath: //button[text()='Remove']]
15:06:13  INFO  manager.MyListener - Start search element by locator-->By.xpath: //button[text()='Remove']
15:06:13  INFO  manager.MyListener - The element with locator-->By.xpath: //button[text()='Remove']was found
15:06:13  INFO  manager.MyListener - Click on element--->[[ChromeDriver: chrome on WINDOWS (f0636ebb9ccd8bb74e7a725527e5f86c)] -> xpath: //button[text()='Remove']]
15:06:13  INFO  tests.TestBase - ================================================================
