15:35:06  INFO  manager.ApplicationManager - Tests starts on Chrome Driver
15:35:08  INFO  tests.TestBase - Start test --> removeAllContact
15:35:08  INFO  manager.MyListener - Start search element by locator-->By.xpath: //button[text()='Sign Out']
15:35:18  INFO  manager.MyListener - The element with locator-->By.xpath: //button[text()='Sign Out']was found
15:35:18  INFO  manager.MyListener - Start search element by locator-->By.xpath: //a[text()='LOGIN']
15:35:18  INFO  manager.MyListener - The element with locator-->By.xpath: //a[text()='LOGIN']was found
15:35:18  INFO  manager.MyListener - Click on element--->[[ChromeDriver: chrome on WINDOWS (f9f163010598e74149b2958d8c620a5e)] -> xpath: //a[text()='LOGIN']]
15:35:18  INFO  manager.MyListener - Start search element by locator-->By.xpath: //input[1]
15:35:18  INFO  manager.MyListener - The element with locator-->By.xpath: //input[1]was found
15:35:18  INFO  manager.MyListener - Click on element--->[[ChromeDriver: chrome on WINDOWS (f9f163010598e74149b2958d8c620a5e)] -> xpath: //input[1]]
15:35:19  INFO  manager.MyListener - Start search element by locator-->By.xpath: //input[2]
15:35:19  INFO  manager.MyListener - The element with locator-->By.xpath: //input[2]was found
15:35:19  INFO  manager.MyListener - Click on element--->[[ChromeDriver: chrome on WINDOWS (f9f163010598e74149b2958d8c620a5e)] -> xpath: //input[2]]
15:35:19  INFO  manager.MyListener - Start search element by locator-->By.xpath: //button[1]
15:35:19  INFO  manager.MyListener - The element with locator-->By.xpath: //button[1]was found
15:35:19  INFO  manager.MyListener - Click on element--->[[ChromeDriver: chrome on WINDOWS (f9f163010598e74149b2958d8c620a5e)] -> xpath: //button[1]]
15:35:19  INFO  manager.MyListener - Start search element by locator-->By.xpath: //div[@class='contact-item_card__2SOIM']
15:35:20  INFO  manager.MyListener - The element with locator-->By.xpath: //div[@class='contact-item_card__2SOIM']was found
15:35:20  INFO  manager.MyListener - Start search element by locator-->By.xpath: (//div[@class='contact-item_card__2SOIM'])[1]
15:35:20  INFO  manager.MyListener - The element with locator-->By.xpath: (//div[@class='contact-item_card__2SOIM'])[1]was found
15:35:20  INFO  manager.MyListener - Click on element--->[[ChromeDriver: chrome on WINDOWS (f9f163010598e74149b2958d8c620a5e)] -> xpath: (//div[@class='contact-item_card__2SOIM'])[1]]
15:35:20  INFO  manager.MyListener - Start search element by locator-->By.xpath: //button[text()='Remove']
15:35:20  INFO  manager.MyListener - The element with locator-->By.xpath: //button[text()='Remove']was found
15:35:20  INFO  manager.MyListener - Click on element--->[[ChromeDriver: chrome on WINDOWS (f9f163010598e74149b2958d8c620a5e)] -> xpath: //button[text()='Remove']]
15:35:23  INFO  manager.MyListener - Start search element by locator-->By.xpath: (//div[@class='contact-item_card__2SOIM'])[1]
15:35:23  INFO  manager.MyListener - The element with locator-->By.xpath: (//div[@class='contact-item_card__2SOIM'])[1]was found
15:35:23  INFO  manager.MyListener - Click on element--->[[ChromeDriver: chrome on WINDOWS (f9f163010598e74149b2958d8c620a5e)] -> xpath: (//div[@class='contact-item_card__2SOIM'])[1]]
15:35:23  INFO  manager.MyListener - Start search element by locator-->By.xpath: //button[text()='Remove']
15:35:23  INFO  manager.MyListener - The element with locator-->By.xpath: //button[text()='Remove']was found
15:35:23  INFO  manager.MyListener - Click on element--->[[ChromeDriver: chrome on WINDOWS (f9f163010598e74149b2958d8c620a5e)] -> xpath: //button[text()='Remove']]
15:35:26  INFO  manager.MyListener - Start search element by locator-->By.xpath: (//div[@class='contact-item_card__2SOIM'])[1]
15:35:26  INFO  manager.MyListener - The element with locator-->By.xpath: (//div[@class='contact-item_card__2SOIM'])[1]was found
15:35:26  INFO  manager.MyListener - Click on element--->[[ChromeDriver: chrome on WINDOWS (f9f163010598e74149b2958d8c620a5e)] -> xpath: (//div[@class='contact-item_card__2SOIM'])[1]]
15:35:26  INFO  manager.MyListener - Start search element by locator-->By.xpath: //button[text()='Remove']
15:35:26  INFO  manager.MyListener - The element with locator-->By.xpath: //button[text()='Remove']was found
15:35:27  INFO  manager.MyListener - Click on element--->[[ChromeDriver: chrome on WINDOWS (f9f163010598e74149b2958d8c620a5e)] -> xpath: //button[text()='Remove']]
15:35:30  INFO  manager.MyListener - Start search element by locator-->By.xpath: (//div[@class='contact-item_card__2SOIM'])[1]
15:35:30  INFO  manager.MyListener - The element with locator-->By.xpath: (//div[@class='contact-item_card__2SOIM'])[1]was found
15:35:30  INFO  manager.MyListener - Click on element--->[[ChromeDriver: chrome on WINDOWS (f9f163010598e74149b2958d8c620a5e)] -> xpath: (//div[@class='contact-item_card__2SOIM'])[1]]
15:35:30  INFO  manager.MyListener - Start search element by locator-->By.xpath: //button[text()='Remove']
15:35:30  INFO  manager.MyListener - The element with locator-->By.xpath: //button[text()='Remove']was found
15:35:30  INFO  manager.MyListener - Click on element--->[[ChromeDriver: chrome on WINDOWS (f9f163010598e74149b2958d8c620a5e)] -> xpath: //button[text()='Remove']]
15:35:33  INFO  manager.MyListener - Start search element by locator-->By.xpath: (//div[@class='contact-item_card__2SOIM'])[1]
15:35:33  INFO  manager.MyListener - The element with locator-->By.xpath: (//div[@class='contact-item_card__2SOIM'])[1]was found
15:35:33  INFO  manager.MyListener - Click on element--->[[ChromeDriver: chrome on WINDOWS (f9f163010598e74149b2958d8c620a5e)] -> xpath: (//div[@class='contact-item_card__2SOIM'])[1]]
15:35:33  INFO  manager.MyListener - Start search element by locator-->By.xpath: //button[text()='Remove']
15:35:33  INFO  manager.MyListener - The element with locator-->By.xpath: //button[text()='Remove']was found
15:35:33  INFO  manager.MyListener - Click on element--->[[ChromeDriver: chrome on WINDOWS (f9f163010598e74149b2958d8c620a5e)] -> xpath: //button[text()='Remove']]
15:35:38  INFO  manager.MyListener - Start search element by locator-->By.xpath: //div[@class='contact-item_card__2SOIM']
15:35:48  INFO  manager.MyListener - The element with locator-->By.xpath: //div[@class='contact-item_card__2SOIM']was found
15:35:48  INFO  manager.MyListener - Start search element by locator-->By.cssSelector: div[class='contact-page_message__2qafk'] h1
15:35:48  INFO  manager.MyListener - The element with locator-->By.cssSelector: div[class='contact-page_message__2qafk'] h1was found
15:35:48  INFO  tests.TestBase - ================================================================
15:35:48  INFO  tests.TestBase - Start test --> removeContact
15:35:48  INFO  manager.MyListener - Start search element by locator-->By.xpath: //button[text()='Sign Out']
15:35:48  INFO  manager.MyListener - The element with locator-->By.xpath: //button[text()='Sign Out']was found
15:35:48  INFO  manager.MyListener - Start search element by locator-->By.xpath: //div[@class='contact-item_card__2SOIM']
15:35:58  INFO  manager.MyListener - The element with locator-->By.xpath: //div[@class='contact-item_card__2SOIM']was found
15:35:58  INFO  manager.MyListener - Start search element by locator-->By.xpath: (//div[@class='contact-item_card__2SOIM'])[1]
15:36:08  INFO  manager.MyListener - Something went wrong!!!
15:36:08  INFO  manager.MyListener - org.openqa.selenium.NoSuchElementException: no such element: Unable to locate element: {"method":"xpath","selector":"(//div[@class='contact-item_card__2SOIM'])[1]"}
  (Session info: chrome=95.0.4638.54)
For documentation on this error, please visit: https://www.seleniumhq.org/exceptions/no_such_element.html
Build info: version: '3.141.59', revision: 'e82be7d358', time: '2018-11-14T08:17:03'
System info: host: 'DESKTOP-LB14E35', ip: '172.20.10.10', os.name: 'Windows 10', os.arch: 'amd64', os.version: '10.0', java.version: '1.8.0_301'
Driver info: org.openqa.selenium.chrome.ChromeDriver
Capabilities {acceptInsecureCerts: false, browserName: chrome, browserVersion: 95.0.4638.54, chrome: {chromedriverVersion: 94.0.4606.61 (418b78f5838ed..., userDataDir: C:\Users\Inga\AppData\Local...}, goog:chromeOptions: {debuggerAddress: localhost:61309}, javascriptEnabled: true, networkConnectionEnabled: false, pageLoadStrategy: normal, platform: WINDOWS, platformName: WINDOWS, proxy: Proxy(), setWindowRect: true, strictFileInteractability: false, timeouts: {implicit: 0, pageLoad: 300000, script: 30000}, unhandledPromptBehavior: dismiss and notify, webauthn:extension:credBlob: true, webauthn:extension:largeBlob: true, webauthn:virtualAuthenticators: true}
Session ID: f9f163010598e74149b2958d8c620a5e
*** Element info: {Using=xpath, value=(//div[@class='contact-item_card__2SOIM'])[1]}
15:36:09  INFO  manager.MyListener - This link to screenshot with error --->src/test/screenshots/screenshot-2168.png
15:36:09  INFO  tests.TestBase - ================================================================
