14:06:30  INFO  manager.ApplicationManager - Tests starts on Chrome Driver
14:06:32  INFO  tests.TestBase - Start test --> removeAllContact
14:06:32  INFO  manager.MyListener - Start search element by locator-->By.xpath: //button[text()='Sign Out']
14:06:42  INFO  manager.MyListener - The element with locator-->By.xpath: //button[text()='Sign Out']was found
14:06:42  INFO  manager.MyListener - Start search element by locator-->By.xpath: //a[text()='LOGIN']
14:06:42  INFO  manager.MyListener - The element with locator-->By.xpath: //a[text()='LOGIN']was found
14:06:42  INFO  manager.MyListener - Click on element--->[[ChromeDriver: chrome on WINDOWS (dc2e672956b6ffa3513f37641a0e2ee3)] -> xpath: //a[text()='LOGIN']]
14:06:42  INFO  manager.MyListener - Start search element by locator-->By.xpath: //input[1]
14:06:42  INFO  manager.MyListener - The element with locator-->By.xpath: //input[1]was found
14:06:42  INFO  manager.MyListener - Click on element--->[[ChromeDriver: chrome on WINDOWS (dc2e672956b6ffa3513f37641a0e2ee3)] -> xpath: //input[1]]
14:06:42  INFO  manager.MyListener - Start search element by locator-->By.xpath: //input[2]
14:06:42  INFO  manager.MyListener - The element with locator-->By.xpath: //input[2]was found
14:06:42  INFO  manager.MyListener - Click on element--->[[ChromeDriver: chrome on WINDOWS (dc2e672956b6ffa3513f37641a0e2ee3)] -> xpath: //input[2]]
14:06:42  INFO  manager.MyListener - Start search element by locator-->By.xpath: //button[1]
14:06:42  INFO  manager.MyListener - The element with locator-->By.xpath: //button[1]was found
14:06:42  INFO  manager.MyListener - Click on element--->[[ChromeDriver: chrome on WINDOWS (dc2e672956b6ffa3513f37641a0e2ee3)] -> xpath: //button[1]]
14:06:42  INFO  manager.MyListener - Start search element by locator-->By.xpath: //div[@class='contact-item_card__2SOIM']
14:06:44  INFO  manager.MyListener - The element with locator-->By.xpath: //div[@class='contact-item_card__2SOIM']was found
14:06:44  INFO  manager.MyListener - Start search element by locator-->By.xpath: (//div[@class='contact-item_card__2SOIM'])[1]
14:06:44  INFO  manager.MyListener - The element with locator-->By.xpath: (//div[@class='contact-item_card__2SOIM'])[1]was found
14:06:44  INFO  manager.MyListener - Click on element--->[[ChromeDriver: chrome on WINDOWS (dc2e672956b6ffa3513f37641a0e2ee3)] -> xpath: (//div[@class='contact-item_card__2SOIM'])[1]]
14:06:44  INFO  manager.MyListener - Start search element by locator-->By.xpath: //button[text()='Remove']
14:06:44  INFO  manager.MyListener - The element with locator-->By.xpath: //button[text()='Remove']was found
14:06:44  INFO  manager.MyListener - Click on element--->[[ChromeDriver: chrome on WINDOWS (dc2e672956b6ffa3513f37641a0e2ee3)] -> xpath: //button[text()='Remove']]
14:06:47  INFO  manager.MyListener - Start search element by locator-->By.xpath: (//div[@class='contact-item_card__2SOIM'])[1]
14:06:47  INFO  manager.MyListener - The element with locator-->By.xpath: (//div[@class='contact-item_card__2SOIM'])[1]was found
14:06:47  INFO  manager.MyListener - Click on element--->[[ChromeDriver: chrome on WINDOWS (dc2e672956b6ffa3513f37641a0e2ee3)] -> xpath: (//div[@class='contact-item_card__2SOIM'])[1]]
14:06:47  INFO  manager.MyListener - Start search element by locator-->By.xpath: //button[text()='Remove']
14:06:47  INFO  manager.MyListener - The element with locator-->By.xpath: //button[text()='Remove']was found
14:06:47  INFO  manager.MyListener - Click on element--->[[ChromeDriver: chrome on WINDOWS (dc2e672956b6ffa3513f37641a0e2ee3)] -> xpath: //button[text()='Remove']]
14:06:50  INFO  manager.MyListener - Start search element by locator-->By.xpath: (//div[@class='contact-item_card__2SOIM'])[1]
14:06:50  INFO  manager.MyListener - The element with locator-->By.xpath: (//div[@class='contact-item_card__2SOIM'])[1]was found
14:06:50  INFO  manager.MyListener - Click on element--->[[ChromeDriver: chrome on WINDOWS (dc2e672956b6ffa3513f37641a0e2ee3)] -> xpath: (//div[@class='contact-item_card__2SOIM'])[1]]
14:06:50  INFO  manager.MyListener - Start search element by locator-->By.xpath: //button[text()='Remove']
14:06:50  INFO  manager.MyListener - The element with locator-->By.xpath: //button[text()='Remove']was found
14:06:50  INFO  manager.MyListener - Click on element--->[[ChromeDriver: chrome on WINDOWS (dc2e672956b6ffa3513f37641a0e2ee3)] -> xpath: //button[text()='Remove']]
14:06:53  INFO  manager.MyListener - Start search element by locator-->By.xpath: (//div[@class='contact-item_card__2SOIM'])[1]
14:06:53  INFO  manager.MyListener - The element with locator-->By.xpath: (//div[@class='contact-item_card__2SOIM'])[1]was found
14:06:53  INFO  manager.MyListener - Click on element--->[[ChromeDriver: chrome on WINDOWS (dc2e672956b6ffa3513f37641a0e2ee3)] -> xpath: (//div[@class='contact-item_card__2SOIM'])[1]]
14:06:53  INFO  manager.MyListener - Start search element by locator-->By.xpath: //button[text()='Remove']
14:06:53  INFO  manager.MyListener - The element with locator-->By.xpath: //button[text()='Remove']was found
14:06:53  INFO  manager.MyListener - Click on element--->[[ChromeDriver: chrome on WINDOWS (dc2e672956b6ffa3513f37641a0e2ee3)] -> xpath: //button[text()='Remove']]
14:06:56  INFO  manager.MyListener - Start search element by locator-->By.xpath: (//div[@class='contact-item_card__2SOIM'])[1]
14:06:56  INFO  manager.MyListener - The element with locator-->By.xpath: (//div[@class='contact-item_card__2SOIM'])[1]was found
14:06:56  INFO  manager.MyListener - Click on element--->[[ChromeDriver: chrome on WINDOWS (dc2e672956b6ffa3513f37641a0e2ee3)] -> xpath: (//div[@class='contact-item_card__2SOIM'])[1]]
14:06:56  INFO  manager.MyListener - Start search element by locator-->By.xpath: //button[text()='Remove']
14:06:56  INFO  manager.MyListener - The element with locator-->By.xpath: //button[text()='Remove']was found
14:06:56  INFO  manager.MyListener - Click on element--->[[ChromeDriver: chrome on WINDOWS (dc2e672956b6ffa3513f37641a0e2ee3)] -> xpath: //button[text()='Remove']]
14:07:01  INFO  manager.MyListener - Start search element by locator-->By.xpath: //div[@class='contact-item_card__2SOIM']
14:07:11  INFO  manager.MyListener - The element with locator-->By.xpath: //div[@class='contact-item_card__2SOIM']was found
14:07:11  INFO  manager.MyListener - Start search element by locator-->By.cssSelector: h1
14:07:11  INFO  manager.MyListener - The element with locator-->By.cssSelector: h1was found
14:07:17  INFO  tests.TestBase - ================================================================
