13:01:32  INFO  manager.ApplicationManager - Tests starts on Chrome Driver
13:01:34  INFO  tests.TestBase - Start test --> removeContact
13:01:34  INFO  manager.MyListener - Start search element by locator-->By.xpath: //button[text()='Sign Out']
13:01:44  INFO  manager.MyListener - The element with locator-->By.xpath: //button[text()='Sign Out']was found
13:01:44  INFO  manager.MyListener - Start search element by locator-->By.xpath: //a[text()='LOGIN']
13:01:44  INFO  manager.MyListener - The element with locator-->By.xpath: //a[text()='LOGIN']was found
13:01:44  INFO  manager.MyListener - Start search element by locator-->By.xpath: //input[1]
13:01:44  INFO  manager.MyListener - The element with locator-->By.xpath: //input[1]was found
13:01:44  INFO  manager.MyListener - Start search element by locator-->By.xpath: //input[2]
13:01:44  INFO  manager.MyListener - The element with locator-->By.xpath: //input[2]was found
13:01:44  INFO  manager.MyListener - Start search element by locator-->By.xpath: //button[1]
13:01:44  INFO  manager.MyListener - The element with locator-->By.xpath: //button[1]was found
13:01:44  INFO  manager.MyListener - Start search element by locator-->By.xpath: //div[@class='contact-item_card__2SOIM']
13:01:46  INFO  manager.MyListener - The element with locator-->By.xpath: //div[@class='contact-item_card__2SOIM']was found
13:01:46  INFO  manager.MyListener - Start search element by locator-->By.xpath: (//div[@class='contact-item_card__2SOIM'])[1]
13:01:46  INFO  manager.MyListener - The element with locator-->By.xpath: (//div[@class='contact-item_card__2SOIM'])[1]was found
13:01:46  INFO  manager.MyListener - Start search element by locator-->By.xpath: //button[text()='Remove']
13:01:46  INFO  manager.MyListener - The element with locator-->By.xpath: //button[text()='Remove']was found
13:01:46  INFO  manager.MyListener - Start search element by locator-->By.xpath: //div[@class='contact-item_card__2SOIM']
13:01:46  INFO  manager.MyListener - The element with locator-->By.xpath: //div[@class='contact-item_card__2SOIM']was found
13:01:49  INFO  tests.TestBase - ================================================================
