15:06:43  INFO  manager.ApplicationManager - Tests starts on Chrome Driver
15:06:44  INFO  tests.TestBase - Start test --> removeContactByNumber
15:06:44  INFO  manager.MyListener - Start search element by locator-->By.xpath: //button[text()='Sign Out']
15:06:55  INFO  manager.MyListener - The element with locator-->By.xpath: //button[text()='Sign Out']was found
15:06:55  INFO  manager.MyListener - Start search element by locator-->By.xpath: //a[text()='LOGIN']
15:06:55  INFO  manager.MyListener - The element with locator-->By.xpath: //a[text()='LOGIN']was found
15:06:55  INFO  manager.MyListener - Click on element--->[[ChromeDriver: chrome on WINDOWS (0a229cc96e1761e462eb34f7608b54b9)] -> xpath: //a[text()='LOGIN']]
15:06:55  INFO  manager.MyListener - Start search element by locator-->By.xpath: //input[1]
15:06:55  INFO  manager.MyListener - The element with locator-->By.xpath: //input[1]was found
15:06:55  INFO  manager.MyListener - Click on element--->[[ChromeDriver: chrome on WINDOWS (0a229cc96e1761e462eb34f7608b54b9)] -> xpath: //input[1]]
15:06:55  INFO  manager.MyListener - Start search element by locator-->By.xpath: //input[2]
15:06:55  INFO  manager.MyListener - The element with locator-->By.xpath: //input[2]was found
15:06:55  INFO  manager.MyListener - Click on element--->[[ChromeDriver: chrome on WINDOWS (0a229cc96e1761e462eb34f7608b54b9)] -> xpath: //input[2]]
15:06:55  INFO  manager.MyListener - Start search element by locator-->By.xpath: //button[1]
15:06:55  INFO  manager.MyListener - The element with locator-->By.xpath: //button[1]was found
15:06:55  INFO  manager.MyListener - Click on element--->[[ChromeDriver: chrome on WINDOWS (0a229cc96e1761e462eb34f7608b54b9)] -> xpath: //button[1]]
15:06:55  INFO  manager.MyListener - Start search element by locator-->By.cssSelector: .contact-page_leftdiv__yhyke
15:06:56  INFO  manager.MyListener - The element with locator-->By.cssSelector: .contact-page_leftdiv__yhykewas found
15:06:56  INFO  manager.MyListener - Click on element--->[[ChromeDriver: chrome on WINDOWS (0a229cc96e1761e462eb34f7608b54b9)] -> css selector: .contact-page_leftdiv__yhyke]
15:06:56  INFO  manager.MyListener - Start search element by locator-->By.xpath: //button[text()='Remove']
15:06:56  INFO  manager.MyListener - The element with locator-->By.xpath: //button[text()='Remove']was found
15:06:56  INFO  manager.MyListener - Click on element--->[[ChromeDriver: chrome on WINDOWS (0a229cc96e1761e462eb34f7608b54b9)] -> xpath: //button[text()='Remove']]
15:06:56  INFO  manager.MyListener - Start search element by locator-->By.xpath: //button[text()='Remove']
15:06:57  INFO  manager.MyListener - The element with locator-->By.xpath: //button[text()='Remove']was found
15:06:57  INFO  manager.MyListener - Click on element--->[[ChromeDriver: chrome on WINDOWS (0a229cc96e1761e462eb34f7608b54b9)] -> xpath: //button[text()='Remove']]
15:06:57  INFO  tests.TestBase - ================================================================
