13:43:39  INFO  manager.ApplicationManager - Tests starts on Chrome Driver
13:43:40  INFO  tests.TestBase - Start test --> addNewContactTest
13:43:40  INFO  manager.MyListener - Start search element by locator-->By.xpath: //button[text()='Sign Out']
13:43:50  INFO  manager.MyListener - The element with locator-->By.xpath: //button[text()='Sign Out']was found
13:43:50  INFO  manager.MyListener - Start search element by locator-->By.xpath: //a[text()='LOGIN']
13:43:50  INFO  manager.MyListener - The element with locator-->By.xpath: //a[text()='LOGIN']was found
13:43:50  INFO  manager.MyListener - Click on element--->[[ChromeDriver: chrome on WINDOWS (8d3cb63e5ec59c68e80b18d810938668)] -> xpath: //a[text()='LOGIN']]
13:43:50  INFO  manager.MyListener - Start search element by locator-->By.xpath: //input[1]
13:43:50  INFO  manager.MyListener - The element with locator-->By.xpath: //input[1]was found
13:43:50  INFO  manager.MyListener - Click on element--->[[ChromeDriver: chrome on WINDOWS (8d3cb63e5ec59c68e80b18d810938668)] -> xpath: //input[1]]
13:43:51  INFO  manager.MyListener - Start search element by locator-->By.xpath: //input[2]
13:43:51  INFO  manager.MyListener - The element with locator-->By.xpath: //input[2]was found
13:43:51  INFO  manager.MyListener - Click on element--->[[ChromeDriver: chrome on WINDOWS (8d3cb63e5ec59c68e80b18d810938668)] -> xpath: //input[2]]
13:43:51  INFO  manager.MyListener - Start search element by locator-->By.xpath: //button[1]
13:43:51  INFO  manager.MyListener - The element with locator-->By.xpath: //button[1]was found
13:43:51  INFO  manager.MyListener - Click on element--->[[ChromeDriver: chrome on WINDOWS (8d3cb63e5ec59c68e80b18d810938668)] -> xpath: //button[1]]
13:43:51  INFO  manager.MyListener - Start search element by locator-->By.xpath: //a[.='ADD']
13:43:52  INFO  manager.MyListener - The element with locator-->By.xpath: //a[.='ADD']was found
13:43:52  INFO  manager.MyListener - Click on element--->[[ChromeDriver: chrome on WINDOWS (8d3cb63e5ec59c68e80b18d810938668)] -> xpath: //a[.='ADD']]
13:43:52  INFO  manager.MyListener - Start search element by locator-->By.cssSelector: [placeholder='Name']
13:43:52  INFO  manager.MyListener - The element with locator-->By.cssSelector: [placeholder='Name']was found
13:43:52  INFO  manager.MyListener - Click on element--->[[ChromeDriver: chrome on WINDOWS (8d3cb63e5ec59c68e80b18d810938668)] -> css selector: [placeholder='Name']]
13:43:52  INFO  manager.MyListener - Start search element by locator-->By.cssSelector: [placeholder='Last Name']
13:43:52  INFO  manager.MyListener - The element with locator-->By.cssSelector: [placeholder='Last Name']was found
13:43:52  INFO  manager.MyListener - Click on element--->[[ChromeDriver: chrome on WINDOWS (8d3cb63e5ec59c68e80b18d810938668)] -> css selector: [placeholder='Last Name']]
13:43:52  INFO  manager.MyListener - Start search element by locator-->By.cssSelector: [placeholder='Phone']
13:43:52  INFO  manager.MyListener - The element with locator-->By.cssSelector: [placeholder='Phone']was found
13:43:52  INFO  manager.MyListener - Click on element--->[[ChromeDriver: chrome on WINDOWS (8d3cb63e5ec59c68e80b18d810938668)] -> css selector: [placeholder='Phone']]
13:43:52  INFO  manager.MyListener - Start search element by locator-->By.cssSelector: [placeholder='email']
13:43:52  INFO  manager.MyListener - The element with locator-->By.cssSelector: [placeholder='email']was found
13:43:52  INFO  manager.MyListener - Click on element--->[[ChromeDriver: chrome on WINDOWS (8d3cb63e5ec59c68e80b18d810938668)] -> css selector: [placeholder='email']]
13:43:53  INFO  manager.MyListener - Start search element by locator-->By.cssSelector: [placeholder='Address']
13:43:53  INFO  manager.MyListener - The element with locator-->By.cssSelector: [placeholder='Address']was found
13:43:53  INFO  manager.MyListener - Click on element--->[[ChromeDriver: chrome on WINDOWS (8d3cb63e5ec59c68e80b18d810938668)] -> css selector: [placeholder='Address']]
13:43:53  INFO  manager.MyListener - Start search element by locator-->By.cssSelector: [placeholder='description']
13:43:53  INFO  manager.MyListener - The element with locator-->By.cssSelector: [placeholder='description']was found
13:43:53  INFO  manager.MyListener - Click on element--->[[ChromeDriver: chrome on WINDOWS (8d3cb63e5ec59c68e80b18d810938668)] -> css selector: [placeholder='description']]
13:43:53  INFO  manager.MyListener - Start search element by locator-->By.xpath: //button[.='Save']
13:43:53  INFO  manager.MyListener - The element with locator-->By.xpath: //button[.='Save']was found
13:43:53  INFO  manager.MyListener - Click on element--->[[ChromeDriver: chrome on WINDOWS (8d3cb63e5ec59c68e80b18d810938668)] -> xpath: //button[.='Save']]
13:43:53  INFO  manager.MyListener - Start search element by locator-->By.xpath: (//div[@class='contact-item_card__2SOIM'])
13:43:54  INFO  manager.MyListener - The element with locator-->By.xpath: (//div[@class='contact-item_card__2SOIM'])was found
13:43:54  INFO  tests.TestBase - ================================================================
13:43:54  INFO  tests.TestBase - Start test --> addNewContactTest
13:43:54  INFO  manager.MyListener - Start search element by locator-->By.xpath: //button[text()='Sign Out']
13:43:54  INFO  manager.MyListener - The element with locator-->By.xpath: //button[text()='Sign Out']was found
13:43:54  INFO  manager.MyListener - Start search element by locator-->By.xpath: //a[.='ADD']
13:43:54  INFO  manager.MyListener - The element with locator-->By.xpath: //a[.='ADD']was found
13:43:54  INFO  manager.MyListener - Click on element--->[[ChromeDriver: chrome on WINDOWS (8d3cb63e5ec59c68e80b18d810938668)] -> xpath: //a[.='ADD']]
13:43:54  INFO  manager.MyListener - Start search element by locator-->By.cssSelector: [placeholder='Name']
13:43:54  INFO  manager.MyListener - The element with locator-->By.cssSelector: [placeholder='Name']was found
13:43:54  INFO  manager.MyListener - Click on element--->[[ChromeDriver: chrome on WINDOWS (8d3cb63e5ec59c68e80b18d810938668)] -> css selector: [placeholder='Name']]
13:43:54  INFO  manager.MyListener - Start search element by locator-->By.cssSelector: [placeholder='Last Name']
13:43:54  INFO  manager.MyListener - The element with locator-->By.cssSelector: [placeholder='Last Name']was found
13:43:54  INFO  manager.MyListener - Click on element--->[[ChromeDriver: chrome on WINDOWS (8d3cb63e5ec59c68e80b18d810938668)] -> css selector: [placeholder='Last Name']]
13:43:54  INFO  manager.MyListener - Start search element by locator-->By.cssSelector: [placeholder='Phone']
13:43:54  INFO  manager.MyListener - The element with locator-->By.cssSelector: [placeholder='Phone']was found
13:43:54  INFO  manager.MyListener - Click on element--->[[ChromeDriver: chrome on WINDOWS (8d3cb63e5ec59c68e80b18d810938668)] -> css selector: [placeholder='Phone']]
13:43:54  INFO  manager.MyListener - Start search element by locator-->By.cssSelector: [placeholder='email']
13:43:54  INFO  manager.MyListener - The element with locator-->By.cssSelector: [placeholder='email']was found
13:43:54  INFO  manager.MyListener - Click on element--->[[ChromeDriver: chrome on WINDOWS (8d3cb63e5ec59c68e80b18d810938668)] -> css selector: [placeholder='email']]
13:43:54  INFO  manager.MyListener - Start search element by locator-->By.cssSelector: [placeholder='Address']
13:43:54  INFO  manager.MyListener - The element with locator-->By.cssSelector: [placeholder='Address']was found
13:43:54  INFO  manager.MyListener - Click on element--->[[ChromeDriver: chrome on WINDOWS (8d3cb63e5ec59c68e80b18d810938668)] -> css selector: [placeholder='Address']]
13:43:55  INFO  manager.MyListener - Start search element by locator-->By.cssSelector: [placeholder='description']
13:43:55  INFO  manager.MyListener - The element with locator-->By.cssSelector: [placeholder='description']was found
13:43:55  INFO  manager.MyListener - Click on element--->[[ChromeDriver: chrome on WINDOWS (8d3cb63e5ec59c68e80b18d810938668)] -> css selector: [placeholder='description']]
13:43:55  INFO  manager.MyListener - Start search element by locator-->By.xpath: //button[.='Save']
13:43:55  INFO  manager.MyListener - The element with locator-->By.xpath: //button[.='Save']was found
13:43:55  INFO  manager.MyListener - Click on element--->[[ChromeDriver: chrome on WINDOWS (8d3cb63e5ec59c68e80b18d810938668)] -> xpath: //button[.='Save']]
13:43:55  INFO  manager.MyListener - Start search element by locator-->By.xpath: (//div[@class='contact-item_card__2SOIM'])
13:43:55  INFO  manager.MyListener - The element with locator-->By.xpath: (//div[@class='contact-item_card__2SOIM'])was found
13:43:55  INFO  tests.TestBase - ================================================================
13:43:55  INFO  tests.TestBase - Start test --> addNewContactTest
13:43:55  INFO  manager.MyListener - Start search element by locator-->By.xpath: //button[text()='Sign Out']
13:43:55  INFO  manager.MyListener - The element with locator-->By.xpath: //button[text()='Sign Out']was found
13:43:55  INFO  manager.MyListener - Start search element by locator-->By.xpath: //a[.='ADD']
13:43:55  INFO  manager.MyListener - The element with locator-->By.xpath: //a[.='ADD']was found
13:43:55  INFO  manager.MyListener - Click on element--->[[ChromeDriver: chrome on WINDOWS (8d3cb63e5ec59c68e80b18d810938668)] -> xpath: //a[.='ADD']]
13:43:55  INFO  manager.MyListener - Start search element by locator-->By.cssSelector: [placeholder='Name']
13:43:55  INFO  manager.MyListener - The element with locator-->By.cssSelector: [placeholder='Name']was found
13:43:55  INFO  manager.MyListener - Click on element--->[[ChromeDriver: chrome on WINDOWS (8d3cb63e5ec59c68e80b18d810938668)] -> css selector: [placeholder='Name']]
13:43:55  INFO  manager.MyListener - Start search element by locator-->By.cssSelector: [placeholder='Last Name']
13:43:55  INFO  manager.MyListener - The element with locator-->By.cssSelector: [placeholder='Last Name']was found
13:43:55  INFO  manager.MyListener - Click on element--->[[ChromeDriver: chrome on WINDOWS (8d3cb63e5ec59c68e80b18d810938668)] -> css selector: [placeholder='Last Name']]
13:43:56  INFO  manager.MyListener - Start search element by locator-->By.cssSelector: [placeholder='Phone']
13:43:56  INFO  manager.MyListener - The element with locator-->By.cssSelector: [placeholder='Phone']was found
13:43:56  INFO  manager.MyListener - Click on element--->[[ChromeDriver: chrome on WINDOWS (8d3cb63e5ec59c68e80b18d810938668)] -> css selector: [placeholder='Phone']]
13:43:56  INFO  manager.MyListener - Start search element by locator-->By.cssSelector: [placeholder='email']
13:43:56  INFO  manager.MyListener - The element with locator-->By.cssSelector: [placeholder='email']was found
13:43:56  INFO  manager.MyListener - Click on element--->[[ChromeDriver: chrome on WINDOWS (8d3cb63e5ec59c68e80b18d810938668)] -> css selector: [placeholder='email']]
13:43:56  INFO  manager.MyListener - Start search element by locator-->By.cssSelector: [placeholder='Address']
13:43:56  INFO  manager.MyListener - The element with locator-->By.cssSelector: [placeholder='Address']was found
13:43:56  INFO  manager.MyListener - Click on element--->[[ChromeDriver: chrome on WINDOWS (8d3cb63e5ec59c68e80b18d810938668)] -> css selector: [placeholder='Address']]
13:43:56  INFO  manager.MyListener - Start search element by locator-->By.cssSelector: [placeholder='description']
13:43:56  INFO  manager.MyListener - The element with locator-->By.cssSelector: [placeholder='description']was found
13:43:56  INFO  manager.MyListener - Click on element--->[[ChromeDriver: chrome on WINDOWS (8d3cb63e5ec59c68e80b18d810938668)] -> css selector: [placeholder='description']]
13:43:56  INFO  manager.MyListener - Start search element by locator-->By.xpath: //button[.='Save']
13:43:56  INFO  manager.MyListener - The element with locator-->By.xpath: //button[.='Save']was found
13:43:56  INFO  manager.MyListener - Click on element--->[[ChromeDriver: chrome on WINDOWS (8d3cb63e5ec59c68e80b18d810938668)] -> xpath: //button[.='Save']]
13:43:56  INFO  manager.MyListener - Start search element by locator-->By.xpath: (//div[@class='contact-item_card__2SOIM'])
13:43:57  INFO  manager.MyListener - The element with locator-->By.xpath: (//div[@class='contact-item_card__2SOIM'])was found
13:43:57  INFO  tests.TestBase - ================================================================
13:43:57  INFO  tests.TestBase - Start test --> addNewContactTest
13:43:57  INFO  manager.MyListener - Start search element by locator-->By.xpath: //button[text()='Sign Out']
13:43:57  INFO  manager.MyListener - The element with locator-->By.xpath: //button[text()='Sign Out']was found
13:43:57  INFO  manager.MyListener - Start search element by locator-->By.xpath: //a[.='ADD']
13:43:57  INFO  manager.MyListener - The element with locator-->By.xpath: //a[.='ADD']was found
13:43:57  INFO  manager.MyListener - Click on element--->[[ChromeDriver: chrome on WINDOWS (8d3cb63e5ec59c68e80b18d810938668)] -> xpath: //a[.='ADD']]
13:43:57  INFO  manager.MyListener - Start search element by locator-->By.cssSelector: [placeholder='Name']
13:43:57  INFO  manager.MyListener - The element with locator-->By.cssSelector: [placeholder='Name']was found
13:43:57  INFO  manager.MyListener - Click on element--->[[ChromeDriver: chrome on WINDOWS (8d3cb63e5ec59c68e80b18d810938668)] -> css selector: [placeholder='Name']]
13:43:57  INFO  manager.MyListener - Start search element by locator-->By.cssSelector: [placeholder='Last Name']
13:43:57  INFO  manager.MyListener - The element with locator-->By.cssSelector: [placeholder='Last Name']was found
13:43:57  INFO  manager.MyListener - Click on element--->[[ChromeDriver: chrome on WINDOWS (8d3cb63e5ec59c68e80b18d810938668)] -> css selector: [placeholder='Last Name']]
13:43:57  INFO  manager.MyListener - Start search element by locator-->By.cssSelector: [placeholder='Phone']
13:43:57  INFO  manager.MyListener - The element with locator-->By.cssSelector: [placeholder='Phone']was found
13:43:57  INFO  manager.MyListener - Click on element--->[[ChromeDriver: chrome on WINDOWS (8d3cb63e5ec59c68e80b18d810938668)] -> css selector: [placeholder='Phone']]
13:43:57  INFO  manager.MyListener - Start search element by locator-->By.cssSelector: [placeholder='email']
13:43:57  INFO  manager.MyListener - The element with locator-->By.cssSelector: [placeholder='email']was found
13:43:57  INFO  manager.MyListener - Click on element--->[[ChromeDriver: chrome on WINDOWS (8d3cb63e5ec59c68e80b18d810938668)] -> css selector: [placeholder='email']]
13:43:57  INFO  manager.MyListener - Start search element by locator-->By.cssSelector: [placeholder='Address']
13:43:57  INFO  manager.MyListener - The element with locator-->By.cssSelector: [placeholder='Address']was found
13:43:57  INFO  manager.MyListener - Click on element--->[[ChromeDriver: chrome on WINDOWS (8d3cb63e5ec59c68e80b18d810938668)] -> css selector: [placeholder='Address']]
13:43:58  INFO  manager.MyListener - Start search element by locator-->By.cssSelector: [placeholder='description']
13:43:58  INFO  manager.MyListener - The element with locator-->By.cssSelector: [placeholder='description']was found
13:43:58  INFO  manager.MyListener - Click on element--->[[ChromeDriver: chrome on WINDOWS (8d3cb63e5ec59c68e80b18d810938668)] -> css selector: [placeholder='description']]
13:43:58  INFO  manager.MyListener - Start search element by locator-->By.xpath: //button[.='Save']
13:43:58  INFO  manager.MyListener - The element with locator-->By.xpath: //button[.='Save']was found
13:43:58  INFO  manager.MyListener - Click on element--->[[ChromeDriver: chrome on WINDOWS (8d3cb63e5ec59c68e80b18d810938668)] -> xpath: //button[.='Save']]
13:43:58  INFO  manager.MyListener - Start search element by locator-->By.xpath: (//div[@class='contact-item_card__2SOIM'])
13:43:58  INFO  manager.MyListener - The element with locator-->By.xpath: (//div[@class='contact-item_card__2SOIM'])was found
13:43:58  INFO  tests.TestBase - ================================================================
13:43:58  INFO  tests.TestBase - Start test --> addNewContactTest
13:43:58  INFO  manager.MyListener - Start search element by locator-->By.xpath: //button[text()='Sign Out']
13:43:58  INFO  manager.MyListener - The element with locator-->By.xpath: //button[text()='Sign Out']was found
13:43:58  INFO  manager.MyListener - Start search element by locator-->By.xpath: //a[.='ADD']
13:43:58  INFO  manager.MyListener - The element with locator-->By.xpath: //a[.='ADD']was found
13:43:58  INFO  manager.MyListener - Click on element--->[[ChromeDriver: chrome on WINDOWS (8d3cb63e5ec59c68e80b18d810938668)] -> xpath: //a[.='ADD']]
13:43:58  INFO  manager.MyListener - Start search element by locator-->By.cssSelector: [placeholder='Name']
13:43:58  INFO  manager.MyListener - The element with locator-->By.cssSelector: [placeholder='Name']was found
13:43:58  INFO  manager.MyListener - Click on element--->[[ChromeDriver: chrome on WINDOWS (8d3cb63e5ec59c68e80b18d810938668)] -> css selector: [placeholder='Name']]
13:43:58  INFO  manager.MyListener - Start search element by locator-->By.cssSelector: [placeholder='Last Name']
13:43:58  INFO  manager.MyListener - The element with locator-->By.cssSelector: [placeholder='Last Name']was found
13:43:58  INFO  manager.MyListener - Click on element--->[[ChromeDriver: chrome on WINDOWS (8d3cb63e5ec59c68e80b18d810938668)] -> css selector: [placeholder='Last Name']]
13:43:59  INFO  manager.MyListener - Start search element by locator-->By.cssSelector: [placeholder='Phone']
13:43:59  INFO  manager.MyListener - The element with locator-->By.cssSelector: [placeholder='Phone']was found
13:43:59  INFO  manager.MyListener - Click on element--->[[ChromeDriver: chrome on WINDOWS (8d3cb63e5ec59c68e80b18d810938668)] -> css selector: [placeholder='Phone']]
13:43:59  INFO  manager.MyListener - Start search element by locator-->By.cssSelector: [placeholder='email']
13:43:59  INFO  manager.MyListener - The element with locator-->By.cssSelector: [placeholder='email']was found
13:43:59  INFO  manager.MyListener - Click on element--->[[ChromeDriver: chrome on WINDOWS (8d3cb63e5ec59c68e80b18d810938668)] -> css selector: [placeholder='email']]
13:43:59  INFO  manager.MyListener - Start search element by locator-->By.cssSelector: [placeholder='Address']
13:43:59  INFO  manager.MyListener - The element with locator-->By.cssSelector: [placeholder='Address']was found
13:43:59  INFO  manager.MyListener - Click on element--->[[ChromeDriver: chrome on WINDOWS (8d3cb63e5ec59c68e80b18d810938668)] -> css selector: [placeholder='Address']]
13:43:59  INFO  manager.MyListener - Start search element by locator-->By.cssSelector: [placeholder='description']
13:43:59  INFO  manager.MyListener - The element with locator-->By.cssSelector: [placeholder='description']was found
13:43:59  INFO  manager.MyListener - Click on element--->[[ChromeDriver: chrome on WINDOWS (8d3cb63e5ec59c68e80b18d810938668)] -> css selector: [placeholder='description']]
13:43:59  INFO  manager.MyListener - Start search element by locator-->By.xpath: //button[.='Save']
13:43:59  INFO  manager.MyListener - The element with locator-->By.xpath: //button[.='Save']was found
13:43:59  INFO  manager.MyListener - Click on element--->[[ChromeDriver: chrome on WINDOWS (8d3cb63e5ec59c68e80b18d810938668)] -> xpath: //button[.='Save']]
13:43:59  INFO  manager.MyListener - Start search element by locator-->By.xpath: (//div[@class='contact-item_card__2SOIM'])
13:44:00  INFO  manager.MyListener - The element with locator-->By.xpath: (//div[@class='contact-item_card__2SOIM'])was found
13:44:00  INFO  tests.TestBase - ================================================================
