13:49:03  INFO  manager.ApplicationManager - Tests starts on Chrome Driver
13:49:05  INFO  tests.TestBase - Start test --> removeAllContact
13:49:05  INFO  manager.MyListener - Start search element by locator-->By.xpath: //button[text()='Sign Out']
13:49:15  INFO  manager.MyListener - The element with locator-->By.xpath: //button[text()='Sign Out']was found
13:49:15  INFO  manager.MyListener - Start search element by locator-->By.xpath: //a[text()='LOGIN']
13:49:15  INFO  manager.MyListener - The element with locator-->By.xpath: //a[text()='LOGIN']was found
13:49:15  INFO  manager.MyListener - Click on element--->[[ChromeDriver: chrome on WINDOWS (8ba66c73d84a1411a397a6acf7a7de99)] -> xpath: //a[text()='LOGIN']]
13:49:15  INFO  manager.MyListener - Start search element by locator-->By.xpath: //input[1]
13:49:15  INFO  manager.MyListener - The element with locator-->By.xpath: //input[1]was found
13:49:15  INFO  manager.MyListener - Click on element--->[[ChromeDriver: chrome on WINDOWS (8ba66c73d84a1411a397a6acf7a7de99)] -> xpath: //input[1]]
13:49:15  INFO  manager.MyListener - Start search element by locator-->By.xpath: //input[2]
13:49:15  INFO  manager.MyListener - The element with locator-->By.xpath: //input[2]was found
13:49:15  INFO  manager.MyListener - Click on element--->[[ChromeDriver: chrome on WINDOWS (8ba66c73d84a1411a397a6acf7a7de99)] -> xpath: //input[2]]
13:49:15  INFO  manager.MyListener - Start search element by locator-->By.xpath: //button[1]
13:49:15  INFO  manager.MyListener - The element with locator-->By.xpath: //button[1]was found
13:49:16  INFO  manager.MyListener - Click on element--->[[ChromeDriver: chrome on WINDOWS (8ba66c73d84a1411a397a6acf7a7de99)] -> xpath: //button[1]]
13:49:16  INFO  manager.MyListener - Start search element by locator-->By.xpath: //div[@class='contact-item_card__2SOIM']
13:49:26  INFO  manager.MyListener - The element with locator-->By.xpath: //div[@class='contact-item_card__2SOIM']was found
13:49:29  INFO  manager.MyListener - Start search element by locator-->By.xpath: //div[@class='contact-item_card__2SOIM']
13:49:39  INFO  manager.MyListener - The element with locator-->By.xpath: //div[@class='contact-item_card__2SOIM']was found
13:49:39  INFO  tests.TestBase - ================================================================
