13:56:21  INFO  manager.ApplicationManager - Tests starts on Chrome Driver
13:56:22  INFO  tests.TestBase - Start test --> removeAllContact
13:56:22  INFO  manager.MyListener - Start search element by locator-->By.xpath: //button[text()='Sign Out']
13:56:32  INFO  manager.MyListener - The element with locator-->By.xpath: //button[text()='Sign Out']was found
13:56:32  INFO  manager.MyListener - Start search element by locator-->By.xpath: //a[text()='LOGIN']
13:56:32  INFO  manager.MyListener - The element with locator-->By.xpath: //a[text()='LOGIN']was found
13:56:32  INFO  manager.MyListener - Click on element--->[[ChromeDriver: chrome on WINDOWS (b0fbe3215c552bc7d1ac138f2534c878)] -> xpath: //a[text()='LOGIN']]
13:56:32  INFO  manager.MyListener - Start search element by locator-->By.xpath: //input[1]
13:56:32  INFO  manager.MyListener - The element with locator-->By.xpath: //input[1]was found
13:56:33  INFO  manager.MyListener - Click on element--->[[ChromeDriver: chrome on WINDOWS (b0fbe3215c552bc7d1ac138f2534c878)] -> xpath: //input[1]]
13:56:33  INFO  manager.MyListener - Start search element by locator-->By.xpath: //input[2]
13:56:33  INFO  manager.MyListener - The element with locator-->By.xpath: //input[2]was found
13:56:33  INFO  manager.MyListener - Click on element--->[[ChromeDriver: chrome on WINDOWS (b0fbe3215c552bc7d1ac138f2534c878)] -> xpath: //input[2]]
13:56:33  INFO  manager.MyListener - Start search element by locator-->By.xpath: //button[1]
13:56:33  INFO  manager.MyListener - The element with locator-->By.xpath: //button[1]was found
13:56:33  INFO  manager.MyListener - Click on element--->[[ChromeDriver: chrome on WINDOWS (b0fbe3215c552bc7d1ac138f2534c878)] -> xpath: //button[1]]
13:56:33  INFO  manager.MyListener - Start search element by locator-->By.xpath: //div[@class='contact-item_card__2SOIM']
13:56:34  INFO  manager.MyListener - The element with locator-->By.xpath: //div[@class='contact-item_card__2SOIM']was found
13:56:34  INFO  manager.MyListener - Start search element by locator-->By.xpath: (//div[@class='contact-item_card__2SOIM'])[1]
13:56:34  INFO  manager.MyListener - The element with locator-->By.xpath: (//div[@class='contact-item_card__2SOIM'])[1]was found
13:56:34  INFO  manager.MyListener - Click on element--->[[ChromeDriver: chrome on WINDOWS (b0fbe3215c552bc7d1ac138f2534c878)] -> xpath: (//div[@class='contact-item_card__2SOIM'])[1]]
13:56:34  INFO  manager.MyListener - Start search element by locator-->By.xpath: //button[text()='Remove']
13:56:34  INFO  manager.MyListener - The element with locator-->By.xpath: //button[text()='Remove']was found
13:56:34  INFO  manager.MyListener - Click on element--->[[ChromeDriver: chrome on WINDOWS (b0fbe3215c552bc7d1ac138f2534c878)] -> xpath: //button[text()='Remove']]
13:56:37  INFO  manager.MyListener - Start search element by locator-->By.xpath: (//div[@class='contact-item_card__2SOIM'])[1]
13:56:37  INFO  manager.MyListener - The element with locator-->By.xpath: (//div[@class='contact-item_card__2SOIM'])[1]was found
13:56:37  INFO  manager.MyListener - Click on element--->[[ChromeDriver: chrome on WINDOWS (b0fbe3215c552bc7d1ac138f2534c878)] -> xpath: (//div[@class='contact-item_card__2SOIM'])[1]]
13:56:37  INFO  manager.MyListener - Start search element by locator-->By.xpath: //button[text()='Remove']
13:56:38  INFO  manager.MyListener - The element with locator-->By.xpath: //button[text()='Remove']was found
13:56:38  INFO  manager.MyListener - Click on element--->[[ChromeDriver: chrome on WINDOWS (b0fbe3215c552bc7d1ac138f2534c878)] -> xpath: //button[text()='Remove']]
13:56:41  INFO  manager.MyListener - Start search element by locator-->By.xpath: (//div[@class='contact-item_card__2SOIM'])[1]
13:56:41  INFO  manager.MyListener - The element with locator-->By.xpath: (//div[@class='contact-item_card__2SOIM'])[1]was found
13:56:41  INFO  manager.MyListener - Click on element--->[[ChromeDriver: chrome on WINDOWS (b0fbe3215c552bc7d1ac138f2534c878)] -> xpath: (//div[@class='contact-item_card__2SOIM'])[1]]
13:56:41  INFO  manager.MyListener - Start search element by locator-->By.xpath: //button[text()='Remove']
13:56:41  INFO  manager.MyListener - The element with locator-->By.xpath: //button[text()='Remove']was found
13:56:41  INFO  manager.MyListener - Click on element--->[[ChromeDriver: chrome on WINDOWS (b0fbe3215c552bc7d1ac138f2534c878)] -> xpath: //button[text()='Remove']]
13:56:44  INFO  manager.MyListener - Start search element by locator-->By.xpath: (//div[@class='contact-item_card__2SOIM'])[1]
13:56:44  INFO  manager.MyListener - The element with locator-->By.xpath: (//div[@class='contact-item_card__2SOIM'])[1]was found
13:56:44  INFO  manager.MyListener - Click on element--->[[ChromeDriver: chrome on WINDOWS (b0fbe3215c552bc7d1ac138f2534c878)] -> xpath: (//div[@class='contact-item_card__2SOIM'])[1]]
13:56:44  INFO  manager.MyListener - Start search element by locator-->By.xpath: //button[text()='Remove']
13:56:44  INFO  manager.MyListener - The element with locator-->By.xpath: //button[text()='Remove']was found
13:56:44  INFO  manager.MyListener - Click on element--->[[ChromeDriver: chrome on WINDOWS (b0fbe3215c552bc7d1ac138f2534c878)] -> xpath: //button[text()='Remove']]
13:56:47  INFO  manager.MyListener - Start search element by locator-->By.xpath: (//div[@class='contact-item_card__2SOIM'])[1]
13:56:47  INFO  manager.MyListener - The element with locator-->By.xpath: (//div[@class='contact-item_card__2SOIM'])[1]was found
13:56:47  INFO  manager.MyListener - Click on element--->[[ChromeDriver: chrome on WINDOWS (b0fbe3215c552bc7d1ac138f2534c878)] -> xpath: (//div[@class='contact-item_card__2SOIM'])[1]]
13:56:47  INFO  manager.MyListener - Start search element by locator-->By.xpath: //button[text()='Remove']
13:56:47  INFO  manager.MyListener - The element with locator-->By.xpath: //button[text()='Remove']was found
13:56:47  INFO  manager.MyListener - Click on element--->[[ChromeDriver: chrome on WINDOWS (b0fbe3215c552bc7d1ac138f2534c878)] -> xpath: //button[text()='Remove']]
13:56:52  INFO  manager.MyListener - Start search element by locator-->By.xpath: //div[@class='contact-item_card__2SOIM']
13:57:02  INFO  manager.MyListener - The element with locator-->By.xpath: //div[@class='contact-item_card__2SOIM']was found
13:57:02  INFO  manager.MyListener - Start search element by locator-->By.cssSelector: .contact-page_message__2qafk
13:57:02  INFO  manager.MyListener - The element with locator-->By.cssSelector: .contact-page_message__2qafkwas found
13:57:02  INFO  tests.TestBase - ================================================================
