13:42:17  INFO  manager.ApplicationManager - Tests starts on Chrome Driver
13:42:19  INFO  tests.TestBase - Start test --> removeAllContact
13:42:19  INFO  manager.MyListener - Start search element by locator-->By.xpath: //button[text()='Sign Out']
13:42:29  INFO  manager.MyListener - The element with locator-->By.xpath: //button[text()='Sign Out']was found
13:42:29  INFO  manager.MyListener - Start search element by locator-->By.xpath: //a[text()='LOGIN']
13:42:29  INFO  manager.MyListener - The element with locator-->By.xpath: //a[text()='LOGIN']was found
13:42:29  INFO  manager.MyListener - Click on element--->[[ChromeDriver: chrome on WINDOWS (b7529486d61cc8f3fb86fb66f4377322)] -> xpath: //a[text()='LOGIN']]
13:42:29  INFO  manager.MyListener - Start search element by locator-->By.xpath: //input[1]
13:42:29  INFO  manager.MyListener - The element with locator-->By.xpath: //input[1]was found
13:42:29  INFO  manager.MyListener - Click on element--->[[ChromeDriver: chrome on WINDOWS (b7529486d61cc8f3fb86fb66f4377322)] -> xpath: //input[1]]
13:42:29  INFO  manager.MyListener - Start search element by locator-->By.xpath: //input[2]
13:42:29  INFO  manager.MyListener - The element with locator-->By.xpath: //input[2]was found
13:42:29  INFO  manager.MyListener - Click on element--->[[ChromeDriver: chrome on WINDOWS (b7529486d61cc8f3fb86fb66f4377322)] -> xpath: //input[2]]
13:42:29  INFO  manager.MyListener - Start search element by locator-->By.xpath: //button[1]
13:42:29  INFO  manager.MyListener - The element with locator-->By.xpath: //button[1]was found
13:42:29  INFO  manager.MyListener - Click on element--->[[ChromeDriver: chrome on WINDOWS (b7529486d61cc8f3fb86fb66f4377322)] -> xpath: //button[1]]
13:42:29  INFO  manager.MyListener - Start search element by locator-->By.xpath: //div[@class='contact-item_card__2SOIM']
13:42:39  INFO  manager.MyListener - The element with locator-->By.xpath: //div[@class='contact-item_card__2SOIM']was found
13:42:42  INFO  manager.MyListener - Start search element by locator-->By.xpath: //div[@class='contact-item_card__2SOIM']
13:42:45  INFO  manager.MyListener - The element with locator-->By.xpath: //div[@class='contact-item_card__2SOIM']was found
13:42:45  INFO  tests.TestBase - ================================================================
