13:46:10  INFO  manager.ApplicationManager - Tests starts on Chrome Driver
13:46:11  INFO  tests.TestBase - Start test --> removeAllContact
13:46:11  INFO  manager.MyListener - Start search element by locator-->By.xpath: //button[text()='Sign Out']
13:46:21  INFO  manager.MyListener - The element with locator-->By.xpath: //button[text()='Sign Out']was found
13:46:21  INFO  manager.MyListener - Start search element by locator-->By.xpath: //a[text()='LOGIN']
13:46:21  INFO  manager.MyListener - The element with locator-->By.xpath: //a[text()='LOGIN']was found
13:46:21  INFO  manager.MyListener - Click on element--->[[ChromeDriver: chrome on WINDOWS (80391e6a23ac91d0d0719bfc6d0069b1)] -> xpath: //a[text()='LOGIN']]
13:46:21  INFO  manager.MyListener - Start search element by locator-->By.xpath: //input[1]
13:46:21  INFO  manager.MyListener - The element with locator-->By.xpath: //input[1]was found
13:46:22  INFO  manager.MyListener - Click on element--->[[ChromeDriver: chrome on WINDOWS (80391e6a23ac91d0d0719bfc6d0069b1)] -> xpath: //input[1]]
13:46:22  INFO  manager.MyListener - Start search element by locator-->By.xpath: //input[2]
13:46:22  INFO  manager.MyListener - The element with locator-->By.xpath: //input[2]was found
13:46:22  INFO  manager.MyListener - Click on element--->[[ChromeDriver: chrome on WINDOWS (80391e6a23ac91d0d0719bfc6d0069b1)] -> xpath: //input[2]]
13:46:22  INFO  manager.MyListener - Start search element by locator-->By.xpath: //button[1]
13:46:22  INFO  manager.MyListener - The element with locator-->By.xpath: //button[1]was found
13:46:22  INFO  manager.MyListener - Click on element--->[[ChromeDriver: chrome on WINDOWS (80391e6a23ac91d0d0719bfc6d0069b1)] -> xpath: //button[1]]
13:46:22  INFO  manager.MyListener - Start search element by locator-->By.xpath: //div[@class='contact-item_card__2SOIM']
13:46:23  INFO  manager.MyListener - The element with locator-->By.xpath: //div[@class='contact-item_card__2SOIM']was found
13:46:23  INFO  manager.MyListener - Start search element by locator-->By.xpath: (//div[@class='contact-item_card__2SOIM'])[1]
13:46:23  INFO  manager.MyListener - The element with locator-->By.xpath: (//div[@class='contact-item_card__2SOIM'])[1]was found
13:46:23  INFO  manager.MyListener - Click on element--->[[ChromeDriver: chrome on WINDOWS (80391e6a23ac91d0d0719bfc6d0069b1)] -> xpath: (//div[@class='contact-item_card__2SOIM'])[1]]
13:46:23  INFO  manager.MyListener - Start search element by locator-->By.xpath: //button[text()='Remove']
13:46:23  INFO  manager.MyListener - The element with locator-->By.xpath: //button[text()='Remove']was found
13:46:23  INFO  manager.MyListener - Click on element--->[[ChromeDriver: chrome on WINDOWS (80391e6a23ac91d0d0719bfc6d0069b1)] -> xpath: //button[text()='Remove']]
13:46:23  INFO  manager.MyListener - Start search element by locator-->By.xpath: (//div[@class='contact-item_card__2SOIM'])[1]
13:46:23  INFO  manager.MyListener - The element with locator-->By.xpath: (//div[@class='contact-item_card__2SOIM'])[1]was found
13:46:23  INFO  manager.MyListener - Click on element--->[[ChromeDriver: chrome on WINDOWS (80391e6a23ac91d0d0719bfc6d0069b1)] -> xpath: (//div[@class='contact-item_card__2SOIM'])[1]]
13:46:23  INFO  manager.MyListener - Start search element by locator-->By.xpath: //button[text()='Remove']
13:46:23  INFO  manager.MyListener - The element with locator-->By.xpath: //button[text()='Remove']was found
13:46:23  INFO  manager.MyListener - Click on element--->[[ChromeDriver: chrome on WINDOWS (80391e6a23ac91d0d0719bfc6d0069b1)] -> xpath: //button[text()='Remove']]
13:46:23  INFO  manager.MyListener - Start search element by locator-->By.xpath: (//div[@class='contact-item_card__2SOIM'])[1]
13:46:23  INFO  manager.MyListener - The element with locator-->By.xpath: (//div[@class='contact-item_card__2SOIM'])[1]was found
13:46:23  INFO  manager.MyListener - Click on element--->[[ChromeDriver: chrome on WINDOWS (80391e6a23ac91d0d0719bfc6d0069b1)] -> xpath: (//div[@class='contact-item_card__2SOIM'])[1]]
13:46:23  INFO  manager.MyListener - Start search element by locator-->By.xpath: //button[text()='Remove']
13:46:23  INFO  manager.MyListener - The element with locator-->By.xpath: //button[text()='Remove']was found
13:46:23  INFO  manager.MyListener - Click on element--->[[ChromeDriver: chrome on WINDOWS (80391e6a23ac91d0d0719bfc6d0069b1)] -> xpath: //button[text()='Remove']]
13:46:23  INFO  manager.MyListener - Start search element by locator-->By.xpath: (//div[@class='contact-item_card__2SOIM'])[1]
13:46:23  INFO  manager.MyListener - The element with locator-->By.xpath: (//div[@class='contact-item_card__2SOIM'])[1]was found
13:46:24  INFO  manager.MyListener - Click on element--->[[ChromeDriver: chrome on WINDOWS (80391e6a23ac91d0d0719bfc6d0069b1)] -> xpath: (//div[@class='contact-item_card__2SOIM'])[1]]
13:46:24  INFO  manager.MyListener - Start search element by locator-->By.xpath: //button[text()='Remove']
13:46:24  INFO  manager.MyListener - The element with locator-->By.xpath: //button[text()='Remove']was found
13:46:24  INFO  manager.MyListener - Click on element--->[[ChromeDriver: chrome on WINDOWS (80391e6a23ac91d0d0719bfc6d0069b1)] -> xpath: //button[text()='Remove']]
13:46:24  INFO  manager.MyListener - Start search element by locator-->By.xpath: (//div[@class='contact-item_card__2SOIM'])[1]
13:46:24  INFO  manager.MyListener - The element with locator-->By.xpath: (//div[@class='contact-item_card__2SOIM'])[1]was found
13:46:24  INFO  manager.MyListener - Click on element--->[[ChromeDriver: chrome on WINDOWS (80391e6a23ac91d0d0719bfc6d0069b1)] -> xpath: (//div[@class='contact-item_card__2SOIM'])[1]]
13:46:24  INFO  manager.MyListener - Start search element by locator-->By.xpath: //button[text()='Remove']
13:46:24  INFO  manager.MyListener - The element with locator-->By.xpath: //button[text()='Remove']was found
13:46:24  INFO  manager.MyListener - Click on element--->[[ChromeDriver: chrome on WINDOWS (80391e6a23ac91d0d0719bfc6d0069b1)] -> xpath: //button[text()='Remove']]
13:46:24  INFO  manager.MyListener - Start search element by locator-->By.xpath: (//div[@class='contact-item_card__2SOIM'])[1]
13:46:24  INFO  manager.MyListener - The element with locator-->By.xpath: (//div[@class='contact-item_card__2SOIM'])[1]was found
13:46:24  INFO  manager.MyListener - Click on element--->[[ChromeDriver: chrome on WINDOWS (80391e6a23ac91d0d0719bfc6d0069b1)] -> xpath: (//div[@class='contact-item_card__2SOIM'])[1]]
13:46:24  INFO  manager.MyListener - Start search element by locator-->By.xpath: //button[text()='Remove']
13:46:24  INFO  manager.MyListener - The element with locator-->By.xpath: //button[text()='Remove']was found
13:46:24  INFO  manager.MyListener - Something went wrong!!!
13:46:24  INFO  manager.MyListener - org.openqa.selenium.StaleElementReferenceException: stale element reference: element is not attached to the page document
  (Session info: chrome=95.0.4638.54)
For documentation on this error, please visit: https://www.seleniumhq.org/exceptions/stale_element_reference.html
Build info: version: '3.141.59', revision: 'e82be7d358', time: '2018-11-14T08:17:03'
System info: host: 'DESKTOP-LB14E35', ip: '172.20.10.10', os.name: 'Windows 10', os.arch: 'amd64', os.version: '10.0', java.version: '1.8.0_301'
Driver info: org.openqa.selenium.chrome.ChromeDriver
Capabilities {acceptInsecureCerts: false, browserName: chrome, browserVersion: 95.0.4638.54, chrome: {chromedriverVersion: 94.0.4606.61 (418b78f5838ed..., userDataDir: C:\Users\Inga\AppData\Local...}, goog:chromeOptions: {debuggerAddress: localhost:65012}, javascriptEnabled: true, networkConnectionEnabled: false, pageLoadStrategy: normal, platform: WINDOWS, platformName: WINDOWS, proxy: Proxy(), setWindowRect: true, strictFileInteractability: false, timeouts: {implicit: 0, pageLoad: 300000, script: 30000}, unhandledPromptBehavior: dismiss and notify, webauthn:extension:credBlob: true, webauthn:extension:largeBlob: true, webauthn:virtualAuthenticators: true}
Session ID: 80391e6a23ac91d0d0719bfc6d0069b1
13:46:24  INFO  manager.MyListener - This link to screenshot with error --->src/test/screenshots/screenshot-2784.png
13:46:24  INFO  tests.TestBase - ================================================================
