13:47:09  INFO  manager.ApplicationManager - Tests starts on Chrome Driver
13:47:10  INFO  tests.TestBase - Start test --> removeAllContact
13:47:10  INFO  manager.MyListener - Start search element by locator-->By.xpath: //button[text()='Sign Out']
13:47:20  INFO  manager.MyListener - The element with locator-->By.xpath: //button[text()='Sign Out']was found
13:47:20  INFO  manager.MyListener - Start search element by locator-->By.xpath: //a[text()='LOGIN']
13:47:20  INFO  manager.MyListener - The element with locator-->By.xpath: //a[text()='LOGIN']was found
13:47:20  INFO  manager.MyListener - Click on element--->[[ChromeDriver: chrome on WINDOWS (4b6c22cfb00dae262db6a8ddda25aba1)] -> xpath: //a[text()='LOGIN']]
13:47:20  INFO  manager.MyListener - Start search element by locator-->By.xpath: //input[1]
13:47:20  INFO  manager.MyListener - The element with locator-->By.xpath: //input[1]was found
13:47:20  INFO  manager.MyListener - Click on element--->[[ChromeDriver: chrome on WINDOWS (4b6c22cfb00dae262db6a8ddda25aba1)] -> xpath: //input[1]]
13:47:20  INFO  manager.MyListener - Start search element by locator-->By.xpath: //input[2]
13:47:20  INFO  manager.MyListener - The element with locator-->By.xpath: //input[2]was found
13:47:20  INFO  manager.MyListener - Click on element--->[[ChromeDriver: chrome on WINDOWS (4b6c22cfb00dae262db6a8ddda25aba1)] -> xpath: //input[2]]
13:47:21  INFO  manager.MyListener - Start search element by locator-->By.xpath: //button[1]
13:47:21  INFO  manager.MyListener - The element with locator-->By.xpath: //button[1]was found
13:47:21  INFO  manager.MyListener - Click on element--->[[ChromeDriver: chrome on WINDOWS (4b6c22cfb00dae262db6a8ddda25aba1)] -> xpath: //button[1]]
13:47:21  INFO  manager.MyListener - Start search element by locator-->By.xpath: //div[@class='contact-item_card__2SOIM']
13:47:22  INFO  manager.MyListener - The element with locator-->By.xpath: //div[@class='contact-item_card__2SOIM']was found
13:47:22  INFO  manager.MyListener - Start search element by locator-->By.xpath: (//div[@class='contact-item_card__2SOIM'])[1]
13:47:22  INFO  manager.MyListener - The element with locator-->By.xpath: (//div[@class='contact-item_card__2SOIM'])[1]was found
13:47:22  INFO  manager.MyListener - Click on element--->[[ChromeDriver: chrome on WINDOWS (4b6c22cfb00dae262db6a8ddda25aba1)] -> xpath: (//div[@class='contact-item_card__2SOIM'])[1]]
13:47:22  INFO  manager.MyListener - Start search element by locator-->By.xpath: //button[text()='Remove']
13:47:22  INFO  manager.MyListener - The element with locator-->By.xpath: //button[text()='Remove']was found
13:47:22  INFO  manager.MyListener - Click on element--->[[ChromeDriver: chrome on WINDOWS (4b6c22cfb00dae262db6a8ddda25aba1)] -> xpath: //button[text()='Remove']]
13:47:25  INFO  manager.MyListener - Start search element by locator-->By.xpath: (//div[@class='contact-item_card__2SOIM'])[1]
13:47:25  INFO  manager.MyListener - The element with locator-->By.xpath: (//div[@class='contact-item_card__2SOIM'])[1]was found
13:47:25  INFO  manager.MyListener - Click on element--->[[ChromeDriver: chrome on WINDOWS (4b6c22cfb00dae262db6a8ddda25aba1)] -> xpath: (//div[@class='contact-item_card__2SOIM'])[1]]
13:47:25  INFO  manager.MyListener - Start search element by locator-->By.xpath: //button[text()='Remove']
13:47:25  INFO  manager.MyListener - The element with locator-->By.xpath: //button[text()='Remove']was found
13:47:25  INFO  manager.MyListener - Click on element--->[[ChromeDriver: chrome on WINDOWS (4b6c22cfb00dae262db6a8ddda25aba1)] -> xpath: //button[text()='Remove']]
13:47:28  INFO  manager.MyListener - Start search element by locator-->By.xpath: (//div[@class='contact-item_card__2SOIM'])[1]
13:47:28  INFO  manager.MyListener - The element with locator-->By.xpath: (//div[@class='contact-item_card__2SOIM'])[1]was found
13:47:28  INFO  manager.MyListener - Click on element--->[[ChromeDriver: chrome on WINDOWS (4b6c22cfb00dae262db6a8ddda25aba1)] -> xpath: (//div[@class='contact-item_card__2SOIM'])[1]]
13:47:28  INFO  manager.MyListener - Start search element by locator-->By.xpath: //button[text()='Remove']
13:47:28  INFO  manager.MyListener - The element with locator-->By.xpath: //button[text()='Remove']was found
13:47:28  INFO  manager.MyListener - Click on element--->[[ChromeDriver: chrome on WINDOWS (4b6c22cfb00dae262db6a8ddda25aba1)] -> xpath: //button[text()='Remove']]
13:47:31  INFO  manager.MyListener - Start search element by locator-->By.xpath: (//div[@class='contact-item_card__2SOIM'])[1]
13:47:31  INFO  manager.MyListener - The element with locator-->By.xpath: (//div[@class='contact-item_card__2SOIM'])[1]was found
13:47:31  INFO  manager.MyListener - Click on element--->[[ChromeDriver: chrome on WINDOWS (4b6c22cfb00dae262db6a8ddda25aba1)] -> xpath: (//div[@class='contact-item_card__2SOIM'])[1]]
13:47:31  INFO  manager.MyListener - Start search element by locator-->By.xpath: //button[text()='Remove']
13:47:31  INFO  manager.MyListener - The element with locator-->By.xpath: //button[text()='Remove']was found
13:47:31  INFO  manager.MyListener - Click on element--->[[ChromeDriver: chrome on WINDOWS (4b6c22cfb00dae262db6a8ddda25aba1)] -> xpath: //button[text()='Remove']]
13:47:34  INFO  manager.MyListener - Start search element by locator-->By.xpath: (//div[@class='contact-item_card__2SOIM'])[1]
13:47:34  INFO  manager.MyListener - The element with locator-->By.xpath: (//div[@class='contact-item_card__2SOIM'])[1]was found
13:47:34  INFO  manager.MyListener - Click on element--->[[ChromeDriver: chrome on WINDOWS (4b6c22cfb00dae262db6a8ddda25aba1)] -> xpath: (//div[@class='contact-item_card__2SOIM'])[1]]
13:47:34  INFO  manager.MyListener - Start search element by locator-->By.xpath: //button[text()='Remove']
13:47:35  INFO  manager.MyListener - The element with locator-->By.xpath: //button[text()='Remove']was found
13:47:35  INFO  manager.MyListener - Click on element--->[[ChromeDriver: chrome on WINDOWS (4b6c22cfb00dae262db6a8ddda25aba1)] -> xpath: //button[text()='Remove']]
13:47:38  INFO  manager.MyListener - Start search element by locator-->By.xpath: (//div[@class='contact-item_card__2SOIM'])[1]
13:47:38  INFO  manager.MyListener - The element with locator-->By.xpath: (//div[@class='contact-item_card__2SOIM'])[1]was found
13:47:38  INFO  manager.MyListener - Click on element--->[[ChromeDriver: chrome on WINDOWS (4b6c22cfb00dae262db6a8ddda25aba1)] -> xpath: (//div[@class='contact-item_card__2SOIM'])[1]]
13:47:38  INFO  manager.MyListener - Start search element by locator-->By.xpath: //button[text()='Remove']
13:47:38  INFO  manager.MyListener - The element with locator-->By.xpath: //button[text()='Remove']was found
13:47:38  INFO  manager.MyListener - Click on element--->[[ChromeDriver: chrome on WINDOWS (4b6c22cfb00dae262db6a8ddda25aba1)] -> xpath: //button[text()='Remove']]
13:47:41  INFO  manager.MyListener - Start search element by locator-->By.xpath: (//div[@class='contact-item_card__2SOIM'])[1]
13:47:41  INFO  manager.MyListener - The element with locator-->By.xpath: (//div[@class='contact-item_card__2SOIM'])[1]was found
13:47:41  INFO  manager.MyListener - Click on element--->[[ChromeDriver: chrome on WINDOWS (4b6c22cfb00dae262db6a8ddda25aba1)] -> xpath: (//div[@class='contact-item_card__2SOIM'])[1]]
13:47:41  INFO  manager.MyListener - Start search element by locator-->By.xpath: //button[text()='Remove']
13:47:41  INFO  manager.MyListener - The element with locator-->By.xpath: //button[text()='Remove']was found
13:47:41  INFO  manager.MyListener - Click on element--->[[ChromeDriver: chrome on WINDOWS (4b6c22cfb00dae262db6a8ddda25aba1)] -> xpath: //button[text()='Remove']]
13:47:44  INFO  manager.MyListener - Start search element by locator-->By.xpath: (//div[@class='contact-item_card__2SOIM'])[1]
13:47:44  INFO  manager.MyListener - The element with locator-->By.xpath: (//div[@class='contact-item_card__2SOIM'])[1]was found
13:47:44  INFO  manager.MyListener - Click on element--->[[ChromeDriver: chrome on WINDOWS (4b6c22cfb00dae262db6a8ddda25aba1)] -> xpath: (//div[@class='contact-item_card__2SOIM'])[1]]
13:47:44  INFO  manager.MyListener - Start search element by locator-->By.xpath: //button[text()='Remove']
13:47:44  INFO  manager.MyListener - The element with locator-->By.xpath: //button[text()='Remove']was found
13:47:44  INFO  manager.MyListener - Click on element--->[[ChromeDriver: chrome on WINDOWS (4b6c22cfb00dae262db6a8ddda25aba1)] -> xpath: //button[text()='Remove']]
13:47:47  INFO  manager.MyListener - Start search element by locator-->By.xpath: (//div[@class='contact-item_card__2SOIM'])[1]
13:47:57  INFO  manager.MyListener - Something went wrong!!!
13:47:57  INFO  manager.MyListener - org.openqa.selenium.NoSuchElementException: no such element: Unable to locate element: {"method":"xpath","selector":"(//div[@class='contact-item_card__2SOIM'])[1]"}
  (Session info: chrome=95.0.4638.54)
For documentation on this error, please visit: https://www.seleniumhq.org/exceptions/no_such_element.html
Build info: version: '3.141.59', revision: 'e82be7d358', time: '2018-11-14T08:17:03'
System info: host: 'DESKTOP-LB14E35', ip: '172.20.10.10', os.name: 'Windows 10', os.arch: 'amd64', os.version: '10.0', java.version: '1.8.0_301'
Driver info: org.openqa.selenium.chrome.ChromeDriver
Capabilities {acceptInsecureCerts: false, browserName: chrome, browserVersion: 95.0.4638.54, chrome: {chromedriverVersion: 94.0.4606.61 (418b78f5838ed..., userDataDir: C:\Users\Inga\AppData\Local...}, goog:chromeOptions: {debuggerAddress: localhost:55521}, javascriptEnabled: true, networkConnectionEnabled: false, pageLoadStrategy: normal, platform: WINDOWS, platformName: WINDOWS, proxy: Proxy(), setWindowRect: true, strictFileInteractability: false, timeouts: {implicit: 0, pageLoad: 300000, script: 30000}, unhandledPromptBehavior: dismiss and notify, webauthn:extension:credBlob: true, webauthn:extension:largeBlob: true, webauthn:virtualAuthenticators: true}
Session ID: 4b6c22cfb00dae262db6a8ddda25aba1
*** Element info: {Using=xpath, value=(//div[@class='contact-item_card__2SOIM'])[1]}
13:47:57  INFO  manager.MyListener - This link to screenshot with error --->src/test/screenshots/screenshot-2877.png
13:47:57  INFO  tests.TestBase - ================================================================
