14:10:24  INFO  manager.ApplicationManager - Tests starts on Chrome Driver
14:10:25  INFO  tests.TestBase - Start test --> removeAllContact
14:10:25  INFO  manager.MyListener - Start search element by locator-->By.xpath: //button[text()='Sign Out']
14:10:35  INFO  manager.MyListener - The element with locator-->By.xpath: //button[text()='Sign Out']was found
14:10:35  INFO  manager.MyListener - Start search element by locator-->By.xpath: //a[text()='LOGIN']
14:10:35  INFO  manager.MyListener - The element with locator-->By.xpath: //a[text()='LOGIN']was found
14:10:35  INFO  manager.MyListener - Click on element--->[[ChromeDriver: chrome on WINDOWS (83b331c1c4237fb9abf51a35d1b7e6ab)] -> xpath: //a[text()='LOGIN']]
14:10:35  INFO  manager.MyListener - Start search element by locator-->By.xpath: //input[1]
14:10:35  INFO  manager.MyListener - The element with locator-->By.xpath: //input[1]was found
14:10:35  INFO  manager.MyListener - Click on element--->[[ChromeDriver: chrome on WINDOWS (83b331c1c4237fb9abf51a35d1b7e6ab)] -> xpath: //input[1]]
14:10:36  INFO  manager.MyListener - Start search element by locator-->By.xpath: //input[2]
14:10:36  INFO  manager.MyListener - The element with locator-->By.xpath: //input[2]was found
14:10:36  INFO  manager.MyListener - Click on element--->[[ChromeDriver: chrome on WINDOWS (83b331c1c4237fb9abf51a35d1b7e6ab)] -> xpath: //input[2]]
14:10:36  INFO  manager.MyListener - Start search element by locator-->By.xpath: //button[1]
14:10:36  INFO  manager.MyListener - The element with locator-->By.xpath: //button[1]was found
14:10:36  INFO  manager.MyListener - Click on element--->[[ChromeDriver: chrome on WINDOWS (83b331c1c4237fb9abf51a35d1b7e6ab)] -> xpath: //button[1]]
14:10:36  INFO  manager.MyListener - Start search element by locator-->By.xpath: //div[@class='contact-item_card__2SOIM']
14:10:37  INFO  manager.MyListener - The element with locator-->By.xpath: //div[@class='contact-item_card__2SOIM']was found
14:10:37  INFO  manager.MyListener - Start search element by locator-->By.xpath: (//div[@class='contact-item_card__2SOIM'])[1]
14:10:37  INFO  manager.MyListener - The element with locator-->By.xpath: (//div[@class='contact-item_card__2SOIM'])[1]was found
14:10:37  INFO  manager.MyListener - Click on element--->[[ChromeDriver: chrome on WINDOWS (83b331c1c4237fb9abf51a35d1b7e6ab)] -> xpath: (//div[@class='contact-item_card__2SOIM'])[1]]
14:10:37  INFO  manager.MyListener - Start search element by locator-->By.xpath: //button[text()='Remove']
14:10:37  INFO  manager.MyListener - The element with locator-->By.xpath: //button[text()='Remove']was found
14:10:37  INFO  manager.MyListener - Click on element--->[[ChromeDriver: chrome on WINDOWS (83b331c1c4237fb9abf51a35d1b7e6ab)] -> xpath: //button[text()='Remove']]
14:10:40  INFO  manager.MyListener - Start search element by locator-->By.xpath: (//div[@class='contact-item_card__2SOIM'])[1]
14:10:40  INFO  manager.MyListener - The element with locator-->By.xpath: (//div[@class='contact-item_card__2SOIM'])[1]was found
14:10:40  INFO  manager.MyListener - Click on element--->[[ChromeDriver: chrome on WINDOWS (83b331c1c4237fb9abf51a35d1b7e6ab)] -> xpath: (//div[@class='contact-item_card__2SOIM'])[1]]
14:10:40  INFO  manager.MyListener - Start search element by locator-->By.xpath: //button[text()='Remove']
14:10:40  INFO  manager.MyListener - The element with locator-->By.xpath: //button[text()='Remove']was found
14:10:40  INFO  manager.MyListener - Click on element--->[[ChromeDriver: chrome on WINDOWS (83b331c1c4237fb9abf51a35d1b7e6ab)] -> xpath: //button[text()='Remove']]
14:10:43  INFO  manager.MyListener - Start search element by locator-->By.xpath: (//div[@class='contact-item_card__2SOIM'])[1]
14:10:43  INFO  manager.MyListener - The element with locator-->By.xpath: (//div[@class='contact-item_card__2SOIM'])[1]was found
14:10:43  INFO  manager.MyListener - Click on element--->[[ChromeDriver: chrome on WINDOWS (83b331c1c4237fb9abf51a35d1b7e6ab)] -> xpath: (//div[@class='contact-item_card__2SOIM'])[1]]
14:10:43  INFO  manager.MyListener - Start search element by locator-->By.xpath: //button[text()='Remove']
14:10:43  INFO  manager.MyListener - The element with locator-->By.xpath: //button[text()='Remove']was found
14:10:43  INFO  manager.MyListener - Click on element--->[[ChromeDriver: chrome on WINDOWS (83b331c1c4237fb9abf51a35d1b7e6ab)] -> xpath: //button[text()='Remove']]
14:10:49  INFO  manager.MyListener - Start search element by locator-->By.xpath: //div[@class='contact-item_card__2SOIM']
14:10:59  INFO  manager.MyListener - The element with locator-->By.xpath: //div[@class='contact-item_card__2SOIM']was found
14:10:59  INFO  manager.MyListener - Start search element by locator-->By.cssSelector: div[class='contact-page_message__2qafk'] h1
14:10:59  INFO  manager.MyListener - The element with locator-->By.cssSelector: div[class='contact-page_message__2qafk'] h1was found
14:10:59  INFO  tests.TestBase - ================================================================
