13:55:44  INFO  manager.ApplicationManager - Tests starts on Chrome Driver
13:55:46  INFO  tests.TestBase - Start test --> addNewContactTest
13:55:46  INFO  manager.MyListener - Start search element by locator-->By.xpath: //button[text()='Sign Out']
13:55:56  INFO  manager.MyListener - The element with locator-->By.xpath: //button[text()='Sign Out']was found
13:55:56  INFO  manager.MyListener - Start search element by locator-->By.xpath: //a[text()='LOGIN']
13:55:56  INFO  manager.MyListener - The element with locator-->By.xpath: //a[text()='LOGIN']was found
13:55:56  INFO  manager.MyListener - Click on element--->[[ChromeDriver: chrome on WINDOWS (77a2896196e3a6ef7f5904c9ea37f47e)] -> xpath: //a[text()='LOGIN']]
13:55:56  INFO  manager.MyListener - Start search element by locator-->By.xpath: //input[1]
13:55:56  INFO  manager.MyListener - The element with locator-->By.xpath: //input[1]was found
13:55:56  INFO  manager.MyListener - Click on element--->[[ChromeDriver: chrome on WINDOWS (77a2896196e3a6ef7f5904c9ea37f47e)] -> xpath: //input[1]]
13:55:56  INFO  manager.MyListener - Start search element by locator-->By.xpath: //input[2]
13:55:56  INFO  manager.MyListener - The element with locator-->By.xpath: //input[2]was found
13:55:56  INFO  manager.MyListener - Click on element--->[[ChromeDriver: chrome on WINDOWS (77a2896196e3a6ef7f5904c9ea37f47e)] -> xpath: //input[2]]
13:55:57  INFO  manager.MyListener - Start search element by locator-->By.xpath: //button[1]
13:55:57  INFO  manager.MyListener - The element with locator-->By.xpath: //button[1]was found
13:55:57  INFO  manager.MyListener - Click on element--->[[ChromeDriver: chrome on WINDOWS (77a2896196e3a6ef7f5904c9ea37f47e)] -> xpath: //button[1]]
13:55:57  INFO  manager.MyListener - Start search element by locator-->By.xpath: //a[.='ADD']
13:55:57  INFO  manager.MyListener - The element with locator-->By.xpath: //a[.='ADD']was found
13:55:58  INFO  manager.MyListener - Click on element--->[[ChromeDriver: chrome on WINDOWS (77a2896196e3a6ef7f5904c9ea37f47e)] -> xpath: //a[.='ADD']]
13:55:58  INFO  manager.MyListener - Start search element by locator-->By.cssSelector: [placeholder='Name']
13:55:58  INFO  manager.MyListener - The element with locator-->By.cssSelector: [placeholder='Name']was found
13:55:58  INFO  manager.MyListener - Click on element--->[[ChromeDriver: chrome on WINDOWS (77a2896196e3a6ef7f5904c9ea37f47e)] -> css selector: [placeholder='Name']]
13:55:58  INFO  manager.MyListener - Start search element by locator-->By.cssSelector: [placeholder='Last Name']
13:55:58  INFO  manager.MyListener - The element with locator-->By.cssSelector: [placeholder='Last Name']was found
13:55:58  INFO  manager.MyListener - Click on element--->[[ChromeDriver: chrome on WINDOWS (77a2896196e3a6ef7f5904c9ea37f47e)] -> css selector: [placeholder='Last Name']]
13:55:58  INFO  manager.MyListener - Start search element by locator-->By.cssSelector: [placeholder='Phone']
13:55:58  INFO  manager.MyListener - The element with locator-->By.cssSelector: [placeholder='Phone']was found
13:55:58  INFO  manager.MyListener - Click on element--->[[ChromeDriver: chrome on WINDOWS (77a2896196e3a6ef7f5904c9ea37f47e)] -> css selector: [placeholder='Phone']]
13:55:58  INFO  manager.MyListener - Start search element by locator-->By.cssSelector: [placeholder='email']
13:55:58  INFO  manager.MyListener - The element with locator-->By.cssSelector: [placeholder='email']was found
13:55:58  INFO  manager.MyListener - Click on element--->[[ChromeDriver: chrome on WINDOWS (77a2896196e3a6ef7f5904c9ea37f47e)] -> css selector: [placeholder='email']]
13:55:58  INFO  manager.MyListener - Start search element by locator-->By.cssSelector: [placeholder='Address']
13:55:58  INFO  manager.MyListener - The element with locator-->By.cssSelector: [placeholder='Address']was found
13:55:58  INFO  manager.MyListener - Click on element--->[[ChromeDriver: chrome on WINDOWS (77a2896196e3a6ef7f5904c9ea37f47e)] -> css selector: [placeholder='Address']]
13:55:58  INFO  manager.MyListener - Start search element by locator-->By.cssSelector: [placeholder='description']
13:55:58  INFO  manager.MyListener - The element with locator-->By.cssSelector: [placeholder='description']was found
13:55:59  INFO  manager.MyListener - Click on element--->[[ChromeDriver: chrome on WINDOWS (77a2896196e3a6ef7f5904c9ea37f47e)] -> css selector: [placeholder='description']]
13:55:59  INFO  manager.MyListener - Start search element by locator-->By.xpath: //button[.='Save']
13:55:59  INFO  manager.MyListener - The element with locator-->By.xpath: //button[.='Save']was found
13:55:59  INFO  manager.MyListener - Click on element--->[[ChromeDriver: chrome on WINDOWS (77a2896196e3a6ef7f5904c9ea37f47e)] -> xpath: //button[.='Save']]
13:55:59  INFO  manager.MyListener - Start search element by locator-->By.xpath: (//div[@class='contact-item_card__2SOIM'])
13:55:59  INFO  manager.MyListener - The element with locator-->By.xpath: (//div[@class='contact-item_card__2SOIM'])was found
13:55:59  INFO  tests.TestBase - ================================================================
13:55:59  INFO  tests.TestBase - Start test --> addNewContactTest
13:55:59  INFO  manager.MyListener - Start search element by locator-->By.xpath: //button[text()='Sign Out']
13:55:59  INFO  manager.MyListener - The element with locator-->By.xpath: //button[text()='Sign Out']was found
13:55:59  INFO  manager.MyListener - Start search element by locator-->By.xpath: //a[.='ADD']
13:55:59  INFO  manager.MyListener - The element with locator-->By.xpath: //a[.='ADD']was found
13:56:00  INFO  manager.MyListener - Click on element--->[[ChromeDriver: chrome on WINDOWS (77a2896196e3a6ef7f5904c9ea37f47e)] -> xpath: //a[.='ADD']]
13:56:00  INFO  manager.MyListener - Start search element by locator-->By.cssSelector: [placeholder='Name']
13:56:00  INFO  manager.MyListener - The element with locator-->By.cssSelector: [placeholder='Name']was found
13:56:00  INFO  manager.MyListener - Click on element--->[[ChromeDriver: chrome on WINDOWS (77a2896196e3a6ef7f5904c9ea37f47e)] -> css selector: [placeholder='Name']]
13:56:00  INFO  manager.MyListener - Start search element by locator-->By.cssSelector: [placeholder='Last Name']
13:56:00  INFO  manager.MyListener - The element with locator-->By.cssSelector: [placeholder='Last Name']was found
13:56:00  INFO  manager.MyListener - Click on element--->[[ChromeDriver: chrome on WINDOWS (77a2896196e3a6ef7f5904c9ea37f47e)] -> css selector: [placeholder='Last Name']]
13:56:00  INFO  manager.MyListener - Start search element by locator-->By.cssSelector: [placeholder='Phone']
13:56:00  INFO  manager.MyListener - The element with locator-->By.cssSelector: [placeholder='Phone']was found
13:56:00  INFO  manager.MyListener - Click on element--->[[ChromeDriver: chrome on WINDOWS (77a2896196e3a6ef7f5904c9ea37f47e)] -> css selector: [placeholder='Phone']]
13:56:00  INFO  manager.MyListener - Start search element by locator-->By.cssSelector: [placeholder='email']
13:56:00  INFO  manager.MyListener - The element with locator-->By.cssSelector: [placeholder='email']was found
13:56:00  INFO  manager.MyListener - Click on element--->[[ChromeDriver: chrome on WINDOWS (77a2896196e3a6ef7f5904c9ea37f47e)] -> css selector: [placeholder='email']]
13:56:00  INFO  manager.MyListener - Start search element by locator-->By.cssSelector: [placeholder='Address']
13:56:00  INFO  manager.MyListener - The element with locator-->By.cssSelector: [placeholder='Address']was found
13:56:00  INFO  manager.MyListener - Click on element--->[[ChromeDriver: chrome on WINDOWS (77a2896196e3a6ef7f5904c9ea37f47e)] -> css selector: [placeholder='Address']]
13:56:00  INFO  manager.MyListener - Start search element by locator-->By.cssSelector: [placeholder='description']
13:56:00  INFO  manager.MyListener - The element with locator-->By.cssSelector: [placeholder='description']was found
13:56:00  INFO  manager.MyListener - Click on element--->[[ChromeDriver: chrome on WINDOWS (77a2896196e3a6ef7f5904c9ea37f47e)] -> css selector: [placeholder='description']]
13:56:01  INFO  manager.MyListener - Start search element by locator-->By.xpath: //button[.='Save']
13:56:01  INFO  manager.MyListener - The element with locator-->By.xpath: //button[.='Save']was found
13:56:01  INFO  manager.MyListener - Click on element--->[[ChromeDriver: chrome on WINDOWS (77a2896196e3a6ef7f5904c9ea37f47e)] -> xpath: //button[.='Save']]
13:56:01  INFO  manager.MyListener - Start search element by locator-->By.xpath: (//div[@class='contact-item_card__2SOIM'])
13:56:01  INFO  manager.MyListener - The element with locator-->By.xpath: (//div[@class='contact-item_card__2SOIM'])was found
13:56:01  INFO  tests.TestBase - ================================================================
13:56:01  INFO  tests.TestBase - Start test --> addNewContactTest
13:56:01  INFO  manager.MyListener - Start search element by locator-->By.xpath: //button[text()='Sign Out']
13:56:01  INFO  manager.MyListener - The element with locator-->By.xpath: //button[text()='Sign Out']was found
13:56:01  INFO  manager.MyListener - Start search element by locator-->By.xpath: //a[.='ADD']
13:56:01  INFO  manager.MyListener - The element with locator-->By.xpath: //a[.='ADD']was found
13:56:02  INFO  manager.MyListener - Click on element--->[[ChromeDriver: chrome on WINDOWS (77a2896196e3a6ef7f5904c9ea37f47e)] -> xpath: //a[.='ADD']]
13:56:02  INFO  manager.MyListener - Start search element by locator-->By.cssSelector: [placeholder='Name']
13:56:02  INFO  manager.MyListener - The element with locator-->By.cssSelector: [placeholder='Name']was found
13:56:02  INFO  manager.MyListener - Click on element--->[[ChromeDriver: chrome on WINDOWS (77a2896196e3a6ef7f5904c9ea37f47e)] -> css selector: [placeholder='Name']]
13:56:02  INFO  manager.MyListener - Start search element by locator-->By.cssSelector: [placeholder='Last Name']
13:56:02  INFO  manager.MyListener - The element with locator-->By.cssSelector: [placeholder='Last Name']was found
13:56:02  INFO  manager.MyListener - Click on element--->[[ChromeDriver: chrome on WINDOWS (77a2896196e3a6ef7f5904c9ea37f47e)] -> css selector: [placeholder='Last Name']]
13:56:02  INFO  manager.MyListener - Start search element by locator-->By.cssSelector: [placeholder='Phone']
13:56:02  INFO  manager.MyListener - The element with locator-->By.cssSelector: [placeholder='Phone']was found
13:56:02  INFO  manager.MyListener - Click on element--->[[ChromeDriver: chrome on WINDOWS (77a2896196e3a6ef7f5904c9ea37f47e)] -> css selector: [placeholder='Phone']]
13:56:02  INFO  manager.MyListener - Start search element by locator-->By.cssSelector: [placeholder='email']
13:56:02  INFO  manager.MyListener - The element with locator-->By.cssSelector: [placeholder='email']was found
13:56:02  INFO  manager.MyListener - Click on element--->[[ChromeDriver: chrome on WINDOWS (77a2896196e3a6ef7f5904c9ea37f47e)] -> css selector: [placeholder='email']]
13:56:02  INFO  manager.MyListener - Start search element by locator-->By.cssSelector: [placeholder='Address']
13:56:02  INFO  manager.MyListener - The element with locator-->By.cssSelector: [placeholder='Address']was found
13:56:02  INFO  manager.MyListener - Click on element--->[[ChromeDriver: chrome on WINDOWS (77a2896196e3a6ef7f5904c9ea37f47e)] -> css selector: [placeholder='Address']]
13:56:02  INFO  manager.MyListener - Start search element by locator-->By.cssSelector: [placeholder='description']
13:56:02  INFO  manager.MyListener - The element with locator-->By.cssSelector: [placeholder='description']was found
13:56:02  INFO  manager.MyListener - Click on element--->[[ChromeDriver: chrome on WINDOWS (77a2896196e3a6ef7f5904c9ea37f47e)] -> css selector: [placeholder='description']]
13:56:03  INFO  manager.MyListener - Start search element by locator-->By.xpath: //button[.='Save']
13:56:03  INFO  manager.MyListener - The element with locator-->By.xpath: //button[.='Save']was found
13:56:03  INFO  manager.MyListener - Click on element--->[[ChromeDriver: chrome on WINDOWS (77a2896196e3a6ef7f5904c9ea37f47e)] -> xpath: //button[.='Save']]
13:56:03  INFO  manager.MyListener - Start search element by locator-->By.xpath: (//div[@class='contact-item_card__2SOIM'])
13:56:03  INFO  manager.MyListener - The element with locator-->By.xpath: (//div[@class='contact-item_card__2SOIM'])was found
13:56:03  INFO  tests.TestBase - ================================================================
13:56:03  INFO  tests.TestBase - Start test --> addNewContactTest
13:56:03  INFO  manager.MyListener - Start search element by locator-->By.xpath: //button[text()='Sign Out']
13:56:03  INFO  manager.MyListener - The element with locator-->By.xpath: //button[text()='Sign Out']was found
13:56:03  INFO  manager.MyListener - Start search element by locator-->By.xpath: //a[.='ADD']
13:56:03  INFO  manager.MyListener - The element with locator-->By.xpath: //a[.='ADD']was found
13:56:03  INFO  manager.MyListener - Click on element--->[[ChromeDriver: chrome on WINDOWS (77a2896196e3a6ef7f5904c9ea37f47e)] -> xpath: //a[.='ADD']]
13:56:03  INFO  manager.MyListener - Start search element by locator-->By.cssSelector: [placeholder='Name']
13:56:03  INFO  manager.MyListener - The element with locator-->By.cssSelector: [placeholder='Name']was found
13:56:03  INFO  manager.MyListener - Click on element--->[[ChromeDriver: chrome on WINDOWS (77a2896196e3a6ef7f5904c9ea37f47e)] -> css selector: [placeholder='Name']]
13:56:03  INFO  manager.MyListener - Start search element by locator-->By.cssSelector: [placeholder='Last Name']
13:56:03  INFO  manager.MyListener - The element with locator-->By.cssSelector: [placeholder='Last Name']was found
13:56:03  INFO  manager.MyListener - Click on element--->[[ChromeDriver: chrome on WINDOWS (77a2896196e3a6ef7f5904c9ea37f47e)] -> css selector: [placeholder='Last Name']]
13:56:04  INFO  manager.MyListener - Start search element by locator-->By.cssSelector: [placeholder='Phone']
13:56:04  INFO  manager.MyListener - The element with locator-->By.cssSelector: [placeholder='Phone']was found
13:56:04  INFO  manager.MyListener - Click on element--->[[ChromeDriver: chrome on WINDOWS (77a2896196e3a6ef7f5904c9ea37f47e)] -> css selector: [placeholder='Phone']]
13:56:04  INFO  manager.MyListener - Start search element by locator-->By.cssSelector: [placeholder='email']
13:56:04  INFO  manager.MyListener - The element with locator-->By.cssSelector: [placeholder='email']was found
13:56:04  INFO  manager.MyListener - Click on element--->[[ChromeDriver: chrome on WINDOWS (77a2896196e3a6ef7f5904c9ea37f47e)] -> css selector: [placeholder='email']]
13:56:04  INFO  manager.MyListener - Start search element by locator-->By.cssSelector: [placeholder='Address']
13:56:04  INFO  manager.MyListener - The element with locator-->By.cssSelector: [placeholder='Address']was found
13:56:04  INFO  manager.MyListener - Click on element--->[[ChromeDriver: chrome on WINDOWS (77a2896196e3a6ef7f5904c9ea37f47e)] -> css selector: [placeholder='Address']]
13:56:04  INFO  manager.MyListener - Start search element by locator-->By.cssSelector: [placeholder='description']
13:56:04  INFO  manager.MyListener - The element with locator-->By.cssSelector: [placeholder='description']was found
13:56:04  INFO  manager.MyListener - Click on element--->[[ChromeDriver: chrome on WINDOWS (77a2896196e3a6ef7f5904c9ea37f47e)] -> css selector: [placeholder='description']]
13:56:04  INFO  manager.MyListener - Start search element by locator-->By.xpath: //button[.='Save']
13:56:04  INFO  manager.MyListener - The element with locator-->By.xpath: //button[.='Save']was found
13:56:04  INFO  manager.MyListener - Click on element--->[[ChromeDriver: chrome on WINDOWS (77a2896196e3a6ef7f5904c9ea37f47e)] -> xpath: //button[.='Save']]
13:56:04  INFO  manager.MyListener - Start search element by locator-->By.xpath: (//div[@class='contact-item_card__2SOIM'])
13:56:05  INFO  manager.MyListener - The element with locator-->By.xpath: (//div[@class='contact-item_card__2SOIM'])was found
13:56:05  INFO  tests.TestBase - ================================================================
13:56:05  INFO  tests.TestBase - Start test --> addNewContactTest
13:56:05  INFO  manager.MyListener - Start search element by locator-->By.xpath: //button[text()='Sign Out']
13:56:05  INFO  manager.MyListener - The element with locator-->By.xpath: //button[text()='Sign Out']was found
13:56:05  INFO  manager.MyListener - Start search element by locator-->By.xpath: //a[.='ADD']
13:56:05  INFO  manager.MyListener - The element with locator-->By.xpath: //a[.='ADD']was found
13:56:05  INFO  manager.MyListener - Click on element--->[[ChromeDriver: chrome on WINDOWS (77a2896196e3a6ef7f5904c9ea37f47e)] -> xpath: //a[.='ADD']]
13:56:05  INFO  manager.MyListener - Start search element by locator-->By.cssSelector: [placeholder='Name']
13:56:05  INFO  manager.MyListener - The element with locator-->By.cssSelector: [placeholder='Name']was found
13:56:05  INFO  manager.MyListener - Click on element--->[[ChromeDriver: chrome on WINDOWS (77a2896196e3a6ef7f5904c9ea37f47e)] -> css selector: [placeholder='Name']]
13:56:05  INFO  manager.MyListener - Start search element by locator-->By.cssSelector: [placeholder='Last Name']
13:56:05  INFO  manager.MyListener - The element with locator-->By.cssSelector: [placeholder='Last Name']was found
13:56:05  INFO  manager.MyListener - Click on element--->[[ChromeDriver: chrome on WINDOWS (77a2896196e3a6ef7f5904c9ea37f47e)] -> css selector: [placeholder='Last Name']]
13:56:05  INFO  manager.MyListener - Start search element by locator-->By.cssSelector: [placeholder='Phone']
13:56:05  INFO  manager.MyListener - The element with locator-->By.cssSelector: [placeholder='Phone']was found
13:56:05  INFO  manager.MyListener - Click on element--->[[ChromeDriver: chrome on WINDOWS (77a2896196e3a6ef7f5904c9ea37f47e)] -> css selector: [placeholder='Phone']]
13:56:05  INFO  manager.MyListener - Start search element by locator-->By.cssSelector: [placeholder='email']
13:56:05  INFO  manager.MyListener - The element with locator-->By.cssSelector: [placeholder='email']was found
13:56:06  INFO  manager.MyListener - Click on element--->[[ChromeDriver: chrome on WINDOWS (77a2896196e3a6ef7f5904c9ea37f47e)] -> css selector: [placeholder='email']]
13:56:06  INFO  manager.MyListener - Start search element by locator-->By.cssSelector: [placeholder='Address']
13:56:06  INFO  manager.MyListener - The element with locator-->By.cssSelector: [placeholder='Address']was found
13:56:06  INFO  manager.MyListener - Click on element--->[[ChromeDriver: chrome on WINDOWS (77a2896196e3a6ef7f5904c9ea37f47e)] -> css selector: [placeholder='Address']]
13:56:06  INFO  manager.MyListener - Start search element by locator-->By.cssSelector: [placeholder='description']
13:56:06  INFO  manager.MyListener - The element with locator-->By.cssSelector: [placeholder='description']was found
13:56:06  INFO  manager.MyListener - Click on element--->[[ChromeDriver: chrome on WINDOWS (77a2896196e3a6ef7f5904c9ea37f47e)] -> css selector: [placeholder='description']]
13:56:06  INFO  manager.MyListener - Start search element by locator-->By.xpath: //button[.='Save']
13:56:06  INFO  manager.MyListener - The element with locator-->By.xpath: //button[.='Save']was found
13:56:06  INFO  manager.MyListener - Click on element--->[[ChromeDriver: chrome on WINDOWS (77a2896196e3a6ef7f5904c9ea37f47e)] -> xpath: //button[.='Save']]
13:56:06  INFO  manager.MyListener - Start search element by locator-->By.xpath: (//div[@class='contact-item_card__2SOIM'])
13:56:06  INFO  manager.MyListener - The element with locator-->By.xpath: (//div[@class='contact-item_card__2SOIM'])was found
13:56:06  INFO  tests.TestBase - ================================================================
