15:59:52  INFO  manager.ApplicationManager - Tests starts on Chrome Driver
15:59:53  INFO  tests.TestBase - Start test --> removeAllContacts
15:59:53  INFO  manager.MyListener - Start search element by locator-->By.xpath: //button[text()='Sign Out']
16:00:03  INFO  manager.MyListener - The element with locator-->By.xpath: //button[text()='Sign Out']was found
16:00:03  INFO  manager.MyListener - Start search element by locator-->By.xpath: //a[text()='LOGIN']
16:00:04  INFO  manager.MyListener - The element with locator-->By.xpath: //a[text()='LOGIN']was found
16:00:04  INFO  manager.MyListener - Click on element--->[[ChromeDriver: chrome on WINDOWS (1adfe9470912edeb2ceacdf13f87c08b)] -> xpath: //a[text()='LOGIN']]
16:00:04  INFO  manager.MyListener - Start search element by locator-->By.xpath: //input[1]
16:00:04  INFO  manager.MyListener - The element with locator-->By.xpath: //input[1]was found
16:00:04  INFO  manager.MyListener - Click on element--->[[ChromeDriver: chrome on WINDOWS (1adfe9470912edeb2ceacdf13f87c08b)] -> xpath: //input[1]]
16:00:04  INFO  manager.MyListener - Start search element by locator-->By.xpath: //input[2]
16:00:04  INFO  manager.MyListener - The element with locator-->By.xpath: //input[2]was found
16:00:04  INFO  manager.MyListener - Click on element--->[[ChromeDriver: chrome on WINDOWS (1adfe9470912edeb2ceacdf13f87c08b)] -> xpath: //input[2]]
16:00:04  INFO  manager.MyListener - Start search element by locator-->By.xpath: //button[1]
16:00:04  INFO  manager.MyListener - The element with locator-->By.xpath: //button[1]was found
16:00:04  INFO  manager.MyListener - Click on element--->[[ChromeDriver: chrome on WINDOWS (1adfe9470912edeb2ceacdf13f87c08b)] -> xpath: //button[1]]
16:00:04  INFO  manager.MyListener - Start search element by locator-->By.xpath: //div[@class='contact-item_card__2SOIM']
16:00:05  INFO  manager.MyListener - The element with locator-->By.xpath: //div[@class='contact-item_card__2SOIM']was found
16:00:05  INFO  manager.MyListener - Start search element by locator-->By.xpath: //div[@class='contact-item_card__2SOIM']
16:00:05  INFO  manager.MyListener - The element with locator-->By.xpath: //div[@class='contact-item_card__2SOIM']was found
16:00:05  INFO  manager.MyListener - Start search element by locator-->By.xpath: (//div[@class='contact-item_card__2SOIM'])[1]
16:00:05  INFO  manager.MyListener - The element with locator-->By.xpath: (//div[@class='contact-item_card__2SOIM'])[1]was found
16:00:05  INFO  manager.MyListener - Click on element--->[[ChromeDriver: chrome on WINDOWS (1adfe9470912edeb2ceacdf13f87c08b)] -> xpath: (//div[@class='contact-item_card__2SOIM'])[1]]
16:00:05  INFO  manager.MyListener - Start search element by locator-->By.xpath: //button[text()='Remove']
16:00:05  INFO  manager.MyListener - The element with locator-->By.xpath: //button[text()='Remove']was found
16:00:05  INFO  manager.MyListener - Click on element--->[[ChromeDriver: chrome on WINDOWS (1adfe9470912edeb2ceacdf13f87c08b)] -> xpath: //button[text()='Remove']]
16:00:10  INFO  manager.MyListener - Start search element by locator-->By.xpath: //div[@class='contact-item_card__2SOIM']
16:00:20  INFO  manager.MyListener - The element with locator-->By.xpath: //div[@class='contact-item_card__2SOIM']was found
16:00:20  INFO  manager.MyListener - Start search element by locator-->By.cssSelector: div[class='contact-page_message__2qafk'] h1
16:00:21  INFO  manager.MyListener - The element with locator-->By.cssSelector: div[class='contact-page_message__2qafk'] h1was found
16:00:21  INFO  tests.TestBase - ================================================================
16:00:21  INFO  tests.TestBase - Start test --> removeContact
16:00:21  INFO  manager.MyListener - Start search element by locator-->By.xpath: //button[text()='Sign Out']
16:00:21  INFO  manager.MyListener - The element with locator-->By.xpath: //button[text()='Sign Out']was found
16:00:21  INFO  manager.MyListener - Start search element by locator-->By.xpath: //div[@class='contact-item_card__2SOIM']
16:00:31  INFO  manager.MyListener - The element with locator-->By.xpath: //div[@class='contact-item_card__2SOIM']was found
16:00:31  INFO  manager.MyListener - Start search element by locator-->By.xpath: //a[.='ADD']
16:00:31  INFO  manager.MyListener - The element with locator-->By.xpath: //a[.='ADD']was found
16:00:31  INFO  manager.MyListener - Click on element--->[[ChromeDriver: chrome on WINDOWS (1adfe9470912edeb2ceacdf13f87c08b)] -> xpath: //a[.='ADD']]
16:00:31  INFO  manager.MyListener - Start search element by locator-->By.cssSelector: [placeholder='Name']
16:00:31  INFO  manager.MyListener - The element with locator-->By.cssSelector: [placeholder='Name']was found
16:00:31  INFO  manager.MyListener - Click on element--->[[ChromeDriver: chrome on WINDOWS (1adfe9470912edeb2ceacdf13f87c08b)] -> css selector: [placeholder='Name']]
16:00:31  INFO  manager.MyListener - Start search element by locator-->By.cssSelector: [placeholder='Last Name']
16:00:31  INFO  manager.MyListener - The element with locator-->By.cssSelector: [placeholder='Last Name']was found
16:00:31  INFO  manager.MyListener - Click on element--->[[ChromeDriver: chrome on WINDOWS (1adfe9470912edeb2ceacdf13f87c08b)] -> css selector: [placeholder='Last Name']]
16:00:31  INFO  manager.MyListener - Start search element by locator-->By.cssSelector: [placeholder='Phone']
16:00:31  INFO  manager.MyListener - The element with locator-->By.cssSelector: [placeholder='Phone']was found
16:00:31  INFO  manager.MyListener - Click on element--->[[ChromeDriver: chrome on WINDOWS (1adfe9470912edeb2ceacdf13f87c08b)] -> css selector: [placeholder='Phone']]
16:00:31  INFO  manager.MyListener - Start search element by locator-->By.cssSelector: [placeholder='email']
16:00:31  INFO  manager.MyListener - The element with locator-->By.cssSelector: [placeholder='email']was found
16:00:31  INFO  manager.MyListener - Click on element--->[[ChromeDriver: chrome on WINDOWS (1adfe9470912edeb2ceacdf13f87c08b)] -> css selector: [placeholder='email']]
16:00:31  INFO  manager.MyListener - Start search element by locator-->By.cssSelector: [placeholder='Address']
16:00:31  INFO  manager.MyListener - The element with locator-->By.cssSelector: [placeholder='Address']was found
16:00:32  INFO  manager.MyListener - Click on element--->[[ChromeDriver: chrome on WINDOWS (1adfe9470912edeb2ceacdf13f87c08b)] -> css selector: [placeholder='Address']]
16:00:32  INFO  manager.MyListener - Start search element by locator-->By.cssSelector: [placeholder='description']
16:00:32  INFO  manager.MyListener - The element with locator-->By.cssSelector: [placeholder='description']was found
16:00:32  INFO  manager.MyListener - Click on element--->[[ChromeDriver: chrome on WINDOWS (1adfe9470912edeb2ceacdf13f87c08b)] -> css selector: [placeholder='description']]
16:00:32  INFO  manager.MyListener - Start search element by locator-->By.xpath: //button[.='Save']
16:00:32  INFO  manager.MyListener - The element with locator-->By.xpath: //button[.='Save']was found
16:00:32  INFO  manager.MyListener - Click on element--->[[ChromeDriver: chrome on WINDOWS (1adfe9470912edeb2ceacdf13f87c08b)] -> xpath: //button[.='Save']]
16:00:32  INFO  manager.MyListener - Start search element by locator-->By.xpath: //a[.='ADD']
16:00:32  INFO  manager.MyListener - The element with locator-->By.xpath: //a[.='ADD']was found
16:00:32  INFO  manager.MyListener - Click on element--->[[ChromeDriver: chrome on WINDOWS (1adfe9470912edeb2ceacdf13f87c08b)] -> xpath: //a[.='ADD']]
16:00:32  INFO  manager.MyListener - Start search element by locator-->By.cssSelector: [placeholder='Name']
16:00:32  INFO  manager.MyListener - The element with locator-->By.cssSelector: [placeholder='Name']was found
16:00:32  INFO  manager.MyListener - Click on element--->[[ChromeDriver: chrome on WINDOWS (1adfe9470912edeb2ceacdf13f87c08b)] -> css selector: [placeholder='Name']]
16:00:32  INFO  manager.MyListener - Start search element by locator-->By.cssSelector: [placeholder='Last Name']
16:00:32  INFO  manager.MyListener - The element with locator-->By.cssSelector: [placeholder='Last Name']was found
16:00:32  INFO  manager.MyListener - Click on element--->[[ChromeDriver: chrome on WINDOWS (1adfe9470912edeb2ceacdf13f87c08b)] -> css selector: [placeholder='Last Name']]
16:00:32  INFO  manager.MyListener - Start search element by locator-->By.cssSelector: [placeholder='Phone']
16:00:42  INFO  manager.MyListener - Something went wrong!!!
16:00:42  INFO  manager.MyListener - org.openqa.selenium.NoSuchElementException: no such element: Unable to locate element: {"method":"css selector","selector":"[placeholder='Phone']"}
  (Session info: chrome=95.0.4638.54)
For documentation on this error, please visit: https://www.seleniumhq.org/exceptions/no_such_element.html
Build info: version: '3.141.59', revision: 'e82be7d358', time: '2018-11-14T08:17:03'
System info: host: 'DESKTOP-LB14E35', ip: '172.20.10.10', os.name: 'Windows 10', os.arch: 'amd64', os.version: '10.0', java.version: '1.8.0_301'
Driver info: org.openqa.selenium.chrome.ChromeDriver
Capabilities {acceptInsecureCerts: false, browserName: chrome, browserVersion: 95.0.4638.54, chrome: {chromedriverVersion: 94.0.4606.61 (418b78f5838ed..., userDataDir: C:\Users\Inga\AppData\Local...}, goog:chromeOptions: {debuggerAddress: localhost:49331}, javascriptEnabled: true, networkConnectionEnabled: false, pageLoadStrategy: normal, platform: WINDOWS, platformName: WINDOWS, proxy: Proxy(), setWindowRect: true, strictFileInteractability: false, timeouts: {implicit: 0, pageLoad: 300000, script: 30000}, unhandledPromptBehavior: dismiss and notify, webauthn:extension:credBlob: true, webauthn:extension:largeBlob: true, webauthn:virtualAuthenticators: true}
Session ID: 1adfe9470912edeb2ceacdf13f87c08b
*** Element info: {Using=css selector, value=[placeholder='Phone']}
16:00:43  INFO  manager.MyListener - This link to screenshot with error --->src/test/screenshots/screenshot-42.png
