14:05:45  INFO  manager.ApplicationManager - Tests starts on Chrome Driver
14:05:46  INFO  tests.TestBase - Start test --> addNewContactTest
14:05:46  INFO  manager.MyListener - Start search element by locator-->By.xpath: //button[text()='Sign Out']
14:05:56  INFO  manager.MyListener - The element with locator-->By.xpath: //button[text()='Sign Out']was found
14:05:56  INFO  manager.MyListener - Start search element by locator-->By.xpath: //a[text()='LOGIN']
14:05:56  INFO  manager.MyListener - The element with locator-->By.xpath: //a[text()='LOGIN']was found
14:05:56  INFO  manager.MyListener - Click on element--->[[ChromeDriver: chrome on WINDOWS (1a795bf9985920f55a08c44282bcac09)] -> xpath: //a[text()='LOGIN']]
14:05:56  INFO  manager.MyListener - Start search element by locator-->By.xpath: //input[1]
14:05:56  INFO  manager.MyListener - The element with locator-->By.xpath: //input[1]was found
14:05:56  INFO  manager.MyListener - Click on element--->[[ChromeDriver: chrome on WINDOWS (1a795bf9985920f55a08c44282bcac09)] -> xpath: //input[1]]
14:05:56  INFO  manager.MyListener - Start search element by locator-->By.xpath: //input[2]
14:05:56  INFO  manager.MyListener - The element with locator-->By.xpath: //input[2]was found
14:05:56  INFO  manager.MyListener - Click on element--->[[ChromeDriver: chrome on WINDOWS (1a795bf9985920f55a08c44282bcac09)] -> xpath: //input[2]]
14:05:56  INFO  manager.MyListener - Start search element by locator-->By.xpath: //button[1]
14:05:56  INFO  manager.MyListener - The element with locator-->By.xpath: //button[1]was found
14:05:56  INFO  manager.MyListener - Click on element--->[[ChromeDriver: chrome on WINDOWS (1a795bf9985920f55a08c44282bcac09)] -> xpath: //button[1]]
14:05:56  INFO  manager.MyListener - Start search element by locator-->By.xpath: //a[.='ADD']
14:05:57  INFO  manager.MyListener - The element with locator-->By.xpath: //a[.='ADD']was found
14:05:58  INFO  manager.MyListener - Click on element--->[[ChromeDriver: chrome on WINDOWS (1a795bf9985920f55a08c44282bcac09)] -> xpath: //a[.='ADD']]
14:05:58  INFO  manager.MyListener - Start search element by locator-->By.cssSelector: [placeholder='Name']
14:05:58  INFO  manager.MyListener - The element with locator-->By.cssSelector: [placeholder='Name']was found
14:05:58  INFO  manager.MyListener - Click on element--->[[ChromeDriver: chrome on WINDOWS (1a795bf9985920f55a08c44282bcac09)] -> css selector: [placeholder='Name']]
14:05:58  INFO  manager.MyListener - Start search element by locator-->By.cssSelector: [placeholder='Last Name']
14:05:58  INFO  manager.MyListener - The element with locator-->By.cssSelector: [placeholder='Last Name']was found
14:05:58  INFO  manager.MyListener - Click on element--->[[ChromeDriver: chrome on WINDOWS (1a795bf9985920f55a08c44282bcac09)] -> css selector: [placeholder='Last Name']]
14:05:58  INFO  manager.MyListener - Start search element by locator-->By.cssSelector: [placeholder='Phone']
14:05:58  INFO  manager.MyListener - The element with locator-->By.cssSelector: [placeholder='Phone']was found
14:05:58  INFO  manager.MyListener - Click on element--->[[ChromeDriver: chrome on WINDOWS (1a795bf9985920f55a08c44282bcac09)] -> css selector: [placeholder='Phone']]
14:05:58  INFO  manager.MyListener - Start search element by locator-->By.cssSelector: [placeholder='email']
14:05:58  INFO  manager.MyListener - The element with locator-->By.cssSelector: [placeholder='email']was found
14:05:58  INFO  manager.MyListener - Click on element--->[[ChromeDriver: chrome on WINDOWS (1a795bf9985920f55a08c44282bcac09)] -> css selector: [placeholder='email']]
14:05:58  INFO  manager.MyListener - Start search element by locator-->By.cssSelector: [placeholder='Address']
14:05:58  INFO  manager.MyListener - The element with locator-->By.cssSelector: [placeholder='Address']was found
14:05:58  INFO  manager.MyListener - Click on element--->[[ChromeDriver: chrome on WINDOWS (1a795bf9985920f55a08c44282bcac09)] -> css selector: [placeholder='Address']]
14:05:58  INFO  manager.MyListener - Start search element by locator-->By.cssSelector: [placeholder='description']
14:05:58  INFO  manager.MyListener - The element with locator-->By.cssSelector: [placeholder='description']was found
14:05:59  INFO  manager.MyListener - Click on element--->[[ChromeDriver: chrome on WINDOWS (1a795bf9985920f55a08c44282bcac09)] -> css selector: [placeholder='description']]
14:05:59  INFO  manager.MyListener - Start search element by locator-->By.xpath: //button[.='Save']
14:05:59  INFO  manager.MyListener - The element with locator-->By.xpath: //button[.='Save']was found
14:05:59  INFO  manager.MyListener - Click on element--->[[ChromeDriver: chrome on WINDOWS (1a795bf9985920f55a08c44282bcac09)] -> xpath: //button[.='Save']]
14:05:59  INFO  manager.MyListener - Start search element by locator-->By.xpath: (//div[@class='contact-item_card__2SOIM'])
14:05:59  INFO  manager.MyListener - The element with locator-->By.xpath: (//div[@class='contact-item_card__2SOIM'])was found
14:05:59  INFO  tests.TestBase - ================================================================
14:05:59  INFO  tests.TestBase - Start test --> addNewContactTest
14:05:59  INFO  manager.MyListener - Start search element by locator-->By.xpath: //button[text()='Sign Out']
14:05:59  INFO  manager.MyListener - The element with locator-->By.xpath: //button[text()='Sign Out']was found
14:05:59  INFO  manager.MyListener - Start search element by locator-->By.xpath: //a[.='ADD']
14:05:59  INFO  manager.MyListener - The element with locator-->By.xpath: //a[.='ADD']was found
14:05:59  INFO  manager.MyListener - Click on element--->[[ChromeDriver: chrome on WINDOWS (1a795bf9985920f55a08c44282bcac09)] -> xpath: //a[.='ADD']]
14:05:59  INFO  manager.MyListener - Start search element by locator-->By.cssSelector: [placeholder='Name']
14:05:59  INFO  manager.MyListener - The element with locator-->By.cssSelector: [placeholder='Name']was found
14:05:59  INFO  manager.MyListener - Click on element--->[[ChromeDriver: chrome on WINDOWS (1a795bf9985920f55a08c44282bcac09)] -> css selector: [placeholder='Name']]
14:05:59  INFO  manager.MyListener - Start search element by locator-->By.cssSelector: [placeholder='Last Name']
14:06:00  INFO  manager.MyListener - The element with locator-->By.cssSelector: [placeholder='Last Name']was found
14:06:00  INFO  manager.MyListener - Click on element--->[[ChromeDriver: chrome on WINDOWS (1a795bf9985920f55a08c44282bcac09)] -> css selector: [placeholder='Last Name']]
14:06:00  INFO  manager.MyListener - Start search element by locator-->By.cssSelector: [placeholder='Phone']
14:06:00  INFO  manager.MyListener - The element with locator-->By.cssSelector: [placeholder='Phone']was found
14:06:00  INFO  manager.MyListener - Click on element--->[[ChromeDriver: chrome on WINDOWS (1a795bf9985920f55a08c44282bcac09)] -> css selector: [placeholder='Phone']]
14:06:00  INFO  manager.MyListener - Start search element by locator-->By.cssSelector: [placeholder='email']
14:06:00  INFO  manager.MyListener - The element with locator-->By.cssSelector: [placeholder='email']was found
14:06:00  INFO  manager.MyListener - Click on element--->[[ChromeDriver: chrome on WINDOWS (1a795bf9985920f55a08c44282bcac09)] -> css selector: [placeholder='email']]
14:06:00  INFO  manager.MyListener - Start search element by locator-->By.cssSelector: [placeholder='Address']
14:06:00  INFO  manager.MyListener - The element with locator-->By.cssSelector: [placeholder='Address']was found
14:06:00  INFO  manager.MyListener - Click on element--->[[ChromeDriver: chrome on WINDOWS (1a795bf9985920f55a08c44282bcac09)] -> css selector: [placeholder='Address']]
14:06:00  INFO  manager.MyListener - Start search element by locator-->By.cssSelector: [placeholder='description']
14:06:00  INFO  manager.MyListener - The element with locator-->By.cssSelector: [placeholder='description']was found
14:06:00  INFO  manager.MyListener - Click on element--->[[ChromeDriver: chrome on WINDOWS (1a795bf9985920f55a08c44282bcac09)] -> css selector: [placeholder='description']]
14:06:00  INFO  manager.MyListener - Start search element by locator-->By.xpath: //button[.='Save']
14:06:00  INFO  manager.MyListener - The element with locator-->By.xpath: //button[.='Save']was found
14:06:00  INFO  manager.MyListener - Click on element--->[[ChromeDriver: chrome on WINDOWS (1a795bf9985920f55a08c44282bcac09)] -> xpath: //button[.='Save']]
14:06:00  INFO  manager.MyListener - Start search element by locator-->By.xpath: (//div[@class='contact-item_card__2SOIM'])
14:06:01  INFO  manager.MyListener - The element with locator-->By.xpath: (//div[@class='contact-item_card__2SOIM'])was found
14:06:01  INFO  tests.TestBase - ================================================================
14:06:01  INFO  tests.TestBase - Start test --> addNewContactTest
14:06:01  INFO  manager.MyListener - Start search element by locator-->By.xpath: //button[text()='Sign Out']
14:06:01  INFO  manager.MyListener - The element with locator-->By.xpath: //button[text()='Sign Out']was found
14:06:01  INFO  manager.MyListener - Start search element by locator-->By.xpath: //a[.='ADD']
14:06:01  INFO  manager.MyListener - The element with locator-->By.xpath: //a[.='ADD']was found
14:06:01  INFO  manager.MyListener - Click on element--->[[ChromeDriver: chrome on WINDOWS (1a795bf9985920f55a08c44282bcac09)] -> xpath: //a[.='ADD']]
14:06:01  INFO  manager.MyListener - Start search element by locator-->By.cssSelector: [placeholder='Name']
14:06:01  INFO  manager.MyListener - The element with locator-->By.cssSelector: [placeholder='Name']was found
14:06:01  INFO  manager.MyListener - Click on element--->[[ChromeDriver: chrome on WINDOWS (1a795bf9985920f55a08c44282bcac09)] -> css selector: [placeholder='Name']]
14:06:01  INFO  manager.MyListener - Start search element by locator-->By.cssSelector: [placeholder='Last Name']
14:06:01  INFO  manager.MyListener - The element with locator-->By.cssSelector: [placeholder='Last Name']was found
14:06:01  INFO  manager.MyListener - Click on element--->[[ChromeDriver: chrome on WINDOWS (1a795bf9985920f55a08c44282bcac09)] -> css selector: [placeholder='Last Name']]
14:06:01  INFO  manager.MyListener - Start search element by locator-->By.cssSelector: [placeholder='Phone']
14:06:01  INFO  manager.MyListener - The element with locator-->By.cssSelector: [placeholder='Phone']was found
14:06:01  INFO  manager.MyListener - Click on element--->[[ChromeDriver: chrome on WINDOWS (1a795bf9985920f55a08c44282bcac09)] -> css selector: [placeholder='Phone']]
14:06:01  INFO  manager.MyListener - Start search element by locator-->By.cssSelector: [placeholder='email']
14:06:01  INFO  manager.MyListener - The element with locator-->By.cssSelector: [placeholder='email']was found
14:06:01  INFO  manager.MyListener - Click on element--->[[ChromeDriver: chrome on WINDOWS (1a795bf9985920f55a08c44282bcac09)] -> css selector: [placeholder='email']]
14:06:02  INFO  manager.MyListener - Start search element by locator-->By.cssSelector: [placeholder='Address']
14:06:02  INFO  manager.MyListener - The element with locator-->By.cssSelector: [placeholder='Address']was found
14:06:02  INFO  manager.MyListener - Click on element--->[[ChromeDriver: chrome on WINDOWS (1a795bf9985920f55a08c44282bcac09)] -> css selector: [placeholder='Address']]
14:06:02  INFO  manager.MyListener - Start search element by locator-->By.cssSelector: [placeholder='description']
14:06:02  INFO  manager.MyListener - The element with locator-->By.cssSelector: [placeholder='description']was found
14:06:02  INFO  manager.MyListener - Click on element--->[[ChromeDriver: chrome on WINDOWS (1a795bf9985920f55a08c44282bcac09)] -> css selector: [placeholder='description']]
14:06:02  INFO  manager.MyListener - Start search element by locator-->By.xpath: //button[.='Save']
14:06:02  INFO  manager.MyListener - The element with locator-->By.xpath: //button[.='Save']was found
14:06:02  INFO  manager.MyListener - Click on element--->[[ChromeDriver: chrome on WINDOWS (1a795bf9985920f55a08c44282bcac09)] -> xpath: //button[.='Save']]
14:06:02  INFO  manager.MyListener - Start search element by locator-->By.xpath: (//div[@class='contact-item_card__2SOIM'])
14:06:02  INFO  manager.MyListener - The element with locator-->By.xpath: (//div[@class='contact-item_card__2SOIM'])was found
14:06:02  INFO  tests.TestBase - ================================================================
14:06:02  INFO  tests.TestBase - Start test --> addNewContactTest
14:06:02  INFO  manager.MyListener - Start search element by locator-->By.xpath: //button[text()='Sign Out']
14:06:02  INFO  manager.MyListener - The element with locator-->By.xpath: //button[text()='Sign Out']was found
14:06:02  INFO  manager.MyListener - Start search element by locator-->By.xpath: //a[.='ADD']
14:06:02  INFO  manager.MyListener - The element with locator-->By.xpath: //a[.='ADD']was found
14:06:02  INFO  manager.MyListener - Click on element--->[[ChromeDriver: chrome on WINDOWS (1a795bf9985920f55a08c44282bcac09)] -> xpath: //a[.='ADD']]
14:06:02  INFO  manager.MyListener - Start search element by locator-->By.cssSelector: [placeholder='Name']
14:06:02  INFO  manager.MyListener - The element with locator-->By.cssSelector: [placeholder='Name']was found
14:06:02  INFO  manager.MyListener - Click on element--->[[ChromeDriver: chrome on WINDOWS (1a795bf9985920f55a08c44282bcac09)] -> css selector: [placeholder='Name']]
14:06:03  INFO  manager.MyListener - Start search element by locator-->By.cssSelector: [placeholder='Last Name']
14:06:03  INFO  manager.MyListener - The element with locator-->By.cssSelector: [placeholder='Last Name']was found
14:06:03  INFO  manager.MyListener - Click on element--->[[ChromeDriver: chrome on WINDOWS (1a795bf9985920f55a08c44282bcac09)] -> css selector: [placeholder='Last Name']]
14:06:03  INFO  manager.MyListener - Start search element by locator-->By.cssSelector: [placeholder='Phone']
14:06:03  INFO  manager.MyListener - The element with locator-->By.cssSelector: [placeholder='Phone']was found
14:06:03  INFO  manager.MyListener - Click on element--->[[ChromeDriver: chrome on WINDOWS (1a795bf9985920f55a08c44282bcac09)] -> css selector: [placeholder='Phone']]
14:06:03  INFO  manager.MyListener - Start search element by locator-->By.cssSelector: [placeholder='email']
14:06:03  INFO  manager.MyListener - The element with locator-->By.cssSelector: [placeholder='email']was found
14:06:03  INFO  manager.MyListener - Click on element--->[[ChromeDriver: chrome on WINDOWS (1a795bf9985920f55a08c44282bcac09)] -> css selector: [placeholder='email']]
14:06:03  INFO  manager.MyListener - Start search element by locator-->By.cssSelector: [placeholder='Address']
14:06:03  INFO  manager.MyListener - The element with locator-->By.cssSelector: [placeholder='Address']was found
14:06:03  INFO  manager.MyListener - Click on element--->[[ChromeDriver: chrome on WINDOWS (1a795bf9985920f55a08c44282bcac09)] -> css selector: [placeholder='Address']]
14:06:03  INFO  manager.MyListener - Start search element by locator-->By.cssSelector: [placeholder='description']
14:06:03  INFO  manager.MyListener - The element with locator-->By.cssSelector: [placeholder='description']was found
14:06:03  INFO  manager.MyListener - Click on element--->[[ChromeDriver: chrome on WINDOWS (1a795bf9985920f55a08c44282bcac09)] -> css selector: [placeholder='description']]
14:06:03  INFO  manager.MyListener - Start search element by locator-->By.xpath: //button[.='Save']
14:06:03  INFO  manager.MyListener - The element with locator-->By.xpath: //button[.='Save']was found
14:06:03  INFO  manager.MyListener - Click on element--->[[ChromeDriver: chrome on WINDOWS (1a795bf9985920f55a08c44282bcac09)] -> xpath: //button[.='Save']]
14:06:03  INFO  manager.MyListener - Start search element by locator-->By.xpath: (//div[@class='contact-item_card__2SOIM'])
14:06:04  INFO  manager.MyListener - The element with locator-->By.xpath: (//div[@class='contact-item_card__2SOIM'])was found
14:06:04  INFO  tests.TestBase - ================================================================
14:06:04  INFO  tests.TestBase - Start test --> addNewContactTest
14:06:04  INFO  manager.MyListener - Start search element by locator-->By.xpath: //button[text()='Sign Out']
14:06:04  INFO  manager.MyListener - The element with locator-->By.xpath: //button[text()='Sign Out']was found
14:06:04  INFO  manager.MyListener - Start search element by locator-->By.xpath: //a[.='ADD']
14:06:04  INFO  manager.MyListener - The element with locator-->By.xpath: //a[.='ADD']was found
14:06:04  INFO  manager.MyListener - Click on element--->[[ChromeDriver: chrome on WINDOWS (1a795bf9985920f55a08c44282bcac09)] -> xpath: //a[.='ADD']]
14:06:04  INFO  manager.MyListener - Start search element by locator-->By.cssSelector: [placeholder='Name']
14:06:04  INFO  manager.MyListener - The element with locator-->By.cssSelector: [placeholder='Name']was found
14:06:04  INFO  manager.MyListener - Click on element--->[[ChromeDriver: chrome on WINDOWS (1a795bf9985920f55a08c44282bcac09)] -> css selector: [placeholder='Name']]
14:06:04  INFO  manager.MyListener - Start search element by locator-->By.cssSelector: [placeholder='Last Name']
14:06:04  INFO  manager.MyListener - The element with locator-->By.cssSelector: [placeholder='Last Name']was found
14:06:04  INFO  manager.MyListener - Click on element--->[[ChromeDriver: chrome on WINDOWS (1a795bf9985920f55a08c44282bcac09)] -> css selector: [placeholder='Last Name']]
14:06:04  INFO  manager.MyListener - Start search element by locator-->By.cssSelector: [placeholder='Phone']
14:06:04  INFO  manager.MyListener - The element with locator-->By.cssSelector: [placeholder='Phone']was found
14:06:04  INFO  manager.MyListener - Click on element--->[[ChromeDriver: chrome on WINDOWS (1a795bf9985920f55a08c44282bcac09)] -> css selector: [placeholder='Phone']]
14:06:04  INFO  manager.MyListener - Start search element by locator-->By.cssSelector: [placeholder='email']
14:06:04  INFO  manager.MyListener - The element with locator-->By.cssSelector: [placeholder='email']was found
14:06:05  INFO  manager.MyListener - Click on element--->[[ChromeDriver: chrome on WINDOWS (1a795bf9985920f55a08c44282bcac09)] -> css selector: [placeholder='email']]
14:06:05  INFO  manager.MyListener - Start search element by locator-->By.cssSelector: [placeholder='Address']
14:06:05  INFO  manager.MyListener - The element with locator-->By.cssSelector: [placeholder='Address']was found
14:06:05  INFO  manager.MyListener - Click on element--->[[ChromeDriver: chrome on WINDOWS (1a795bf9985920f55a08c44282bcac09)] -> css selector: [placeholder='Address']]
14:06:05  INFO  manager.MyListener - Start search element by locator-->By.cssSelector: [placeholder='description']
14:06:05  INFO  manager.MyListener - The element with locator-->By.cssSelector: [placeholder='description']was found
14:06:05  INFO  manager.MyListener - Click on element--->[[ChromeDriver: chrome on WINDOWS (1a795bf9985920f55a08c44282bcac09)] -> css selector: [placeholder='description']]
14:06:05  INFO  manager.MyListener - Start search element by locator-->By.xpath: //button[.='Save']
14:06:05  INFO  manager.MyListener - The element with locator-->By.xpath: //button[.='Save']was found
14:06:05  INFO  manager.MyListener - Click on element--->[[ChromeDriver: chrome on WINDOWS (1a795bf9985920f55a08c44282bcac09)] -> xpath: //button[.='Save']]
14:06:05  INFO  manager.MyListener - Start search element by locator-->By.xpath: (//div[@class='contact-item_card__2SOIM'])
14:06:05  INFO  manager.MyListener - The element with locator-->By.xpath: (//div[@class='contact-item_card__2SOIM'])was found
14:06:05  INFO  tests.TestBase - ================================================================
