14:03:29  INFO  manager.ApplicationManager - Tests starts on Chrome Driver
14:03:31  INFO  tests.TestBase - Start test --> removeAllContact
14:03:31  INFO  manager.MyListener - Start search element by locator-->By.xpath: //button[text()='Sign Out']
14:03:41  INFO  manager.MyListener - The element with locator-->By.xpath: //button[text()='Sign Out']was found
14:03:41  INFO  manager.MyListener - Start search element by locator-->By.xpath: //a[text()='LOGIN']
14:03:41  INFO  manager.MyListener - The element with locator-->By.xpath: //a[text()='LOGIN']was found
14:03:41  INFO  manager.MyListener - Click on element--->[[ChromeDriver: chrome on WINDOWS (740c01ad29cb9a68f740315630c19e69)] -> xpath: //a[text()='LOGIN']]
14:03:41  INFO  manager.MyListener - Start search element by locator-->By.xpath: //input[1]
14:03:41  INFO  manager.MyListener - The element with locator-->By.xpath: //input[1]was found
14:03:41  INFO  manager.MyListener - Click on element--->[[ChromeDriver: chrome on WINDOWS (740c01ad29cb9a68f740315630c19e69)] -> xpath: //input[1]]
14:03:41  INFO  manager.MyListener - Start search element by locator-->By.xpath: //input[2]
14:03:42  INFO  manager.MyListener - The element with locator-->By.xpath: //input[2]was found
14:03:42  INFO  manager.MyListener - Click on element--->[[ChromeDriver: chrome on WINDOWS (740c01ad29cb9a68f740315630c19e69)] -> xpath: //input[2]]
14:03:42  INFO  manager.MyListener - Start search element by locator-->By.xpath: //button[1]
14:03:42  INFO  manager.MyListener - The element with locator-->By.xpath: //button[1]was found
14:03:42  INFO  manager.MyListener - Click on element--->[[ChromeDriver: chrome on WINDOWS (740c01ad29cb9a68f740315630c19e69)] -> xpath: //button[1]]
14:03:42  INFO  manager.MyListener - Start search element by locator-->By.xpath: //div[@class='contact-item_card__2SOIM']
14:03:43  INFO  manager.MyListener - The element with locator-->By.xpath: //div[@class='contact-item_card__2SOIM']was found
14:03:43  INFO  manager.MyListener - Start search element by locator-->By.xpath: (//div[@class='contact-item_card__2SOIM'])[1]
14:03:43  INFO  manager.MyListener - The element with locator-->By.xpath: (//div[@class='contact-item_card__2SOIM'])[1]was found
14:03:43  INFO  manager.MyListener - Click on element--->[[ChromeDriver: chrome on WINDOWS (740c01ad29cb9a68f740315630c19e69)] -> xpath: (//div[@class='contact-item_card__2SOIM'])[1]]
14:03:43  INFO  manager.MyListener - Start search element by locator-->By.xpath: //button[text()='Remove']
14:03:43  INFO  manager.MyListener - The element with locator-->By.xpath: //button[text()='Remove']was found
14:03:43  INFO  manager.MyListener - Click on element--->[[ChromeDriver: chrome on WINDOWS (740c01ad29cb9a68f740315630c19e69)] -> xpath: //button[text()='Remove']]
14:03:46  INFO  manager.MyListener - Start search element by locator-->By.xpath: (//div[@class='contact-item_card__2SOIM'])[1]
14:03:46  INFO  manager.MyListener - The element with locator-->By.xpath: (//div[@class='contact-item_card__2SOIM'])[1]was found
14:03:46  INFO  manager.MyListener - Click on element--->[[ChromeDriver: chrome on WINDOWS (740c01ad29cb9a68f740315630c19e69)] -> xpath: (//div[@class='contact-item_card__2SOIM'])[1]]
14:03:46  INFO  manager.MyListener - Start search element by locator-->By.xpath: //button[text()='Remove']
14:03:46  INFO  manager.MyListener - The element with locator-->By.xpath: //button[text()='Remove']was found
14:03:46  INFO  manager.MyListener - Click on element--->[[ChromeDriver: chrome on WINDOWS (740c01ad29cb9a68f740315630c19e69)] -> xpath: //button[text()='Remove']]
14:03:49  INFO  manager.MyListener - Start search element by locator-->By.xpath: (//div[@class='contact-item_card__2SOIM'])[1]
14:03:49  INFO  manager.MyListener - The element with locator-->By.xpath: (//div[@class='contact-item_card__2SOIM'])[1]was found
14:03:49  INFO  manager.MyListener - Click on element--->[[ChromeDriver: chrome on WINDOWS (740c01ad29cb9a68f740315630c19e69)] -> xpath: (//div[@class='contact-item_card__2SOIM'])[1]]
14:03:49  INFO  manager.MyListener - Start search element by locator-->By.xpath: //button[text()='Remove']
14:03:49  INFO  manager.MyListener - The element with locator-->By.xpath: //button[text()='Remove']was found
14:03:49  INFO  manager.MyListener - Click on element--->[[ChromeDriver: chrome on WINDOWS (740c01ad29cb9a68f740315630c19e69)] -> xpath: //button[text()='Remove']]
14:03:52  INFO  manager.MyListener - Start search element by locator-->By.xpath: (//div[@class='contact-item_card__2SOIM'])[1]
14:03:52  INFO  manager.MyListener - The element with locator-->By.xpath: (//div[@class='contact-item_card__2SOIM'])[1]was found
14:03:52  INFO  manager.MyListener - Click on element--->[[ChromeDriver: chrome on WINDOWS (740c01ad29cb9a68f740315630c19e69)] -> xpath: (//div[@class='contact-item_card__2SOIM'])[1]]
14:03:52  INFO  manager.MyListener - Start search element by locator-->By.xpath: //button[text()='Remove']
14:03:52  INFO  manager.MyListener - The element with locator-->By.xpath: //button[text()='Remove']was found
14:03:53  INFO  manager.MyListener - Click on element--->[[ChromeDriver: chrome on WINDOWS (740c01ad29cb9a68f740315630c19e69)] -> xpath: //button[text()='Remove']]
14:03:56  INFO  manager.MyListener - Start search element by locator-->By.xpath: (//div[@class='contact-item_card__2SOIM'])[1]
14:03:56  INFO  manager.MyListener - The element with locator-->By.xpath: (//div[@class='contact-item_card__2SOIM'])[1]was found
14:03:56  INFO  manager.MyListener - Click on element--->[[ChromeDriver: chrome on WINDOWS (740c01ad29cb9a68f740315630c19e69)] -> xpath: (//div[@class='contact-item_card__2SOIM'])[1]]
14:03:56  INFO  manager.MyListener - Start search element by locator-->By.xpath: //button[text()='Remove']
14:03:56  INFO  manager.MyListener - The element with locator-->By.xpath: //button[text()='Remove']was found
14:03:56  INFO  manager.MyListener - Click on element--->[[ChromeDriver: chrome on WINDOWS (740c01ad29cb9a68f740315630c19e69)] -> xpath: //button[text()='Remove']]
14:04:01  INFO  manager.MyListener - Start search element by locator-->By.xpath: //div[@class='contact-item_card__2SOIM']
14:04:11  INFO  manager.MyListener - The element with locator-->By.xpath: //div[@class='contact-item_card__2SOIM']was found
14:04:11  INFO  manager.MyListener - Start search element by locator-->By.cssSelector: .contact-page_message__2qafk
14:04:11  INFO  manager.MyListener - The element with locator-->By.cssSelector: .contact-page_message__2qafkwas found
14:04:16  INFO  tests.TestBase - ================================================================
