12:54:00  INFO  manager.ApplicationManager - Tests starts on Chrome Driver
12:54:01  INFO  tests.TestBase - Start test --> removeContact
12:54:01  INFO  manager.MyListener - Start search element by locator-->By.xpath: //button[text()='Sign Out']
12:54:11  INFO  manager.MyListener - The element with locator-->By.xpath: //button[text()='Sign Out']was found
12:54:11  INFO  manager.MyListener - Start search element by locator-->By.xpath: //a[text()='LOGIN']
12:54:11  INFO  manager.MyListener - The element with locator-->By.xpath: //a[text()='LOGIN']was found
12:54:12  INFO  manager.MyListener - Start search element by locator-->By.xpath: //input[1]
12:54:12  INFO  manager.MyListener - The element with locator-->By.xpath: //input[1]was found
12:54:12  INFO  manager.MyListener - Start search element by locator-->By.xpath: //input[2]
12:54:12  INFO  manager.MyListener - The element with locator-->By.xpath: //input[2]was found
12:54:12  INFO  manager.MyListener - Start search element by locator-->By.xpath: //button[1]
12:54:12  INFO  manager.MyListener - The element with locator-->By.xpath: //button[1]was found
12:54:29  INFO  manager.MyListener - Start search element by locator-->By.xpath: //div[@class='contact-item_card__2SOIM']
12:54:29  INFO  manager.MyListener - The element with locator-->By.xpath: //div[@class='contact-item_card__2SOIM']was found
12:54:47  INFO  manager.MyListener - Start search element by locator-->By.xpath: (//div[@class='contact-item_card__2SOIM'])[1]
12:54:47  INFO  manager.MyListener - The element with locator-->By.xpath: (//div[@class='contact-item_card__2SOIM'])[1]was found
12:55:07  INFO  manager.MyListener - Start search element by locator-->By.xpath: //button[text()='Remove']
12:55:07  INFO  manager.MyListener - The element with locator-->By.xpath: //button[text()='Remove']was found
12:55:18  INFO  manager.MyListener - Start search element by locator-->By.xpath: //div[@class='contact-item_card__2SOIM']
12:55:18  INFO  manager.MyListener - The element with locator-->By.xpath: //div[@class='contact-item_card__2SOIM']was found
