15:46:01  INFO  manager.ApplicationManager - Tests starts on Chrome Driver
15:46:02  INFO  tests.TestBase - Start test --> addNewContactTest
15:46:02  INFO  manager.MyListener - Start search element by locator-->By.xpath: //button[text()='Sign Out']
15:46:12  INFO  manager.MyListener - The element with locator-->By.xpath: //button[text()='Sign Out']was found
15:46:12  INFO  manager.MyListener - Start search element by locator-->By.xpath: //a[text()='LOGIN']
15:46:12  INFO  manager.MyListener - The element with locator-->By.xpath: //a[text()='LOGIN']was found
15:46:13  INFO  manager.MyListener - Click on element--->[[ChromeDriver: chrome on WINDOWS (43d27e11b4a40cf97477b60133aba9dd)] -> xpath: //a[text()='LOGIN']]
15:46:13  INFO  manager.MyListener - Start search element by locator-->By.xpath: //input[1]
15:46:13  INFO  manager.MyListener - The element with locator-->By.xpath: //input[1]was found
15:46:13  INFO  manager.MyListener - Click on element--->[[ChromeDriver: chrome on WINDOWS (43d27e11b4a40cf97477b60133aba9dd)] -> xpath: //input[1]]
15:46:13  INFO  manager.MyListener - Start search element by locator-->By.xpath: //input[2]
15:46:13  INFO  manager.MyListener - The element with locator-->By.xpath: //input[2]was found
15:46:13  INFO  manager.MyListener - Click on element--->[[ChromeDriver: chrome on WINDOWS (43d27e11b4a40cf97477b60133aba9dd)] -> xpath: //input[2]]
15:46:13  INFO  manager.MyListener - Start search element by locator-->By.xpath: //button[1]
15:46:13  INFO  manager.MyListener - The element with locator-->By.xpath: //button[1]was found
15:46:13  INFO  manager.MyListener - Click on element--->[[ChromeDriver: chrome on WINDOWS (43d27e11b4a40cf97477b60133aba9dd)] -> xpath: //button[1]]
15:46:13  INFO  manager.MyListener - Start search element by locator-->By.xpath: //a[.='ADD']
15:46:14  INFO  manager.MyListener - The element with locator-->By.xpath: //a[.='ADD']was found
15:46:14  INFO  manager.MyListener - Click on element--->[[ChromeDriver: chrome on WINDOWS (43d27e11b4a40cf97477b60133aba9dd)] -> xpath: //a[.='ADD']]
15:46:14  INFO  manager.MyListener - Start search element by locator-->By.cssSelector: [placeholder='Name']
15:46:14  INFO  manager.MyListener - The element with locator-->By.cssSelector: [placeholder='Name']was found
15:46:14  INFO  manager.MyListener - Click on element--->[[ChromeDriver: chrome on WINDOWS (43d27e11b4a40cf97477b60133aba9dd)] -> css selector: [placeholder='Name']]
15:46:14  INFO  manager.MyListener - Start search element by locator-->By.cssSelector: [placeholder='Last Name']
15:46:14  INFO  manager.MyListener - The element with locator-->By.cssSelector: [placeholder='Last Name']was found
15:46:14  INFO  manager.MyListener - Click on element--->[[ChromeDriver: chrome on WINDOWS (43d27e11b4a40cf97477b60133aba9dd)] -> css selector: [placeholder='Last Name']]
15:46:14  INFO  manager.MyListener - Start search element by locator-->By.cssSelector: [placeholder='Phone']
15:46:14  INFO  manager.MyListener - The element with locator-->By.cssSelector: [placeholder='Phone']was found
15:46:14  INFO  manager.MyListener - Click on element--->[[ChromeDriver: chrome on WINDOWS (43d27e11b4a40cf97477b60133aba9dd)] -> css selector: [placeholder='Phone']]
15:46:15  INFO  manager.MyListener - Start search element by locator-->By.cssSelector: [placeholder='email']
15:46:15  INFO  manager.MyListener - The element with locator-->By.cssSelector: [placeholder='email']was found
15:46:15  INFO  manager.MyListener - Click on element--->[[ChromeDriver: chrome on WINDOWS (43d27e11b4a40cf97477b60133aba9dd)] -> css selector: [placeholder='email']]
15:46:15  INFO  manager.MyListener - Start search element by locator-->By.cssSelector: [placeholder='Address']
15:46:15  INFO  manager.MyListener - The element with locator-->By.cssSelector: [placeholder='Address']was found
15:46:15  INFO  manager.MyListener - Click on element--->[[ChromeDriver: chrome on WINDOWS (43d27e11b4a40cf97477b60133aba9dd)] -> css selector: [placeholder='Address']]
15:46:15  INFO  manager.MyListener - Start search element by locator-->By.cssSelector: [placeholder='description']
15:46:15  INFO  manager.MyListener - The element with locator-->By.cssSelector: [placeholder='description']was found
15:46:15  INFO  manager.MyListener - Click on element--->[[ChromeDriver: chrome on WINDOWS (43d27e11b4a40cf97477b60133aba9dd)] -> css selector: [placeholder='description']]
15:46:15  INFO  manager.MyListener - Start search element by locator-->By.xpath: //button[.='Save']
15:46:15  INFO  manager.MyListener - The element with locator-->By.xpath: //button[.='Save']was found
15:46:15  INFO  manager.MyListener - Click on element--->[[ChromeDriver: chrome on WINDOWS (43d27e11b4a40cf97477b60133aba9dd)] -> xpath: //button[.='Save']]
15:46:15  INFO  manager.MyListener - Start search element by locator-->By.xpath: (//div[@class='contact-item_card__2SOIM'])
15:46:16  INFO  manager.MyListener - The element with locator-->By.xpath: (//div[@class='contact-item_card__2SOIM'])was found
15:46:16  INFO  tests.TestBase - ================================================================
15:46:16  INFO  tests.TestBase - Start test --> addNewContactTest
15:46:16  INFO  manager.MyListener - Start search element by locator-->By.xpath: //button[text()='Sign Out']
15:46:16  INFO  manager.MyListener - The element with locator-->By.xpath: //button[text()='Sign Out']was found
15:46:16  INFO  manager.MyListener - Start search element by locator-->By.xpath: //a[.='ADD']
15:46:16  INFO  manager.MyListener - The element with locator-->By.xpath: //a[.='ADD']was found
15:46:16  INFO  manager.MyListener - Click on element--->[[ChromeDriver: chrome on WINDOWS (43d27e11b4a40cf97477b60133aba9dd)] -> xpath: //a[.='ADD']]
15:46:16  INFO  manager.MyListener - Start search element by locator-->By.cssSelector: [placeholder='Name']
15:46:16  INFO  manager.MyListener - The element with locator-->By.cssSelector: [placeholder='Name']was found
15:46:16  INFO  manager.MyListener - Click on element--->[[ChromeDriver: chrome on WINDOWS (43d27e11b4a40cf97477b60133aba9dd)] -> css selector: [placeholder='Name']]
15:46:16  INFO  manager.MyListener - Start search element by locator-->By.cssSelector: [placeholder='Last Name']
15:46:16  INFO  manager.MyListener - The element with locator-->By.cssSelector: [placeholder='Last Name']was found
15:46:16  INFO  manager.MyListener - Click on element--->[[ChromeDriver: chrome on WINDOWS (43d27e11b4a40cf97477b60133aba9dd)] -> css selector: [placeholder='Last Name']]
15:46:16  INFO  manager.MyListener - Start search element by locator-->By.cssSelector: [placeholder='Phone']
15:46:16  INFO  manager.MyListener - The element with locator-->By.cssSelector: [placeholder='Phone']was found
15:46:16  INFO  manager.MyListener - Click on element--->[[ChromeDriver: chrome on WINDOWS (43d27e11b4a40cf97477b60133aba9dd)] -> css selector: [placeholder='Phone']]
15:46:16  INFO  manager.MyListener - Start search element by locator-->By.cssSelector: [placeholder='email']
15:46:16  INFO  manager.MyListener - The element with locator-->By.cssSelector: [placeholder='email']was found
15:46:16  INFO  manager.MyListener - Click on element--->[[ChromeDriver: chrome on WINDOWS (43d27e11b4a40cf97477b60133aba9dd)] -> css selector: [placeholder='email']]
15:46:17  INFO  manager.MyListener - Start search element by locator-->By.cssSelector: [placeholder='Address']
15:46:17  INFO  manager.MyListener - The element with locator-->By.cssSelector: [placeholder='Address']was found
15:46:17  INFO  manager.MyListener - Click on element--->[[ChromeDriver: chrome on WINDOWS (43d27e11b4a40cf97477b60133aba9dd)] -> css selector: [placeholder='Address']]
15:46:17  INFO  manager.MyListener - Start search element by locator-->By.cssSelector: [placeholder='description']
15:46:17  INFO  manager.MyListener - The element with locator-->By.cssSelector: [placeholder='description']was found
15:46:17  INFO  manager.MyListener - Click on element--->[[ChromeDriver: chrome on WINDOWS (43d27e11b4a40cf97477b60133aba9dd)] -> css selector: [placeholder='description']]
15:46:17  INFO  manager.MyListener - Start search element by locator-->By.xpath: //button[.='Save']
15:46:17  INFO  manager.MyListener - The element with locator-->By.xpath: //button[.='Save']was found
15:46:17  INFO  manager.MyListener - Click on element--->[[ChromeDriver: chrome on WINDOWS (43d27e11b4a40cf97477b60133aba9dd)] -> xpath: //button[.='Save']]
15:46:17  INFO  manager.MyListener - Start search element by locator-->By.xpath: (//div[@class='contact-item_card__2SOIM'])
15:46:17  INFO  manager.MyListener - The element with locator-->By.xpath: (//div[@class='contact-item_card__2SOIM'])was found
15:46:17  INFO  tests.TestBase - ================================================================
15:46:17  INFO  tests.TestBase - Start test --> addNewContactTest
15:46:17  INFO  manager.MyListener - Start search element by locator-->By.xpath: //button[text()='Sign Out']
15:46:17  INFO  manager.MyListener - The element with locator-->By.xpath: //button[text()='Sign Out']was found
15:46:17  INFO  manager.MyListener - Start search element by locator-->By.xpath: //a[.='ADD']
15:46:17  INFO  manager.MyListener - The element with locator-->By.xpath: //a[.='ADD']was found
15:46:17  INFO  manager.MyListener - Click on element--->[[ChromeDriver: chrome on WINDOWS (43d27e11b4a40cf97477b60133aba9dd)] -> xpath: //a[.='ADD']]
15:46:17  INFO  manager.MyListener - Start search element by locator-->By.cssSelector: [placeholder='Name']
15:46:17  INFO  manager.MyListener - The element with locator-->By.cssSelector: [placeholder='Name']was found
15:46:17  INFO  manager.MyListener - Click on element--->[[ChromeDriver: chrome on WINDOWS (43d27e11b4a40cf97477b60133aba9dd)] -> css selector: [placeholder='Name']]
15:46:18  INFO  manager.MyListener - Start search element by locator-->By.cssSelector: [placeholder='Last Name']
15:46:18  INFO  manager.MyListener - The element with locator-->By.cssSelector: [placeholder='Last Name']was found
15:46:18  INFO  manager.MyListener - Click on element--->[[ChromeDriver: chrome on WINDOWS (43d27e11b4a40cf97477b60133aba9dd)] -> css selector: [placeholder='Last Name']]
15:46:18  INFO  manager.MyListener - Start search element by locator-->By.cssSelector: [placeholder='Phone']
15:46:18  INFO  manager.MyListener - The element with locator-->By.cssSelector: [placeholder='Phone']was found
15:46:18  INFO  manager.MyListener - Click on element--->[[ChromeDriver: chrome on WINDOWS (43d27e11b4a40cf97477b60133aba9dd)] -> css selector: [placeholder='Phone']]
15:46:18  INFO  manager.MyListener - Start search element by locator-->By.cssSelector: [placeholder='email']
15:46:18  INFO  manager.MyListener - The element with locator-->By.cssSelector: [placeholder='email']was found
15:46:18  INFO  manager.MyListener - Click on element--->[[ChromeDriver: chrome on WINDOWS (43d27e11b4a40cf97477b60133aba9dd)] -> css selector: [placeholder='email']]
15:46:18  INFO  manager.MyListener - Start search element by locator-->By.cssSelector: [placeholder='Address']
15:46:18  INFO  manager.MyListener - The element with locator-->By.cssSelector: [placeholder='Address']was found
15:46:18  INFO  manager.MyListener - Click on element--->[[ChromeDriver: chrome on WINDOWS (43d27e11b4a40cf97477b60133aba9dd)] -> css selector: [placeholder='Address']]
15:46:18  INFO  manager.MyListener - Start search element by locator-->By.cssSelector: [placeholder='description']
15:46:18  INFO  manager.MyListener - The element with locator-->By.cssSelector: [placeholder='description']was found
15:46:18  INFO  manager.MyListener - Click on element--->[[ChromeDriver: chrome on WINDOWS (43d27e11b4a40cf97477b60133aba9dd)] -> css selector: [placeholder='description']]
15:46:18  INFO  manager.MyListener - Start search element by locator-->By.xpath: //button[.='Save']
15:46:18  INFO  manager.MyListener - The element with locator-->By.xpath: //button[.='Save']was found
15:46:18  INFO  manager.MyListener - Click on element--->[[ChromeDriver: chrome on WINDOWS (43d27e11b4a40cf97477b60133aba9dd)] -> xpath: //button[.='Save']]
15:46:18  INFO  manager.MyListener - Start search element by locator-->By.xpath: (//div[@class='contact-item_card__2SOIM'])
15:46:19  INFO  manager.MyListener - The element with locator-->By.xpath: (//div[@class='contact-item_card__2SOIM'])was found
15:46:19  INFO  tests.TestBase - ================================================================
15:46:19  INFO  tests.TestBase - Start test --> addNewContactTest
15:46:19  INFO  manager.MyListener - Start search element by locator-->By.xpath: //button[text()='Sign Out']
15:46:19  INFO  manager.MyListener - The element with locator-->By.xpath: //button[text()='Sign Out']was found
15:46:19  INFO  manager.MyListener - Start search element by locator-->By.xpath: //a[.='ADD']
15:46:19  INFO  manager.MyListener - The element with locator-->By.xpath: //a[.='ADD']was found
15:46:19  INFO  manager.MyListener - Click on element--->[[ChromeDriver: chrome on WINDOWS (43d27e11b4a40cf97477b60133aba9dd)] -> xpath: //a[.='ADD']]
15:46:19  INFO  manager.MyListener - Start search element by locator-->By.cssSelector: [placeholder='Name']
15:46:19  INFO  manager.MyListener - The element with locator-->By.cssSelector: [placeholder='Name']was found
15:46:19  INFO  manager.MyListener - Click on element--->[[ChromeDriver: chrome on WINDOWS (43d27e11b4a40cf97477b60133aba9dd)] -> css selector: [placeholder='Name']]
15:46:19  INFO  manager.MyListener - Start search element by locator-->By.cssSelector: [placeholder='Last Name']
15:46:19  INFO  manager.MyListener - The element with locator-->By.cssSelector: [placeholder='Last Name']was found
15:46:19  INFO  manager.MyListener - Click on element--->[[ChromeDriver: chrome on WINDOWS (43d27e11b4a40cf97477b60133aba9dd)] -> css selector: [placeholder='Last Name']]
15:46:19  INFO  manager.MyListener - Start search element by locator-->By.cssSelector: [placeholder='Phone']
15:46:19  INFO  manager.MyListener - The element with locator-->By.cssSelector: [placeholder='Phone']was found
15:46:19  INFO  manager.MyListener - Click on element--->[[ChromeDriver: chrome on WINDOWS (43d27e11b4a40cf97477b60133aba9dd)] -> css selector: [placeholder='Phone']]
15:46:19  INFO  manager.MyListener - Start search element by locator-->By.cssSelector: [placeholder='email']
15:46:19  INFO  manager.MyListener - The element with locator-->By.cssSelector: [placeholder='email']was found
15:46:20  INFO  manager.MyListener - Click on element--->[[ChromeDriver: chrome on WINDOWS (43d27e11b4a40cf97477b60133aba9dd)] -> css selector: [placeholder='email']]
15:46:20  INFO  manager.MyListener - Start search element by locator-->By.cssSelector: [placeholder='Address']
15:46:20  INFO  manager.MyListener - The element with locator-->By.cssSelector: [placeholder='Address']was found
15:46:20  INFO  manager.MyListener - Click on element--->[[ChromeDriver: chrome on WINDOWS (43d27e11b4a40cf97477b60133aba9dd)] -> css selector: [placeholder='Address']]
15:46:20  INFO  manager.MyListener - Start search element by locator-->By.cssSelector: [placeholder='description']
15:46:20  INFO  manager.MyListener - The element with locator-->By.cssSelector: [placeholder='description']was found
15:46:20  INFO  manager.MyListener - Click on element--->[[ChromeDriver: chrome on WINDOWS (43d27e11b4a40cf97477b60133aba9dd)] -> css selector: [placeholder='description']]
15:46:20  INFO  manager.MyListener - Start search element by locator-->By.xpath: //button[.='Save']
15:46:20  INFO  manager.MyListener - The element with locator-->By.xpath: //button[.='Save']was found
15:46:20  INFO  manager.MyListener - Click on element--->[[ChromeDriver: chrome on WINDOWS (43d27e11b4a40cf97477b60133aba9dd)] -> xpath: //button[.='Save']]
15:46:20  INFO  manager.MyListener - Start search element by locator-->By.xpath: (//div[@class='contact-item_card__2SOIM'])
15:46:20  INFO  manager.MyListener - The element with locator-->By.xpath: (//div[@class='contact-item_card__2SOIM'])was found
15:46:20  INFO  tests.TestBase - ================================================================
15:46:21  INFO  tests.TestBase - Start test --> addNewContactTest
15:46:21  INFO  manager.MyListener - Start search element by locator-->By.xpath: //button[text()='Sign Out']
15:46:21  INFO  manager.MyListener - The element with locator-->By.xpath: //button[text()='Sign Out']was found
15:46:21  INFO  manager.MyListener - Start search element by locator-->By.xpath: //a[.='ADD']
15:46:21  INFO  manager.MyListener - The element with locator-->By.xpath: //a[.='ADD']was found
15:46:21  INFO  manager.MyListener - Click on element--->[[ChromeDriver: chrome on WINDOWS (43d27e11b4a40cf97477b60133aba9dd)] -> xpath: //a[.='ADD']]
15:46:21  INFO  manager.MyListener - Start search element by locator-->By.cssSelector: [placeholder='Name']
15:46:21  INFO  manager.MyListener - The element with locator-->By.cssSelector: [placeholder='Name']was found
15:46:21  INFO  manager.MyListener - Click on element--->[[ChromeDriver: chrome on WINDOWS (43d27e11b4a40cf97477b60133aba9dd)] -> css selector: [placeholder='Name']]
15:46:21  INFO  manager.MyListener - Start search element by locator-->By.cssSelector: [placeholder='Last Name']
15:46:21  INFO  manager.MyListener - The element with locator-->By.cssSelector: [placeholder='Last Name']was found
15:46:21  INFO  manager.MyListener - Click on element--->[[ChromeDriver: chrome on WINDOWS (43d27e11b4a40cf97477b60133aba9dd)] -> css selector: [placeholder='Last Name']]
15:46:21  INFO  manager.MyListener - Start search element by locator-->By.cssSelector: [placeholder='Phone']
15:46:21  INFO  manager.MyListener - The element with locator-->By.cssSelector: [placeholder='Phone']was found
15:46:21  INFO  manager.MyListener - Click on element--->[[ChromeDriver: chrome on WINDOWS (43d27e11b4a40cf97477b60133aba9dd)] -> css selector: [placeholder='Phone']]
15:46:21  INFO  manager.MyListener - Start search element by locator-->By.cssSelector: [placeholder='email']
15:46:21  INFO  manager.MyListener - The element with locator-->By.cssSelector: [placeholder='email']was found
15:46:21  INFO  manager.MyListener - Click on element--->[[ChromeDriver: chrome on WINDOWS (43d27e11b4a40cf97477b60133aba9dd)] -> css selector: [placeholder='email']]
15:46:21  INFO  manager.MyListener - Start search element by locator-->By.cssSelector: [placeholder='Address']
15:46:21  INFO  manager.MyListener - The element with locator-->By.cssSelector: [placeholder='Address']was found
15:46:21  INFO  manager.MyListener - Click on element--->[[ChromeDriver: chrome on WINDOWS (43d27e11b4a40cf97477b60133aba9dd)] -> css selector: [placeholder='Address']]
15:46:21  INFO  manager.MyListener - Start search element by locator-->By.cssSelector: [placeholder='description']
15:46:21  INFO  manager.MyListener - The element with locator-->By.cssSelector: [placeholder='description']was found
15:46:22  INFO  manager.MyListener - Click on element--->[[ChromeDriver: chrome on WINDOWS (43d27e11b4a40cf97477b60133aba9dd)] -> css selector: [placeholder='description']]
15:46:22  INFO  manager.MyListener - Start search element by locator-->By.xpath: //button[.='Save']
15:46:22  INFO  manager.MyListener - The element with locator-->By.xpath: //button[.='Save']was found
15:46:22  INFO  manager.MyListener - Click on element--->[[ChromeDriver: chrome on WINDOWS (43d27e11b4a40cf97477b60133aba9dd)] -> xpath: //button[.='Save']]
15:46:22  INFO  manager.MyListener - Start search element by locator-->By.xpath: (//div[@class='contact-item_card__2SOIM'])
15:46:22  INFO  manager.MyListener - The element with locator-->By.xpath: (//div[@class='contact-item_card__2SOIM'])was found
15:46:22  INFO  tests.TestBase - ================================================================
