15:26:59  INFO  manager.ApplicationManager - Tests starts on Chrome Driver
15:27:00  INFO  tests.TestBase - Start test --> removeContactByNumber
15:27:00  INFO  manager.MyListener - Start search element by locator-->By.xpath: //button[text()='Sign Out']
15:27:10  INFO  manager.MyListener - The element with locator-->By.xpath: //button[text()='Sign Out']was found
15:27:10  INFO  manager.MyListener - Start search element by locator-->By.xpath: //a[text()='LOGIN']
15:27:10  INFO  manager.MyListener - The element with locator-->By.xpath: //a[text()='LOGIN']was found
15:27:10  INFO  manager.MyListener - Click on element--->[[ChromeDriver: chrome on WINDOWS (2433db74b78d435e4cfba5cda0d7a4b0)] -> xpath: //a[text()='LOGIN']]
15:27:10  INFO  manager.MyListener - Start search element by locator-->By.xpath: //input[1]
15:27:10  INFO  manager.MyListener - The element with locator-->By.xpath: //input[1]was found
15:27:10  INFO  manager.MyListener - Click on element--->[[ChromeDriver: chrome on WINDOWS (2433db74b78d435e4cfba5cda0d7a4b0)] -> xpath: //input[1]]
15:27:10  INFO  manager.MyListener - Start search element by locator-->By.xpath: //input[2]
15:27:10  INFO  manager.MyListener - The element with locator-->By.xpath: //input[2]was found
15:27:11  INFO  manager.MyListener - Click on element--->[[ChromeDriver: chrome on WINDOWS (2433db74b78d435e4cfba5cda0d7a4b0)] -> xpath: //input[2]]
15:27:11  INFO  manager.MyListener - Start search element by locator-->By.xpath: //button[1]
15:27:11  INFO  manager.MyListener - The element with locator-->By.xpath: //button[1]was found
15:27:11  INFO  manager.MyListener - Click on element--->[[ChromeDriver: chrome on WINDOWS (2433db74b78d435e4cfba5cda0d7a4b0)] -> xpath: //button[1]]
15:27:11  INFO  manager.MyListener - Start search element by locator-->By.xpath: //div[@class='contact-item_card__2SOIM']
15:27:13  INFO  manager.MyListener - The element with locator-->By.xpath: //div[@class='contact-item_card__2SOIM']was found
15:27:13  INFO  manager.MyListener - Click on element--->[[ChromeDriver: chrome on WINDOWS (2433db74b78d435e4cfba5cda0d7a4b0)] -> xpath: //div[@class='contact-item_card__2SOIM']]
15:27:21  INFO  manager.MyListener - Start search element by locator-->By.xpath: //button[text()='Remove']
15:27:21  INFO  manager.MyListener - The element with locator-->By.xpath: //button[text()='Remove']was found
15:27:21  INFO  manager.MyListener - Click on element--->[[ChromeDriver: chrome on WINDOWS (2433db74b78d435e4cfba5cda0d7a4b0)] -> xpath: //button[text()='Remove']]
15:27:21  INFO  tests.TestBase - ================================================================
