12:56:54  INFO  manager.ApplicationManager - Tests starts on Chrome Driver
12:56:55  INFO  tests.TestBase - Start test --> removeContact
12:56:55  INFO  manager.MyListener - Start search element by locator-->By.xpath: //button[text()='Sign Out']
12:57:05  INFO  manager.MyListener - The element with locator-->By.xpath: //button[text()='Sign Out']was found
12:57:05  INFO  manager.MyListener - Start search element by locator-->By.xpath: //a[text()='LOGIN']
12:57:05  INFO  manager.MyListener - The element with locator-->By.xpath: //a[text()='LOGIN']was found
12:57:05  INFO  manager.MyListener - Start search element by locator-->By.xpath: //input[1]
12:57:05  INFO  manager.MyListener - The element with locator-->By.xpath: //input[1]was found
12:57:05  INFO  manager.MyListener - Start search element by locator-->By.xpath: //input[2]
12:57:05  INFO  manager.MyListener - The element with locator-->By.xpath: //input[2]was found
12:57:06  INFO  manager.MyListener - Start search element by locator-->By.xpath: //button[1]
12:57:06  INFO  manager.MyListener - The element with locator-->By.xpath: //button[1]was found
12:57:06  INFO  manager.MyListener - Start search element by locator-->By.xpath: //div[@class='contact-item_card__2SOIM']
12:57:07  INFO  manager.MyListener - The element with locator-->By.xpath: //div[@class='contact-item_card__2SOIM']was found
12:57:07  INFO  manager.MyListener - Start search element by locator-->By.xpath: (//div[@class='contact-item_card__2SOIM'])[1]
12:57:07  INFO  manager.MyListener - The element with locator-->By.xpath: (//div[@class='contact-item_card__2SOIM'])[1]was found
12:57:07  INFO  manager.MyListener - Start search element by locator-->By.xpath: //button[text()='Remove']
12:57:07  INFO  manager.MyListener - The element with locator-->By.xpath: //button[text()='Remove']was found
12:57:07  INFO  manager.MyListener - Start search element by locator-->By.xpath: //div[@class='contact-item_card__2SOIM']
12:57:07  INFO  manager.MyListener - The element with locator-->By.xpath: //div[@class='contact-item_card__2SOIM']was found
12:57:10  INFO  tests.TestBase - ================================================================
