15:11:41  INFO  manager.ApplicationManager - Tests starts on Chrome Driver
15:11:42  INFO  tests.TestBase - Start test --> removeContactByNumber
15:11:42  INFO  manager.MyListener - Start search element by locator-->By.xpath: //button[text()='Sign Out']
15:11:52  INFO  manager.MyListener - The element with locator-->By.xpath: //button[text()='Sign Out']was found
15:11:52  INFO  manager.MyListener - Start search element by locator-->By.xpath: //a[text()='LOGIN']
15:11:52  INFO  manager.MyListener - The element with locator-->By.xpath: //a[text()='LOGIN']was found
15:11:53  INFO  manager.MyListener - Click on element--->[[ChromeDriver: chrome on WINDOWS (5b652999dde0b4c153b61ba30761fc26)] -> xpath: //a[text()='LOGIN']]
15:11:53  INFO  manager.MyListener - Start search element by locator-->By.xpath: //input[1]
15:11:53  INFO  manager.MyListener - The element with locator-->By.xpath: //input[1]was found
15:11:53  INFO  manager.MyListener - Click on element--->[[ChromeDriver: chrome on WINDOWS (5b652999dde0b4c153b61ba30761fc26)] -> xpath: //input[1]]
15:11:53  INFO  manager.MyListener - Start search element by locator-->By.xpath: //input[2]
15:11:53  INFO  manager.MyListener - The element with locator-->By.xpath: //input[2]was found
15:11:53  INFO  manager.MyListener - Click on element--->[[ChromeDriver: chrome on WINDOWS (5b652999dde0b4c153b61ba30761fc26)] -> xpath: //input[2]]
15:11:53  INFO  manager.MyListener - Start search element by locator-->By.xpath: //button[1]
15:11:53  INFO  manager.MyListener - The element with locator-->By.xpath: //button[1]was found
15:11:53  INFO  manager.MyListener - Click on element--->[[ChromeDriver: chrome on WINDOWS (5b652999dde0b4c153b61ba30761fc26)] -> xpath: //button[1]]
15:11:53  INFO  manager.MyListener - Start search element by locator-->By.cssSelector: .contact-page_leftdiv__yhyke
15:11:54  INFO  manager.MyListener - The element with locator-->By.cssSelector: .contact-page_leftdiv__yhykewas found
15:11:54  INFO  manager.MyListener - Click on element--->[[ChromeDriver: chrome on WINDOWS (5b652999dde0b4c153b61ba30761fc26)] -> css selector: .contact-page_leftdiv__yhyke]
15:11:54  INFO  manager.MyListener - Start search element by locator-->By.xpath: //button[text()='Remove']
15:11:54  INFO  manager.MyListener - The element with locator-->By.xpath: //button[text()='Remove']was found
15:11:54  INFO  manager.MyListener - Click on element--->[[ChromeDriver: chrome on WINDOWS (5b652999dde0b4c153b61ba30761fc26)] -> xpath: //button[text()='Remove']]
15:11:54  INFO  tests.TestBase - ================================================================
