16:01:12  INFO  manager.ApplicationManager - Tests starts on Chrome Driver
16:01:13  INFO  tests.TestBase - Start test --> removeAllContacts
16:01:13  INFO  manager.MyListener - Start search element by locator-->By.xpath: //button[text()='Sign Out']
16:01:23  INFO  manager.MyListener - The element with locator-->By.xpath: //button[text()='Sign Out']was found
16:01:23  INFO  manager.MyListener - Start search element by locator-->By.xpath: //a[text()='LOGIN']
16:01:23  INFO  manager.MyListener - The element with locator-->By.xpath: //a[text()='LOGIN']was found
16:01:23  INFO  manager.MyListener - Click on element--->[[ChromeDriver: chrome on WINDOWS (f4223e321ea73232df2e1828074741b7)] -> xpath: //a[text()='LOGIN']]
16:01:23  INFO  manager.MyListener - Start search element by locator-->By.xpath: //input[1]
16:01:23  INFO  manager.MyListener - The element with locator-->By.xpath: //input[1]was found
16:01:23  INFO  manager.MyListener - Click on element--->[[ChromeDriver: chrome on WINDOWS (f4223e321ea73232df2e1828074741b7)] -> xpath: //input[1]]
16:01:23  INFO  manager.MyListener - Start search element by locator-->By.xpath: //input[2]
16:01:23  INFO  manager.MyListener - The element with locator-->By.xpath: //input[2]was found
16:01:23  INFO  manager.MyListener - Click on element--->[[ChromeDriver: chrome on WINDOWS (f4223e321ea73232df2e1828074741b7)] -> xpath: //input[2]]
16:01:24  INFO  manager.MyListener - Start search element by locator-->By.xpath: //button[1]
16:01:24  INFO  manager.MyListener - The element with locator-->By.xpath: //button[1]was found
16:01:24  INFO  manager.MyListener - Click on element--->[[ChromeDriver: chrome on WINDOWS (f4223e321ea73232df2e1828074741b7)] -> xpath: //button[1]]
16:01:24  INFO  manager.MyListener - Start search element by locator-->By.xpath: //div[@class='contact-item_card__2SOIM']
16:01:25  INFO  manager.MyListener - The element with locator-->By.xpath: //div[@class='contact-item_card__2SOIM']was found
16:01:25  INFO  manager.MyListener - Start search element by locator-->By.xpath: //div[@class='contact-item_card__2SOIM']
16:01:25  INFO  manager.MyListener - The element with locator-->By.xpath: //div[@class='contact-item_card__2SOIM']was found
16:01:25  INFO  manager.MyListener - Start search element by locator-->By.xpath: (//div[@class='contact-item_card__2SOIM'])[1]
16:01:25  INFO  manager.MyListener - The element with locator-->By.xpath: (//div[@class='contact-item_card__2SOIM'])[1]was found
16:01:25  INFO  manager.MyListener - Click on element--->[[ChromeDriver: chrome on WINDOWS (f4223e321ea73232df2e1828074741b7)] -> xpath: (//div[@class='contact-item_card__2SOIM'])[1]]
16:01:25  INFO  manager.MyListener - Start search element by locator-->By.xpath: //button[text()='Remove']
16:01:25  INFO  manager.MyListener - The element with locator-->By.xpath: //button[text()='Remove']was found
16:01:25  INFO  manager.MyListener - Click on element--->[[ChromeDriver: chrome on WINDOWS (f4223e321ea73232df2e1828074741b7)] -> xpath: //button[text()='Remove']]
16:01:30  INFO  manager.MyListener - Start search element by locator-->By.xpath: //div[@class='contact-item_card__2SOIM']
16:01:40  INFO  manager.MyListener - The element with locator-->By.xpath: //div[@class='contact-item_card__2SOIM']was found
16:01:40  INFO  manager.MyListener - Start search element by locator-->By.cssSelector: div[class='contact-page_message__2qafk'] h1
16:01:40  INFO  manager.MyListener - The element with locator-->By.cssSelector: div[class='contact-page_message__2qafk'] h1was found
16:01:40  INFO  tests.TestBase - ================================================================
16:01:40  INFO  tests.TestBase - Start test --> removeContact
16:01:40  INFO  manager.MyListener - Start search element by locator-->By.xpath: //button[text()='Sign Out']
16:01:40  INFO  manager.MyListener - The element with locator-->By.xpath: //button[text()='Sign Out']was found
16:01:40  INFO  manager.MyListener - Start search element by locator-->By.xpath: //div[@class='contact-item_card__2SOIM']
16:01:51  INFO  manager.MyListener - The element with locator-->By.xpath: //div[@class='contact-item_card__2SOIM']was found
16:01:51  INFO  manager.MyListener - Start search element by locator-->By.xpath: //a[.='ADD']
16:01:51  INFO  manager.MyListener - The element with locator-->By.xpath: //a[.='ADD']was found
16:01:51  INFO  manager.MyListener - Click on element--->[[ChromeDriver: chrome on WINDOWS (f4223e321ea73232df2e1828074741b7)] -> xpath: //a[.='ADD']]
16:01:51  INFO  manager.MyListener - Start search element by locator-->By.cssSelector: [placeholder='Name']
16:01:51  INFO  manager.MyListener - The element with locator-->By.cssSelector: [placeholder='Name']was found
16:01:51  INFO  manager.MyListener - Click on element--->[[ChromeDriver: chrome on WINDOWS (f4223e321ea73232df2e1828074741b7)] -> css selector: [placeholder='Name']]
16:01:51  INFO  manager.MyListener - Start search element by locator-->By.cssSelector: [placeholder='Last Name']
16:01:51  INFO  manager.MyListener - The element with locator-->By.cssSelector: [placeholder='Last Name']was found
16:01:51  INFO  manager.MyListener - Click on element--->[[ChromeDriver: chrome on WINDOWS (f4223e321ea73232df2e1828074741b7)] -> css selector: [placeholder='Last Name']]
16:01:51  INFO  manager.MyListener - Start search element by locator-->By.cssSelector: [placeholder='Phone']
16:01:51  INFO  manager.MyListener - The element with locator-->By.cssSelector: [placeholder='Phone']was found
16:01:51  INFO  manager.MyListener - Click on element--->[[ChromeDriver: chrome on WINDOWS (f4223e321ea73232df2e1828074741b7)] -> css selector: [placeholder='Phone']]
16:01:51  INFO  manager.MyListener - Start search element by locator-->By.cssSelector: [placeholder='email']
16:01:51  INFO  manager.MyListener - The element with locator-->By.cssSelector: [placeholder='email']was found
16:01:51  INFO  manager.MyListener - Click on element--->[[ChromeDriver: chrome on WINDOWS (f4223e321ea73232df2e1828074741b7)] -> css selector: [placeholder='email']]
16:01:51  INFO  manager.MyListener - Start search element by locator-->By.cssSelector: [placeholder='Address']
16:01:52  INFO  manager.MyListener - The element with locator-->By.cssSelector: [placeholder='Address']was found
16:01:52  INFO  manager.MyListener - Click on element--->[[ChromeDriver: chrome on WINDOWS (f4223e321ea73232df2e1828074741b7)] -> css selector: [placeholder='Address']]
16:01:52  INFO  manager.MyListener - Start search element by locator-->By.cssSelector: [placeholder='description']
16:01:52  INFO  manager.MyListener - The element with locator-->By.cssSelector: [placeholder='description']was found
16:01:52  INFO  manager.MyListener - Click on element--->[[ChromeDriver: chrome on WINDOWS (f4223e321ea73232df2e1828074741b7)] -> css selector: [placeholder='description']]
16:01:52  INFO  manager.MyListener - Start search element by locator-->By.xpath: //button[.='Save']
16:01:52  INFO  manager.MyListener - The element with locator-->By.xpath: //button[.='Save']was found
16:01:52  INFO  manager.MyListener - Click on element--->[[ChromeDriver: chrome on WINDOWS (f4223e321ea73232df2e1828074741b7)] -> xpath: //button[.='Save']]
16:01:55  INFO  manager.MyListener - Start search element by locator-->By.xpath: //a[.='ADD']
16:01:55  INFO  manager.MyListener - The element with locator-->By.xpath: //a[.='ADD']was found
16:01:55  INFO  manager.MyListener - Click on element--->[[ChromeDriver: chrome on WINDOWS (f4223e321ea73232df2e1828074741b7)] -> xpath: //a[.='ADD']]
16:01:55  INFO  manager.MyListener - Start search element by locator-->By.cssSelector: [placeholder='Name']
16:01:55  INFO  manager.MyListener - The element with locator-->By.cssSelector: [placeholder='Name']was found
16:01:55  INFO  manager.MyListener - Click on element--->[[ChromeDriver: chrome on WINDOWS (f4223e321ea73232df2e1828074741b7)] -> css selector: [placeholder='Name']]
16:01:55  INFO  manager.MyListener - Start search element by locator-->By.cssSelector: [placeholder='Last Name']
16:01:55  INFO  manager.MyListener - The element with locator-->By.cssSelector: [placeholder='Last Name']was found
16:01:55  INFO  manager.MyListener - Click on element--->[[ChromeDriver: chrome on WINDOWS (f4223e321ea73232df2e1828074741b7)] -> css selector: [placeholder='Last Name']]
16:01:55  INFO  manager.MyListener - Start search element by locator-->By.cssSelector: [placeholder='Phone']
16:01:55  INFO  manager.MyListener - The element with locator-->By.cssSelector: [placeholder='Phone']was found
16:01:55  INFO  manager.MyListener - Click on element--->[[ChromeDriver: chrome on WINDOWS (f4223e321ea73232df2e1828074741b7)] -> css selector: [placeholder='Phone']]
16:01:56  INFO  manager.MyListener - Start search element by locator-->By.cssSelector: [placeholder='email']
16:01:56  INFO  manager.MyListener - The element with locator-->By.cssSelector: [placeholder='email']was found
16:01:56  INFO  manager.MyListener - Click on element--->[[ChromeDriver: chrome on WINDOWS (f4223e321ea73232df2e1828074741b7)] -> css selector: [placeholder='email']]
16:01:56  INFO  manager.MyListener - Start search element by locator-->By.cssSelector: [placeholder='Address']
16:01:56  INFO  manager.MyListener - The element with locator-->By.cssSelector: [placeholder='Address']was found
16:01:56  INFO  manager.MyListener - Click on element--->[[ChromeDriver: chrome on WINDOWS (f4223e321ea73232df2e1828074741b7)] -> css selector: [placeholder='Address']]
16:01:56  INFO  manager.MyListener - Start search element by locator-->By.cssSelector: [placeholder='description']
16:01:56  INFO  manager.MyListener - The element with locator-->By.cssSelector: [placeholder='description']was found
16:01:56  INFO  manager.MyListener - Click on element--->[[ChromeDriver: chrome on WINDOWS (f4223e321ea73232df2e1828074741b7)] -> css selector: [placeholder='description']]
16:01:56  INFO  manager.MyListener - Start search element by locator-->By.xpath: //button[.='Save']
16:01:56  INFO  manager.MyListener - The element with locator-->By.xpath: //button[.='Save']was found
16:01:56  INFO  manager.MyListener - Click on element--->[[ChromeDriver: chrome on WINDOWS (f4223e321ea73232df2e1828074741b7)] -> xpath: //button[.='Save']]
16:01:59  INFO  manager.MyListener - Start search element by locator-->By.xpath: //a[.='ADD']
16:01:59  INFO  manager.MyListener - The element with locator-->By.xpath: //a[.='ADD']was found
16:01:59  INFO  manager.MyListener - Click on element--->[[ChromeDriver: chrome on WINDOWS (f4223e321ea73232df2e1828074741b7)] -> xpath: //a[.='ADD']]
16:01:59  INFO  manager.MyListener - Start search element by locator-->By.cssSelector: [placeholder='Name']
16:01:59  INFO  manager.MyListener - The element with locator-->By.cssSelector: [placeholder='Name']was found
16:01:59  INFO  manager.MyListener - Click on element--->[[ChromeDriver: chrome on WINDOWS (f4223e321ea73232df2e1828074741b7)] -> css selector: [placeholder='Name']]
16:01:59  INFO  manager.MyListener - Start search element by locator-->By.cssSelector: [placeholder='Last Name']
16:01:59  INFO  manager.MyListener - The element with locator-->By.cssSelector: [placeholder='Last Name']was found
16:01:59  INFO  manager.MyListener - Click on element--->[[ChromeDriver: chrome on WINDOWS (f4223e321ea73232df2e1828074741b7)] -> css selector: [placeholder='Last Name']]
16:02:00  INFO  manager.MyListener - Start search element by locator-->By.cssSelector: [placeholder='Phone']
16:02:00  INFO  manager.MyListener - The element with locator-->By.cssSelector: [placeholder='Phone']was found
16:02:00  INFO  manager.MyListener - Click on element--->[[ChromeDriver: chrome on WINDOWS (f4223e321ea73232df2e1828074741b7)] -> css selector: [placeholder='Phone']]
16:02:00  INFO  manager.MyListener - Start search element by locator-->By.cssSelector: [placeholder='email']
16:02:00  INFO  manager.MyListener - The element with locator-->By.cssSelector: [placeholder='email']was found
16:02:00  INFO  manager.MyListener - Click on element--->[[ChromeDriver: chrome on WINDOWS (f4223e321ea73232df2e1828074741b7)] -> css selector: [placeholder='email']]
16:02:00  INFO  manager.MyListener - Start search element by locator-->By.cssSelector: [placeholder='Address']
16:02:00  INFO  manager.MyListener - The element with locator-->By.cssSelector: [placeholder='Address']was found
16:02:00  INFO  manager.MyListener - Click on element--->[[ChromeDriver: chrome on WINDOWS (f4223e321ea73232df2e1828074741b7)] -> css selector: [placeholder='Address']]
16:02:00  INFO  manager.MyListener - Start search element by locator-->By.cssSelector: [placeholder='description']
16:02:00  INFO  manager.MyListener - The element with locator-->By.cssSelector: [placeholder='description']was found
16:02:00  INFO  manager.MyListener - Click on element--->[[ChromeDriver: chrome on WINDOWS (f4223e321ea73232df2e1828074741b7)] -> css selector: [placeholder='description']]
16:02:00  INFO  manager.MyListener - Start search element by locator-->By.xpath: //button[.='Save']
16:02:00  INFO  manager.MyListener - The element with locator-->By.xpath: //button[.='Save']was found
16:02:00  INFO  manager.MyListener - Click on element--->[[ChromeDriver: chrome on WINDOWS (f4223e321ea73232df2e1828074741b7)] -> xpath: //button[.='Save']]
16:02:03  INFO  manager.MyListener - Start search element by locator-->By.xpath: //a[.='ADD']
16:02:03  INFO  manager.MyListener - The element with locator-->By.xpath: //a[.='ADD']was found
16:02:03  INFO  manager.MyListener - Click on element--->[[ChromeDriver: chrome on WINDOWS (f4223e321ea73232df2e1828074741b7)] -> xpath: //a[.='ADD']]
16:02:03  INFO  manager.MyListener - Start search element by locator-->By.cssSelector: [placeholder='Name']
16:02:03  INFO  manager.MyListener - The element with locator-->By.cssSelector: [placeholder='Name']was found
16:02:03  INFO  manager.MyListener - Click on element--->[[ChromeDriver: chrome on WINDOWS (f4223e321ea73232df2e1828074741b7)] -> css selector: [placeholder='Name']]
16:02:04  INFO  manager.MyListener - Start search element by locator-->By.cssSelector: [placeholder='Last Name']
16:02:04  INFO  manager.MyListener - The element with locator-->By.cssSelector: [placeholder='Last Name']was found
16:02:04  INFO  manager.MyListener - Click on element--->[[ChromeDriver: chrome on WINDOWS (f4223e321ea73232df2e1828074741b7)] -> css selector: [placeholder='Last Name']]
16:02:04  INFO  manager.MyListener - Start search element by locator-->By.cssSelector: [placeholder='Phone']
16:02:04  INFO  manager.MyListener - The element with locator-->By.cssSelector: [placeholder='Phone']was found
16:02:04  INFO  manager.MyListener - Click on element--->[[ChromeDriver: chrome on WINDOWS (f4223e321ea73232df2e1828074741b7)] -> css selector: [placeholder='Phone']]
16:02:04  INFO  manager.MyListener - Start search element by locator-->By.cssSelector: [placeholder='email']
16:02:04  INFO  manager.MyListener - The element with locator-->By.cssSelector: [placeholder='email']was found
16:02:04  INFO  manager.MyListener - Click on element--->[[ChromeDriver: chrome on WINDOWS (f4223e321ea73232df2e1828074741b7)] -> css selector: [placeholder='email']]
16:02:04  INFO  manager.MyListener - Start search element by locator-->By.cssSelector: [placeholder='Address']
16:02:04  INFO  manager.MyListener - The element with locator-->By.cssSelector: [placeholder='Address']was found
16:02:04  INFO  manager.MyListener - Click on element--->[[ChromeDriver: chrome on WINDOWS (f4223e321ea73232df2e1828074741b7)] -> css selector: [placeholder='Address']]
16:02:04  INFO  manager.MyListener - Start search element by locator-->By.cssSelector: [placeholder='description']
16:02:04  INFO  manager.MyListener - The element with locator-->By.cssSelector: [placeholder='description']was found
16:02:04  INFO  manager.MyListener - Click on element--->[[ChromeDriver: chrome on WINDOWS (f4223e321ea73232df2e1828074741b7)] -> css selector: [placeholder='description']]
16:02:04  INFO  manager.MyListener - Start search element by locator-->By.xpath: //button[.='Save']
16:02:04  INFO  manager.MyListener - The element with locator-->By.xpath: //button[.='Save']was found
16:02:04  INFO  manager.MyListener - Click on element--->[[ChromeDriver: chrome on WINDOWS (f4223e321ea73232df2e1828074741b7)] -> xpath: //button[.='Save']]
16:02:07  INFO  manager.MyListener - Start search element by locator-->By.xpath: //div[@class='contact-item_card__2SOIM']
16:02:07  INFO  manager.MyListener - The element with locator-->By.xpath: //div[@class='contact-item_card__2SOIM']was found
16:02:07  INFO  manager.MyListener - Start search element by locator-->By.xpath: (//div[@class='contact-item_card__2SOIM'])[1]
16:02:08  INFO  manager.MyListener - The element with locator-->By.xpath: (//div[@class='contact-item_card__2SOIM'])[1]was found
16:02:08  INFO  manager.MyListener - Click on element--->[[ChromeDriver: chrome on WINDOWS (f4223e321ea73232df2e1828074741b7)] -> xpath: (//div[@class='contact-item_card__2SOIM'])[1]]
16:02:08  INFO  manager.MyListener - Start search element by locator-->By.xpath: //button[text()='Remove']
16:02:08  INFO  manager.MyListener - The element with locator-->By.xpath: //button[text()='Remove']was found
16:02:08  INFO  manager.MyListener - Click on element--->[[ChromeDriver: chrome on WINDOWS (f4223e321ea73232df2e1828074741b7)] -> xpath: //button[text()='Remove']]
16:02:11  INFO  manager.MyListener - Start search element by locator-->By.xpath: //div[@class='contact-item_card__2SOIM']
16:02:11  INFO  manager.MyListener - The element with locator-->By.xpath: //div[@class='contact-item_card__2SOIM']was found
16:02:11  INFO  tests.TestBase - ================================================================
