15:55:47  INFO  manager.ApplicationManager - Tests starts on Chrome Driver
15:55:48  INFO  tests.TestBase - Start test --> removeAllContacts
15:55:48  INFO  manager.MyListener - Start search element by locator-->By.xpath: //button[text()='Sign Out']
15:55:58  INFO  manager.MyListener - The element with locator-->By.xpath: //button[text()='Sign Out']was found
15:55:58  INFO  manager.MyListener - Start search element by locator-->By.xpath: //a[text()='LOGIN']
15:55:58  INFO  manager.MyListener - The element with locator-->By.xpath: //a[text()='LOGIN']was found
15:55:59  INFO  manager.MyListener - Click on element--->[[ChromeDriver: chrome on WINDOWS (18099f44b61fcef79de9efcf7aa127d9)] -> xpath: //a[text()='LOGIN']]
15:55:59  INFO  manager.MyListener - Start search element by locator-->By.xpath: //input[1]
15:55:59  INFO  manager.MyListener - The element with locator-->By.xpath: //input[1]was found
15:55:59  INFO  manager.MyListener - Click on element--->[[ChromeDriver: chrome on WINDOWS (18099f44b61fcef79de9efcf7aa127d9)] -> xpath: //input[1]]
15:55:59  INFO  manager.MyListener - Start search element by locator-->By.xpath: //input[2]
15:55:59  INFO  manager.MyListener - The element with locator-->By.xpath: //input[2]was found
15:55:59  INFO  manager.MyListener - Click on element--->[[ChromeDriver: chrome on WINDOWS (18099f44b61fcef79de9efcf7aa127d9)] -> xpath: //input[2]]
15:55:59  INFO  manager.MyListener - Start search element by locator-->By.xpath: //button[1]
15:55:59  INFO  manager.MyListener - The element with locator-->By.xpath: //button[1]was found
15:55:59  INFO  manager.MyListener - Click on element--->[[ChromeDriver: chrome on WINDOWS (18099f44b61fcef79de9efcf7aa127d9)] -> xpath: //button[1]]
15:55:59  INFO  manager.MyListener - Start search element by locator-->By.xpath: //div[@class='contact-item_card__2SOIM']
15:56:00  INFO  manager.MyListener - The element with locator-->By.xpath: //div[@class='contact-item_card__2SOIM']was found
15:56:00  INFO  manager.MyListener - Start search element by locator-->By.xpath: //div[@class='contact-item_card__2SOIM']
15:56:00  INFO  manager.MyListener - The element with locator-->By.xpath: //div[@class='contact-item_card__2SOIM']was found
15:56:00  INFO  manager.MyListener - Start search element by locator-->By.xpath: (//div[@class='contact-item_card__2SOIM'])[1]
15:56:00  INFO  manager.MyListener - The element with locator-->By.xpath: (//div[@class='contact-item_card__2SOIM'])[1]was found
15:56:00  INFO  manager.MyListener - Click on element--->[[ChromeDriver: chrome on WINDOWS (18099f44b61fcef79de9efcf7aa127d9)] -> xpath: (//div[@class='contact-item_card__2SOIM'])[1]]
15:56:00  INFO  manager.MyListener - Start search element by locator-->By.xpath: //button[text()='Remove']
15:56:00  INFO  manager.MyListener - The element with locator-->By.xpath: //button[text()='Remove']was found
15:56:00  INFO  manager.MyListener - Click on element--->[[ChromeDriver: chrome on WINDOWS (18099f44b61fcef79de9efcf7aa127d9)] -> xpath: //button[text()='Remove']]
15:56:05  INFO  manager.MyListener - Start search element by locator-->By.xpath: //div[@class='contact-item_card__2SOIM']
15:56:16  INFO  manager.MyListener - The element with locator-->By.xpath: //div[@class='contact-item_card__2SOIM']was found
15:56:16  INFO  manager.MyListener - Start search element by locator-->By.cssSelector: div[class='contact-page_message__2qafk'] h1
15:56:16  INFO  manager.MyListener - The element with locator-->By.cssSelector: div[class='contact-page_message__2qafk'] h1was found
15:56:16  INFO  tests.TestBase - ================================================================
15:56:16  INFO  tests.TestBase - Start test --> removeContact
15:56:16  INFO  manager.MyListener - Start search element by locator-->By.xpath: //button[text()='Sign Out']
15:56:16  INFO  manager.MyListener - The element with locator-->By.xpath: //button[text()='Sign Out']was found
15:56:16  INFO  manager.MyListener - Start search element by locator-->By.xpath: //div[@class='contact-item_card__2SOIM']
15:56:26  INFO  manager.MyListener - The element with locator-->By.xpath: //div[@class='contact-item_card__2SOIM']was found
15:56:26  INFO  manager.MyListener - Start search element by locator-->By.xpath: //a[.='ADD']
15:56:26  INFO  manager.MyListener - The element with locator-->By.xpath: //a[.='ADD']was found
15:56:26  INFO  manager.MyListener - Click on element--->[[ChromeDriver: chrome on WINDOWS (18099f44b61fcef79de9efcf7aa127d9)] -> xpath: //a[.='ADD']]
15:56:26  INFO  manager.MyListener - Start search element by locator-->By.cssSelector: [placeholder='Name']
15:56:26  INFO  manager.MyListener - The element with locator-->By.cssSelector: [placeholder='Name']was found
15:56:26  INFO  manager.MyListener - Click on element--->[[ChromeDriver: chrome on WINDOWS (18099f44b61fcef79de9efcf7aa127d9)] -> css selector: [placeholder='Name']]
15:56:26  INFO  manager.MyListener - Start search element by locator-->By.cssSelector: [placeholder='Last Name']
15:56:26  INFO  manager.MyListener - The element with locator-->By.cssSelector: [placeholder='Last Name']was found
15:56:26  INFO  manager.MyListener - Click on element--->[[ChromeDriver: chrome on WINDOWS (18099f44b61fcef79de9efcf7aa127d9)] -> css selector: [placeholder='Last Name']]
15:56:26  INFO  manager.MyListener - Start search element by locator-->By.cssSelector: [placeholder='Phone']
15:56:26  INFO  manager.MyListener - The element with locator-->By.cssSelector: [placeholder='Phone']was found
15:56:26  INFO  manager.MyListener - Click on element--->[[ChromeDriver: chrome on WINDOWS (18099f44b61fcef79de9efcf7aa127d9)] -> css selector: [placeholder='Phone']]
15:56:26  INFO  manager.MyListener - Start search element by locator-->By.cssSelector: [placeholder='email']
15:56:26  INFO  manager.MyListener - The element with locator-->By.cssSelector: [placeholder='email']was found
15:56:26  INFO  manager.MyListener - Click on element--->[[ChromeDriver: chrome on WINDOWS (18099f44b61fcef79de9efcf7aa127d9)] -> css selector: [placeholder='email']]
15:56:27  INFO  manager.MyListener - Start search element by locator-->By.cssSelector: [placeholder='Address']
15:56:27  INFO  manager.MyListener - The element with locator-->By.cssSelector: [placeholder='Address']was found
15:56:27  INFO  manager.MyListener - Click on element--->[[ChromeDriver: chrome on WINDOWS (18099f44b61fcef79de9efcf7aa127d9)] -> css selector: [placeholder='Address']]
15:56:27  INFO  manager.MyListener - Start search element by locator-->By.cssSelector: [placeholder='description']
15:56:27  INFO  manager.MyListener - The element with locator-->By.cssSelector: [placeholder='description']was found
15:56:27  INFO  manager.MyListener - Click on element--->[[ChromeDriver: chrome on WINDOWS (18099f44b61fcef79de9efcf7aa127d9)] -> css selector: [placeholder='description']]
15:56:27  INFO  manager.MyListener - Start search element by locator-->By.xpath: //button[.='Save']
15:56:27  INFO  manager.MyListener - The element with locator-->By.xpath: //button[.='Save']was found
15:56:27  INFO  manager.MyListener - Click on element--->[[ChromeDriver: chrome on WINDOWS (18099f44b61fcef79de9efcf7aa127d9)] -> xpath: //button[.='Save']]
15:56:27  INFO  manager.MyListener - Start search element by locator-->By.xpath: //a[.='ADD']
15:56:27  INFO  manager.MyListener - The element with locator-->By.xpath: //a[.='ADD']was found
15:56:27  INFO  manager.MyListener - Click on element--->[[ChromeDriver: chrome on WINDOWS (18099f44b61fcef79de9efcf7aa127d9)] -> xpath: //a[.='ADD']]
15:56:27  INFO  manager.MyListener - Start search element by locator-->By.cssSelector: [placeholder='Name']
15:56:27  INFO  manager.MyListener - The element with locator-->By.cssSelector: [placeholder='Name']was found
15:56:27  INFO  manager.MyListener - Click on element--->[[ChromeDriver: chrome on WINDOWS (18099f44b61fcef79de9efcf7aa127d9)] -> css selector: [placeholder='Name']]
15:56:27  INFO  manager.MyListener - Start search element by locator-->By.cssSelector: [placeholder='Last Name']
15:56:27  INFO  manager.MyListener - The element with locator-->By.cssSelector: [placeholder='Last Name']was found
15:56:27  INFO  manager.MyListener - Click on element--->[[ChromeDriver: chrome on WINDOWS (18099f44b61fcef79de9efcf7aa127d9)] -> css selector: [placeholder='Last Name']]
15:56:27  INFO  manager.MyListener - Something went wrong!!!
15:56:27  INFO  manager.MyListener - org.openqa.selenium.StaleElementReferenceException: stale element reference: element is not attached to the page document
  (Session info: chrome=95.0.4638.54)
For documentation on this error, please visit: https://www.seleniumhq.org/exceptions/stale_element_reference.html
Build info: version: '3.141.59', revision: 'e82be7d358', time: '2018-11-14T08:17:03'
System info: host: 'DESKTOP-LB14E35', ip: '172.20.10.10', os.name: 'Windows 10', os.arch: 'amd64', os.version: '10.0', java.version: '1.8.0_301'
Driver info: org.openqa.selenium.chrome.ChromeDriver
Capabilities {acceptInsecureCerts: false, browserName: chrome, browserVersion: 95.0.4638.54, chrome: {chromedriverVersion: 94.0.4606.61 (418b78f5838ed..., userDataDir: C:\Users\Inga\AppData\Local...}, goog:chromeOptions: {debuggerAddress: localhost:54452}, javascriptEnabled: true, networkConnectionEnabled: false, pageLoadStrategy: normal, platform: WINDOWS, platformName: WINDOWS, proxy: Proxy(), setWindowRect: true, strictFileInteractability: false, timeouts: {implicit: 0, pageLoad: 300000, script: 30000}, unhandledPromptBehavior: dismiss and notify, webauthn:extension:credBlob: true, webauthn:extension:largeBlob: true, webauthn:virtualAuthenticators: true}
Session ID: 18099f44b61fcef79de9efcf7aa127d9
15:56:28  INFO  manager.MyListener - This link to screenshot with error --->src/test/screenshots/screenshot-3387.png
